ARM GAS  C:\Users\wxpwx\AppData\Local\Temp\ccoNdj4q.s 			page 1


   1              		.cpu cortex-m3
   2              		.arch armv7-m
   3              		.fpu softvfp
   4              		.eabi_attribute 20, 1
   5              		.eabi_attribute 21, 1
   6              		.eabi_attribute 23, 3
   7              		.eabi_attribute 24, 1
   8              		.eabi_attribute 25, 1
   9              		.eabi_attribute 26, 1
  10              		.eabi_attribute 30, 1
  11              		.eabi_attribute 34, 1
  12              		.eabi_attribute 18, 4
  13              		.file	"lab_exti.c"
  14              		.text
  15              		.section	.text.NVIC_EXTI_Configuration,"ax",%progbits
  16              		.align	1
  17              		.global	NVIC_EXTI_Configuration
  18              		.syntax unified
  19              		.thumb
  20              		.thumb_func
  22              	NVIC_EXTI_Configuration:
  23              		@ args = 0, pretend = 0, frame = 8
  24              		@ frame_needed = 0, uses_anonymous_args = 0
  25 0000 00B5     		push	{lr}
  26 0002 83B0     		sub	sp, sp, #12
  27 0004 1723     		movs	r3, #23
  28 0006 8DF80430 		strb	r3, [sp, #4]
  29 000a 0123     		movs	r3, #1
  30 000c 8DF80530 		strb	r3, [sp, #5]
  31 0010 8DF80630 		strb	r3, [sp, #6]
  32 0014 8DF80730 		strb	r3, [sp, #7]
  33 0018 01A8     		add	r0, sp, #4
  34 001a FFF7FEFF 		bl	NVIC_Init
  35 001e 2823     		movs	r3, #40
  36 0020 8DF80430 		strb	r3, [sp, #4]
  37 0024 01A8     		add	r0, sp, #4
  38 0026 FFF7FEFF 		bl	NVIC_Init
  39 002a 03B0     		add	sp, sp, #12
  40              		@ sp needed
  41 002c 5DF804FB 		ldr	pc, [sp], #4
  43              		.section	.text.EXTI_Configuration,"ax",%progbits
  44              		.align	1
  45              		.global	EXTI_Configuration
  46              		.syntax unified
  47              		.thumb
  48              		.thumb_func
  50              	EXTI_Configuration:
  51              		@ args = 0, pretend = 0, frame = 16
  52              		@ frame_needed = 0, uses_anonymous_args = 0
  53 0000 2DE9F041 		push	{r4, r5, r6, r7, r8, lr}
  54 0004 84B0     		sub	sp, sp, #16
  55 0006 0121     		movs	r1, #1
  56 0008 1520     		movs	r0, #21
  57 000a FFF7FEFF 		bl	RCC_APB2PeriphClockCmd
  58 000e 2024     		movs	r4, #32
  59 0010 ADF80440 		strh	r4, [sp, #4]	@ movhi
  60 0014 4FF04808 		mov	r8, #72
ARM GAS  C:\Users\wxpwx\AppData\Local\Temp\ccoNdj4q.s 			page 2


  61 0018 8DF80780 		strb	r8, [sp, #7]
  62 001c 01A9     		add	r1, sp, #4
  63 001e 1848     		ldr	r0, .L5
  64 0020 FFF7FEFF 		bl	GPIO_Init
  65 0024 0521     		movs	r1, #5
  66 0026 0220     		movs	r0, #2
  67 0028 FFF7FEFF 		bl	GPIO_EXTILineConfig
  68 002c 0294     		str	r4, [sp, #8]
  69 002e 0024     		movs	r4, #0
  70 0030 8DF80C40 		strb	r4, [sp, #12]
  71 0034 0826     		movs	r6, #8
  72 0036 8DF80D60 		strb	r6, [sp, #13]
  73 003a 0125     		movs	r5, #1
  74 003c 8DF80E50 		strb	r5, [sp, #14]
  75 0040 0DEB0600 		add	r0, sp, r6
  76 0044 FFF7FEFF 		bl	EXTI_Init
  77 0048 4FF40047 		mov	r7, #32768
  78 004c ADF80470 		strh	r7, [sp, #4]	@ movhi
  79 0050 8DF80780 		strb	r8, [sp, #7]
  80 0054 01A9     		add	r1, sp, #4
  81 0056 0B48     		ldr	r0, .L5+4
  82 0058 FFF7FEFF 		bl	GPIO_Init
  83 005c 0F21     		movs	r1, #15
  84 005e 2046     		mov	r0, r4
  85 0060 FFF7FEFF 		bl	GPIO_EXTILineConfig
  86 0064 0297     		str	r7, [sp, #8]
  87 0066 8DF80C40 		strb	r4, [sp, #12]
  88 006a 8DF80D60 		strb	r6, [sp, #13]
  89 006e 8DF80E50 		strb	r5, [sp, #14]
  90 0072 0DEB0600 		add	r0, sp, r6
  91 0076 FFF7FEFF 		bl	EXTI_Init
  92 007a 04B0     		add	sp, sp, #16
  93              		@ sp needed
  94 007c BDE8F081 		pop	{r4, r5, r6, r7, r8, pc}
  95              	.L6:
  96              		.align	2
  97              	.L5:
  98 0080 00100140 		.word	1073811456
  99 0084 00080140 		.word	1073809408
 101              		.section	.text.EXTI9_5_IRQHandler,"ax",%progbits
 102              		.align	1
 103              		.global	EXTI9_5_IRQHandler
 104              		.syntax unified
 105              		.thumb
 106              		.thumb_func
 108              	EXTI9_5_IRQHandler:
 109              		@ args = 0, pretend = 0, frame = 0
 110              		@ frame_needed = 0, uses_anonymous_args = 0
 111 0000 08B5     		push	{r3, lr}
 112 0002 2020     		movs	r0, #32
 113 0004 FFF7FEFF 		bl	EXTI_GetFlagStatus
 114 0008 00B9     		cbnz	r0, .L10
 115              	.L7:
 116 000a 08BD     		pop	{r3, pc}
 117              	.L10:
 118 000c 044A     		ldr	r2, .L11
 119 000e D368     		ldr	r3, [r2, #12]
ARM GAS  C:\Users\wxpwx\AppData\Local\Temp\ccoNdj4q.s 			page 3


 120 0010 83F48073 		eor	r3, r3, #256
 121 0014 D360     		str	r3, [r2, #12]
 122 0016 2020     		movs	r0, #32
 123 0018 FFF7FEFF 		bl	EXTI_ClearITPendingBit
 124 001c F5E7     		b	.L7
 125              	.L12:
 126 001e 00BF     		.align	2
 127              	.L11:
 128 0020 00080140 		.word	1073809408
 130              		.section	.text.EXTI15_10_IRQHandler,"ax",%progbits
 131              		.align	1
 132              		.global	EXTI15_10_IRQHandler
 133              		.syntax unified
 134              		.thumb
 135              		.thumb_func
 137              	EXTI15_10_IRQHandler:
 138              		@ args = 0, pretend = 0, frame = 0
 139              		@ frame_needed = 0, uses_anonymous_args = 0
 140 0000 08B5     		push	{r3, lr}
 141 0002 4FF40040 		mov	r0, #32768
 142 0006 FFF7FEFF 		bl	EXTI_GetFlagStatus
 143 000a 00B9     		cbnz	r0, .L16
 144              	.L13:
 145 000c 08BD     		pop	{r3, pc}
 146              	.L16:
 147 000e 054A     		ldr	r2, .L17
 148 0010 D368     		ldr	r3, [r2, #12]
 149 0012 83F48073 		eor	r3, r3, #256
 150 0016 D360     		str	r3, [r2, #12]
 151 0018 4FF40040 		mov	r0, #32768
 152 001c FFF7FEFF 		bl	EXTI_ClearITPendingBit
 153 0020 F4E7     		b	.L13
 154              	.L18:
 155 0022 00BF     		.align	2
 156              	.L17:
 157 0024 00080140 		.word	1073809408
 159              		.ident	"GCC: (GNU Arm Embedded Toolchain 10.3-2021.10) 10.3.1 20210824 (release)"
ARM GAS  C:\Users\wxpwx\AppData\Local\Temp\ccoNdj4q.s 			page 4


DEFINED SYMBOLS
                            *ABS*:00000000 lab_exti.c
C:\Users\wxpwx\AppData\Local\Temp\ccoNdj4q.s:16     .text.NVIC_EXTI_Configuration:00000000 $t
C:\Users\wxpwx\AppData\Local\Temp\ccoNdj4q.s:22     .text.NVIC_EXTI_Configuration:00000000 NVIC_EXTI_Configuration
C:\Users\wxpwx\AppData\Local\Temp\ccoNdj4q.s:44     .text.EXTI_Configuration:00000000 $t
C:\Users\wxpwx\AppData\Local\Temp\ccoNdj4q.s:50     .text.EXTI_Configuration:00000000 EXTI_Configuration
C:\Users\wxpwx\AppData\Local\Temp\ccoNdj4q.s:98     .text.EXTI_Configuration:00000080 $d
C:\Users\wxpwx\AppData\Local\Temp\ccoNdj4q.s:102    .text.EXTI9_5_IRQHandler:00000000 $t
C:\Users\wxpwx\AppData\Local\Temp\ccoNdj4q.s:108    .text.EXTI9_5_IRQHandler:00000000 EXTI9_5_IRQHandler
C:\Users\wxpwx\AppData\Local\Temp\ccoNdj4q.s:128    .text.EXTI9_5_IRQHandler:00000020 $d
C:\Users\wxpwx\AppData\Local\Temp\ccoNdj4q.s:131    .text.EXTI15_10_IRQHandler:00000000 $t
C:\Users\wxpwx\AppData\Local\Temp\ccoNdj4q.s:137    .text.EXTI15_10_IRQHandler:00000000 EXTI15_10_IRQHandler
C:\Users\wxpwx\AppData\Local\Temp\ccoNdj4q.s:157    .text.EXTI15_10_IRQHandler:00000024 $d

UNDEFINED SYMBOLS
NVIC_Init
RCC_APB2PeriphClockCmd
GPIO_Init
GPIO_EXTILineConfig
EXTI_Init
EXTI_GetFlagStatus
EXTI_ClearITPendingBit
