ARM GAS  C:\Users\wxpwx\AppData\Local\Temp\ccctJJVK.s 			page 1


   1              		.cpu cortex-m3
   2              		.arch armv7-m
   3              		.fpu softvfp
   4              		.eabi_attribute 20, 1
   5              		.eabi_attribute 21, 1
   6              		.eabi_attribute 23, 3
   7              		.eabi_attribute 24, 1
   8              		.eabi_attribute 25, 1
   9              		.eabi_attribute 26, 1
  10              		.eabi_attribute 30, 1
  11              		.eabi_attribute 34, 1
  12              		.eabi_attribute 18, 4
  13              		.file	"led.c"
  14              		.text
  15              		.section	.text.LedInit,"ax",%progbits
  16              		.align	1
  17              		.global	LedInit
  18              		.syntax unified
  19              		.thumb
  20              		.thumb_func
  22              	LedInit:
  23              		@ args = 0, pretend = 0, frame = 8
  24              		@ frame_needed = 0, uses_anonymous_args = 0
  25 0000 30B5     		push	{r4, r5, lr}
  26 0002 83B0     		sub	sp, sp, #12
  27 0004 0121     		movs	r1, #1
  28 0006 2420     		movs	r0, #36
  29 0008 FFF7FEFF 		bl	RCC_APB2PeriphClockCmd
  30 000c 1023     		movs	r3, #16
  31 000e 8DF80730 		strb	r3, [sp, #7]
  32 0012 4FF48075 		mov	r5, #256
  33 0016 ADF80450 		strh	r5, [sp, #4]	@ movhi
  34 001a 0323     		movs	r3, #3
  35 001c 8DF80630 		strb	r3, [sp, #6]
  36 0020 0C4C     		ldr	r4, .L3
  37 0022 01A9     		add	r1, sp, #4
  38 0024 2046     		mov	r0, r4
  39 0026 FFF7FEFF 		bl	GPIO_Init
  40 002a 2946     		mov	r1, r5
  41 002c 2046     		mov	r0, r4
  42 002e FFF7FEFF 		bl	GPIO_SetBits
  43 0032 0425     		movs	r5, #4
  44 0034 ADF80450 		strh	r5, [sp, #4]	@ movhi
  45 0038 04F54064 		add	r4, r4, #3072
  46 003c 0DEB0501 		add	r1, sp, r5
  47 0040 2046     		mov	r0, r4
  48 0042 FFF7FEFF 		bl	GPIO_Init
  49 0046 2946     		mov	r1, r5
  50 0048 2046     		mov	r0, r4
  51 004a FFF7FEFF 		bl	GPIO_SetBits
  52 004e 03B0     		add	sp, sp, #12
  53              		@ sp needed
  54 0050 30BD     		pop	{r4, r5, pc}
  55              	.L4:
  56 0052 00BF     		.align	2
  57              	.L3:
  58 0054 00080140 		.word	1073809408
ARM GAS  C:\Users\wxpwx\AppData\Local\Temp\ccctJJVK.s 			page 2


  60              		.ident	"GCC: (GNU Arm Embedded Toolchain 10.3-2021.10) 10.3.1 20210824 (release)"
ARM GAS  C:\Users\wxpwx\AppData\Local\Temp\ccctJJVK.s 			page 3


DEFINED SYMBOLS
                            *ABS*:00000000 led.c
C:\Users\wxpwx\AppData\Local\Temp\ccctJJVK.s:16     .text.LedInit:00000000 $t
C:\Users\wxpwx\AppData\Local\Temp\ccctJJVK.s:22     .text.LedInit:00000000 LedInit
C:\Users\wxpwx\AppData\Local\Temp\ccctJJVK.s:58     .text.LedInit:00000054 $d

UNDEFINED SYMBOLS
RCC_APB2PeriphClockCmd
GPIO_Init
GPIO_SetBits
