ARM GAS  C:\Users\wxpwx\AppData\Local\Temp\ccuFJA6s.s 			page 1


   1              		.cpu cortex-m3
   2              		.arch armv7-m
   3              		.fpu softvfp
   4              		.eabi_attribute 20, 1
   5              		.eabi_attribute 21, 1
   6              		.eabi_attribute 23, 3
   7              		.eabi_attribute 24, 1
   8              		.eabi_attribute 25, 1
   9              		.eabi_attribute 26, 1
  10              		.eabi_attribute 30, 1
  11              		.eabi_attribute 34, 1
  12              		.eabi_attribute 18, 4
  13              		.file	"misc.c"
  14              		.text
  15              		.section	.text.NVIC_PriorityGroupConfig,"ax",%progbits
  16              		.align	1
  17              		.global	NVIC_PriorityGroupConfig
  18              		.syntax unified
  19              		.thumb
  20              		.thumb_func
  22              	NVIC_PriorityGroupConfig:
  23              		@ args = 0, pretend = 0, frame = 0
  24              		@ frame_needed = 0, uses_anonymous_args = 0
  25              		@ link register save eliminated.
  26 0000 40F0BF60 		orr	r0, r0, #100139008
  27 0004 40F40030 		orr	r0, r0, #131072
  28 0008 014B     		ldr	r3, .L2
  29 000a D860     		str	r0, [r3, #12]
  30 000c 7047     		bx	lr
  31              	.L3:
  32 000e 00BF     		.align	2
  33              	.L2:
  34 0010 00ED00E0 		.word	-536810240
  36              		.section	.text.NVIC_Init,"ax",%progbits
  37              		.align	1
  38              		.global	NVIC_Init
  39              		.syntax unified
  40              		.thumb
  41              		.thumb_func
  43              	NVIC_Init:
  44              		@ args = 0, pretend = 0, frame = 0
  45              		@ frame_needed = 0, uses_anonymous_args = 0
  46              		@ link register save eliminated.
  47 0000 C378     		ldrb	r3, [r0, #3]	@ zero_extendqisi2
  48 0002 FBB1     		cbz	r3, .L5
  49 0004 154B     		ldr	r3, .L7
  50 0006 DA68     		ldr	r2, [r3, #12]
  51 0008 D243     		mvns	r2, r2
  52 000a C2F30222 		ubfx	r2, r2, #8, #3
  53 000e C2F1040C 		rsb	ip, r2, #4
  54 0012 0F23     		movs	r3, #15
  55 0014 23FA02F2 		lsr	r2, r3, r2
  56 0018 4178     		ldrb	r1, [r0, #1]	@ zero_extendqisi2
  57 001a 01FA0CF1 		lsl	r1, r1, ip
  58 001e 8378     		ldrb	r3, [r0, #2]	@ zero_extendqisi2
  59 0020 1340     		ands	r3, r3, r2
  60 0022 0B43     		orrs	r3, r3, r1
ARM GAS  C:\Users\wxpwx\AppData\Local\Temp\ccuFJA6s.s 			page 2


  61 0024 1B01     		lsls	r3, r3, #4
  62 0026 0278     		ldrb	r2, [r0]	@ zero_extendqisi2
  63 0028 DBB2     		uxtb	r3, r3
  64 002a 0D49     		ldr	r1, .L7+4
  65 002c 0A44     		add	r2, r2, r1
  66 002e 82F80033 		strb	r3, [r2, #768]
  67 0032 0378     		ldrb	r3, [r0]	@ zero_extendqisi2
  68 0034 03F01F00 		and	r0, r3, #31
  69 0038 5B09     		lsrs	r3, r3, #5
  70 003a 0122     		movs	r2, #1
  71 003c 8240     		lsls	r2, r2, r0
  72 003e 41F82320 		str	r2, [r1, r3, lsl #2]
  73 0042 7047     		bx	lr
  74              	.L5:
  75 0044 0378     		ldrb	r3, [r0]	@ zero_extendqisi2
  76 0046 03F01F01 		and	r1, r3, #31
  77 004a 5B09     		lsrs	r3, r3, #5
  78 004c 0122     		movs	r2, #1
  79 004e 8A40     		lsls	r2, r2, r1
  80 0050 2033     		adds	r3, r3, #32
  81 0052 0349     		ldr	r1, .L7+4
  82 0054 41F82320 		str	r2, [r1, r3, lsl #2]
  83 0058 7047     		bx	lr
  84              	.L8:
  85 005a 00BF     		.align	2
  86              	.L7:
  87 005c 00ED00E0 		.word	-536810240
  88 0060 00E100E0 		.word	-536813312
  90              		.section	.text.NVIC_SetVectorTable,"ax",%progbits
  91              		.align	1
  92              		.global	NVIC_SetVectorTable
  93              		.syntax unified
  94              		.thumb
  95              		.thumb_func
  97              	NVIC_SetVectorTable:
  98              		@ args = 0, pretend = 0, frame = 0
  99              		@ frame_needed = 0, uses_anonymous_args = 0
 100              		@ link register save eliminated.
 101 0000 21F06041 		bic	r1, r1, #-536870912
 102 0004 21F07F01 		bic	r1, r1, #127
 103 0008 0143     		orrs	r1, r1, r0
 104 000a 014B     		ldr	r3, .L10
 105 000c 9960     		str	r1, [r3, #8]
 106 000e 7047     		bx	lr
 107              	.L11:
 108              		.align	2
 109              	.L10:
 110 0010 00ED00E0 		.word	-536810240
 112              		.section	.text.NVIC_SystemLPConfig,"ax",%progbits
 113              		.align	1
 114              		.global	NVIC_SystemLPConfig
 115              		.syntax unified
 116              		.thumb
 117              		.thumb_func
 119              	NVIC_SystemLPConfig:
 120              		@ args = 0, pretend = 0, frame = 0
 121              		@ frame_needed = 0, uses_anonymous_args = 0
ARM GAS  C:\Users\wxpwx\AppData\Local\Temp\ccuFJA6s.s 			page 3


 122              		@ link register save eliminated.
 123 0000 21B1     		cbz	r1, .L13
 124 0002 054B     		ldr	r3, .L15
 125 0004 1A69     		ldr	r2, [r3, #16]
 126 0006 1043     		orrs	r0, r0, r2
 127 0008 1861     		str	r0, [r3, #16]
 128 000a 7047     		bx	lr
 129              	.L13:
 130 000c 024A     		ldr	r2, .L15
 131 000e 1369     		ldr	r3, [r2, #16]
 132 0010 23EA0000 		bic	r0, r3, r0
 133 0014 1061     		str	r0, [r2, #16]
 134 0016 7047     		bx	lr
 135              	.L16:
 136              		.align	2
 137              	.L15:
 138 0018 00ED00E0 		.word	-536810240
 140              		.section	.text.SysTick_CLKSourceConfig,"ax",%progbits
 141              		.align	1
 142              		.global	SysTick_CLKSourceConfig
 143              		.syntax unified
 144              		.thumb
 145              		.thumb_func
 147              	SysTick_CLKSourceConfig:
 148              		@ args = 0, pretend = 0, frame = 0
 149              		@ frame_needed = 0, uses_anonymous_args = 0
 150              		@ link register save eliminated.
 151 0000 0428     		cmp	r0, #4
 152 0002 06D0     		beq	.L20
 153 0004 4FF0E022 		mov	r2, #-536813568
 154 0008 1369     		ldr	r3, [r2, #16]
 155 000a 23F00403 		bic	r3, r3, #4
 156 000e 1361     		str	r3, [r2, #16]
 157 0010 7047     		bx	lr
 158              	.L20:
 159 0012 4FF0E022 		mov	r2, #-536813568
 160 0016 1369     		ldr	r3, [r2, #16]
 161 0018 43F00403 		orr	r3, r3, #4
 162 001c 1361     		str	r3, [r2, #16]
 163 001e 7047     		bx	lr
 165              		.ident	"GCC: (GNU Arm Embedded Toolchain 10.3-2021.10) 10.3.1 20210824 (release)"
ARM GAS  C:\Users\wxpwx\AppData\Local\Temp\ccuFJA6s.s 			page 4


DEFINED SYMBOLS
                            *ABS*:00000000 misc.c
C:\Users\wxpwx\AppData\Local\Temp\ccuFJA6s.s:16     .text.NVIC_PriorityGroupConfig:00000000 $t
C:\Users\wxpwx\AppData\Local\Temp\ccuFJA6s.s:22     .text.NVIC_PriorityGroupConfig:00000000 NVIC_PriorityGroupConfig
C:\Users\wxpwx\AppData\Local\Temp\ccuFJA6s.s:34     .text.NVIC_PriorityGroupConfig:00000010 $d
C:\Users\wxpwx\AppData\Local\Temp\ccuFJA6s.s:37     .text.NVIC_Init:00000000 $t
C:\Users\wxpwx\AppData\Local\Temp\ccuFJA6s.s:43     .text.NVIC_Init:00000000 NVIC_Init
C:\Users\wxpwx\AppData\Local\Temp\ccuFJA6s.s:87     .text.NVIC_Init:0000005c $d
C:\Users\wxpwx\AppData\Local\Temp\ccuFJA6s.s:91     .text.NVIC_SetVectorTable:00000000 $t
C:\Users\wxpwx\AppData\Local\Temp\ccuFJA6s.s:97     .text.NVIC_SetVectorTable:00000000 NVIC_SetVectorTable
C:\Users\wxpwx\AppData\Local\Temp\ccuFJA6s.s:110    .text.NVIC_SetVectorTable:00000010 $d
C:\Users\wxpwx\AppData\Local\Temp\ccuFJA6s.s:113    .text.NVIC_SystemLPConfig:00000000 $t
C:\Users\wxpwx\AppData\Local\Temp\ccuFJA6s.s:119    .text.NVIC_SystemLPConfig:00000000 NVIC_SystemLPConfig
C:\Users\wxpwx\AppData\Local\Temp\ccuFJA6s.s:138    .text.NVIC_SystemLPConfig:00000018 $d
C:\Users\wxpwx\AppData\Local\Temp\ccuFJA6s.s:141    .text.SysTick_CLKSourceConfig:00000000 $t
C:\Users\wxpwx\AppData\Local\Temp\ccuFJA6s.s:147    .text.SysTick_CLKSourceConfig:00000000 SysTick_CLKSourceConfig

NO UNDEFINED SYMBOLS
