ARM GAS  C:\Users\UXP\AppData\Local\Temp\ccFDtmOe.s 			page 1


   1              		.cpu cortex-m3
   2              		.arch armv7-m
   3              		.fpu softvfp
   4              		.eabi_attribute 20, 1
   5              		.eabi_attribute 21, 1
   6              		.eabi_attribute 23, 3
   7              		.eabi_attribute 24, 1
   8              		.eabi_attribute 25, 1
   9              		.eabi_attribute 26, 1
  10              		.eabi_attribute 30, 1
  11              		.eabi_attribute 34, 1
  12              		.eabi_attribute 18, 4
  13              		.file	"stm32f10x_bkp.c"
  14              		.text
  15              		.section	.text.BKP_DeInit,"ax",%progbits
  16              		.align	1
  17              		.global	BKP_DeInit
  18              		.syntax unified
  19              		.thumb
  20              		.thumb_func
  22              	BKP_DeInit:
  23              		@ args = 0, pretend = 0, frame = 0
  24              		@ frame_needed = 0, uses_anonymous_args = 0
  25 0000 08B5     		push	{r3, lr}
  26 0002 0120     		movs	r0, #1
  27 0004 FFF7FEFF 		bl	RCC_BackupResetCmd
  28 0008 0020     		movs	r0, #0
  29 000a FFF7FEFF 		bl	RCC_BackupResetCmd
  30 000e 08BD     		pop	{r3, pc}
  32              		.section	.text.BKP_TamperPinLevelConfig,"ax",%progbits
  33              		.align	1
  34              		.global	BKP_TamperPinLevelConfig
  35              		.syntax unified
  36              		.thumb
  37              		.thumb_func
  39              	BKP_TamperPinLevelConfig:
  40              		@ args = 0, pretend = 0, frame = 0
  41              		@ frame_needed = 0, uses_anonymous_args = 0
  42              		@ link register save eliminated.
  43 0000 014B     		ldr	r3, .L4
  44 0002 C3F80406 		str	r0, [r3, #1540]
  45 0006 7047     		bx	lr
  46              	.L5:
  47              		.align	2
  48              	.L4:
  49 0008 00800D42 		.word	1108180992
  51              		.section	.text.BKP_TamperPinCmd,"ax",%progbits
  52              		.align	1
  53              		.global	BKP_TamperPinCmd
  54              		.syntax unified
  55              		.thumb
  56              		.thumb_func
  58              	BKP_TamperPinCmd:
  59              		@ args = 0, pretend = 0, frame = 0
  60              		@ frame_needed = 0, uses_anonymous_args = 0
  61              		@ link register save eliminated.
  62 0000 014B     		ldr	r3, .L7
ARM GAS  C:\Users\UXP\AppData\Local\Temp\ccFDtmOe.s 			page 2


  63 0002 C3F80006 		str	r0, [r3, #1536]
  64 0006 7047     		bx	lr
  65              	.L8:
  66              		.align	2
  67              	.L7:
  68 0008 00800D42 		.word	1108180992
  70              		.section	.text.BKP_ITConfig,"ax",%progbits
  71              		.align	1
  72              		.global	BKP_ITConfig
  73              		.syntax unified
  74              		.thumb
  75              		.thumb_func
  77              	BKP_ITConfig:
  78              		@ args = 0, pretend = 0, frame = 0
  79              		@ frame_needed = 0, uses_anonymous_args = 0
  80              		@ link register save eliminated.
  81 0000 014B     		ldr	r3, .L10
  82 0002 C3F88806 		str	r0, [r3, #1672]
  83 0006 7047     		bx	lr
  84              	.L11:
  85              		.align	2
  86              	.L10:
  87 0008 00800D42 		.word	1108180992
  89              		.section	.text.BKP_RTCOutputConfig,"ax",%progbits
  90              		.align	1
  91              		.global	BKP_RTCOutputConfig
  92              		.syntax unified
  93              		.thumb
  94              		.thumb_func
  96              	BKP_RTCOutputConfig:
  97              		@ args = 0, pretend = 0, frame = 0
  98              		@ frame_needed = 0, uses_anonymous_args = 0
  99              		@ link register save eliminated.
 100 0000 034A     		ldr	r2, .L13
 101 0002 938D     		ldrh	r3, [r2, #44]
 102 0004 9BB2     		uxth	r3, r3
 103 0006 23F46073 		bic	r3, r3, #896
 104 000a 0343     		orrs	r3, r3, r0
 105 000c 9385     		strh	r3, [r2, #44]	@ movhi
 106 000e 7047     		bx	lr
 107              	.L14:
 108              		.align	2
 109              	.L13:
 110 0010 006C0040 		.word	1073769472
 112              		.section	.text.BKP_SetRTCCalibrationValue,"ax",%progbits
 113              		.align	1
 114              		.global	BKP_SetRTCCalibrationValue
 115              		.syntax unified
 116              		.thumb
 117              		.thumb_func
 119              	BKP_SetRTCCalibrationValue:
 120              		@ args = 0, pretend = 0, frame = 0
 121              		@ frame_needed = 0, uses_anonymous_args = 0
 122              		@ link register save eliminated.
 123 0000 034A     		ldr	r2, .L16
 124 0002 938D     		ldrh	r3, [r2, #44]
 125 0004 9BB2     		uxth	r3, r3
ARM GAS  C:\Users\UXP\AppData\Local\Temp\ccFDtmOe.s 			page 3


 126 0006 23F07F03 		bic	r3, r3, #127
 127 000a 0343     		orrs	r3, r3, r0
 128 000c 9385     		strh	r3, [r2, #44]	@ movhi
 129 000e 7047     		bx	lr
 130              	.L17:
 131              		.align	2
 132              	.L16:
 133 0010 006C0040 		.word	1073769472
 135              		.section	.text.BKP_WriteBackupRegister,"ax",%progbits
 136              		.align	1
 137              		.global	BKP_WriteBackupRegister
 138              		.syntax unified
 139              		.thumb
 140              		.thumb_func
 142              	BKP_WriteBackupRegister:
 143              		@ args = 0, pretend = 0, frame = 8
 144              		@ frame_needed = 0, uses_anonymous_args = 0
 145              		@ link register save eliminated.
 146 0000 82B0     		sub	sp, sp, #8
 147 0002 0023     		movs	r3, #0
 148 0004 0193     		str	r3, [sp, #4]
 149 0006 044B     		ldr	r3, .L20
 150 0008 0193     		str	r3, [sp, #4]
 151 000a 019B     		ldr	r3, [sp, #4]
 152 000c 1844     		add	r0, r0, r3
 153 000e 0190     		str	r0, [sp, #4]
 154 0010 019B     		ldr	r3, [sp, #4]
 155 0012 1960     		str	r1, [r3]
 156 0014 02B0     		add	sp, sp, #8
 157              		@ sp needed
 158 0016 7047     		bx	lr
 159              	.L21:
 160              		.align	2
 161              	.L20:
 162 0018 006C0040 		.word	1073769472
 164              		.section	.text.BKP_ReadBackupRegister,"ax",%progbits
 165              		.align	1
 166              		.global	BKP_ReadBackupRegister
 167              		.syntax unified
 168              		.thumb
 169              		.thumb_func
 171              	BKP_ReadBackupRegister:
 172              		@ args = 0, pretend = 0, frame = 8
 173              		@ frame_needed = 0, uses_anonymous_args = 0
 174              		@ link register save eliminated.
 175 0000 82B0     		sub	sp, sp, #8
 176 0002 0023     		movs	r3, #0
 177 0004 0193     		str	r3, [sp, #4]
 178 0006 054B     		ldr	r3, .L24
 179 0008 0193     		str	r3, [sp, #4]
 180 000a 019B     		ldr	r3, [sp, #4]
 181 000c 1844     		add	r0, r0, r3
 182 000e 0190     		str	r0, [sp, #4]
 183 0010 019B     		ldr	r3, [sp, #4]
 184 0012 1888     		ldrh	r0, [r3]
 185 0014 80B2     		uxth	r0, r0
 186 0016 02B0     		add	sp, sp, #8
ARM GAS  C:\Users\UXP\AppData\Local\Temp\ccFDtmOe.s 			page 4


 187              		@ sp needed
 188 0018 7047     		bx	lr
 189              	.L25:
 190 001a 00BF     		.align	2
 191              	.L24:
 192 001c 006C0040 		.word	1073769472
 194              		.section	.text.BKP_GetFlagStatus,"ax",%progbits
 195              		.align	1
 196              		.global	BKP_GetFlagStatus
 197              		.syntax unified
 198              		.thumb
 199              		.thumb_func
 201              	BKP_GetFlagStatus:
 202              		@ args = 0, pretend = 0, frame = 0
 203              		@ frame_needed = 0, uses_anonymous_args = 0
 204              		@ link register save eliminated.
 205 0000 024B     		ldr	r3, .L27
 206 0002 D3F8A006 		ldr	r0, [r3, #1696]
 207 0006 C0B2     		uxtb	r0, r0
 208 0008 7047     		bx	lr
 209              	.L28:
 210 000a 00BF     		.align	2
 211              	.L27:
 212 000c 00800D42 		.word	1108180992
 214              		.section	.text.BKP_ClearFlag,"ax",%progbits
 215              		.align	1
 216              		.global	BKP_ClearFlag
 217              		.syntax unified
 218              		.thumb
 219              		.thumb_func
 221              	BKP_ClearFlag:
 222              		@ args = 0, pretend = 0, frame = 0
 223              		@ frame_needed = 0, uses_anonymous_args = 0
 224              		@ link register save eliminated.
 225 0000 034A     		ldr	r2, .L30
 226 0002 938E     		ldrh	r3, [r2, #52]
 227 0004 9BB2     		uxth	r3, r3
 228 0006 43F00103 		orr	r3, r3, #1
 229 000a 9386     		strh	r3, [r2, #52]	@ movhi
 230 000c 7047     		bx	lr
 231              	.L31:
 232 000e 00BF     		.align	2
 233              	.L30:
 234 0010 006C0040 		.word	1073769472
 236              		.section	.text.BKP_GetITStatus,"ax",%progbits
 237              		.align	1
 238              		.global	BKP_GetITStatus
 239              		.syntax unified
 240              		.thumb
 241              		.thumb_func
 243              	BKP_GetITStatus:
 244              		@ args = 0, pretend = 0, frame = 0
 245              		@ frame_needed = 0, uses_anonymous_args = 0
 246              		@ link register save eliminated.
 247 0000 024B     		ldr	r3, .L33
 248 0002 D3F8A406 		ldr	r0, [r3, #1700]
 249 0006 C0B2     		uxtb	r0, r0
ARM GAS  C:\Users\UXP\AppData\Local\Temp\ccFDtmOe.s 			page 5


 250 0008 7047     		bx	lr
 251              	.L34:
 252 000a 00BF     		.align	2
 253              	.L33:
 254 000c 00800D42 		.word	1108180992
 256              		.section	.text.BKP_ClearITPendingBit,"ax",%progbits
 257              		.align	1
 258              		.global	BKP_ClearITPendingBit
 259              		.syntax unified
 260              		.thumb
 261              		.thumb_func
 263              	BKP_ClearITPendingBit:
 264              		@ args = 0, pretend = 0, frame = 0
 265              		@ frame_needed = 0, uses_anonymous_args = 0
 266              		@ link register save eliminated.
 267 0000 034A     		ldr	r2, .L36
 268 0002 938E     		ldrh	r3, [r2, #52]
 269 0004 9BB2     		uxth	r3, r3
 270 0006 43F00203 		orr	r3, r3, #2
 271 000a 9386     		strh	r3, [r2, #52]	@ movhi
 272 000c 7047     		bx	lr
 273              	.L37:
 274 000e 00BF     		.align	2
 275              	.L36:
 276 0010 006C0040 		.word	1073769472
 278              		.ident	"GCC: (Arm GNU Toolchain 14.3.Rel1 (Build arm-14.174)) 14.3.1 20250623"
ARM GAS  C:\Users\UXP\AppData\Local\Temp\ccFDtmOe.s 			page 6


DEFINED SYMBOLS
                            *ABS*:00000000 stm32f10x_bkp.c
C:\Users\UXP\AppData\Local\Temp\ccFDtmOe.s:16     .text.BKP_DeInit:00000000 $t
C:\Users\UXP\AppData\Local\Temp\ccFDtmOe.s:22     .text.BKP_DeInit:00000000 BKP_DeInit
C:\Users\UXP\AppData\Local\Temp\ccFDtmOe.s:33     .text.BKP_TamperPinLevelConfig:00000000 $t
C:\Users\UXP\AppData\Local\Temp\ccFDtmOe.s:39     .text.BKP_TamperPinLevelConfig:00000000 BKP_TamperPinLevelConfig
C:\Users\UXP\AppData\Local\Temp\ccFDtmOe.s:49     .text.BKP_TamperPinLevelConfig:00000008 $d
C:\Users\UXP\AppData\Local\Temp\ccFDtmOe.s:52     .text.BKP_TamperPinCmd:00000000 $t
C:\Users\UXP\AppData\Local\Temp\ccFDtmOe.s:58     .text.BKP_TamperPinCmd:00000000 BKP_TamperPinCmd
C:\Users\UXP\AppData\Local\Temp\ccFDtmOe.s:68     .text.BKP_TamperPinCmd:00000008 $d
C:\Users\UXP\AppData\Local\Temp\ccFDtmOe.s:71     .text.BKP_ITConfig:00000000 $t
C:\Users\UXP\AppData\Local\Temp\ccFDtmOe.s:77     .text.BKP_ITConfig:00000000 BKP_ITConfig
C:\Users\UXP\AppData\Local\Temp\ccFDtmOe.s:87     .text.BKP_ITConfig:00000008 $d
C:\Users\UXP\AppData\Local\Temp\ccFDtmOe.s:90     .text.BKP_RTCOutputConfig:00000000 $t
C:\Users\UXP\AppData\Local\Temp\ccFDtmOe.s:96     .text.BKP_RTCOutputConfig:00000000 BKP_RTCOutputConfig
C:\Users\UXP\AppData\Local\Temp\ccFDtmOe.s:110    .text.BKP_RTCOutputConfig:00000010 $d
C:\Users\UXP\AppData\Local\Temp\ccFDtmOe.s:113    .text.BKP_SetRTCCalibrationValue:00000000 $t
C:\Users\UXP\AppData\Local\Temp\ccFDtmOe.s:119    .text.BKP_SetRTCCalibrationValue:00000000 BKP_SetRTCCalibrationValue
C:\Users\UXP\AppData\Local\Temp\ccFDtmOe.s:133    .text.BKP_SetRTCCalibrationValue:00000010 $d
C:\Users\UXP\AppData\Local\Temp\ccFDtmOe.s:136    .text.BKP_WriteBackupRegister:00000000 $t
C:\Users\UXP\AppData\Local\Temp\ccFDtmOe.s:142    .text.BKP_WriteBackupRegister:00000000 BKP_WriteBackupRegister
C:\Users\UXP\AppData\Local\Temp\ccFDtmOe.s:162    .text.BKP_WriteBackupRegister:00000018 $d
C:\Users\UXP\AppData\Local\Temp\ccFDtmOe.s:165    .text.BKP_ReadBackupRegister:00000000 $t
C:\Users\UXP\AppData\Local\Temp\ccFDtmOe.s:171    .text.BKP_ReadBackupRegister:00000000 BKP_ReadBackupRegister
C:\Users\UXP\AppData\Local\Temp\ccFDtmOe.s:192    .text.BKP_ReadBackupRegister:0000001c $d
C:\Users\UXP\AppData\Local\Temp\ccFDtmOe.s:195    .text.BKP_GetFlagStatus:00000000 $t
C:\Users\UXP\AppData\Local\Temp\ccFDtmOe.s:201    .text.BKP_GetFlagStatus:00000000 BKP_GetFlagStatus
C:\Users\UXP\AppData\Local\Temp\ccFDtmOe.s:212    .text.BKP_GetFlagStatus:0000000c $d
C:\Users\UXP\AppData\Local\Temp\ccFDtmOe.s:215    .text.BKP_ClearFlag:00000000 $t
C:\Users\UXP\AppData\Local\Temp\ccFDtmOe.s:221    .text.BKP_ClearFlag:00000000 BKP_ClearFlag
C:\Users\UXP\AppData\Local\Temp\ccFDtmOe.s:234    .text.BKP_ClearFlag:00000010 $d
C:\Users\UXP\AppData\Local\Temp\ccFDtmOe.s:237    .text.BKP_GetITStatus:00000000 $t
C:\Users\UXP\AppData\Local\Temp\ccFDtmOe.s:243    .text.BKP_GetITStatus:00000000 BKP_GetITStatus
C:\Users\UXP\AppData\Local\Temp\ccFDtmOe.s:254    .text.BKP_GetITStatus:0000000c $d
C:\Users\UXP\AppData\Local\Temp\ccFDtmOe.s:257    .text.BKP_ClearITPendingBit:00000000 $t
C:\Users\UXP\AppData\Local\Temp\ccFDtmOe.s:263    .text.BKP_ClearITPendingBit:00000000 BKP_ClearITPendingBit
C:\Users\UXP\AppData\Local\Temp\ccFDtmOe.s:276    .text.BKP_ClearITPendingBit:00000010 $d

UNDEFINED SYMBOLS
RCC_BackupResetCmd
