ARM GAS  C:\Users\wxpwx\AppData\Local\Temp\cc7Yvydp.s 			page 1


   1              		.cpu cortex-m3
   2              		.arch armv7-m
   3              		.fpu softvfp
   4              		.eabi_attribute 20, 1
   5              		.eabi_attribute 21, 1
   6              		.eabi_attribute 23, 3
   7              		.eabi_attribute 24, 1
   8              		.eabi_attribute 25, 1
   9              		.eabi_attribute 26, 1
  10              		.eabi_attribute 30, 1
  11              		.eabi_attribute 34, 1
  12              		.eabi_attribute 18, 4
  13              		.file	"stm32f10x_rcc.c"
  14              		.text
  15              		.section	.text.RCC_DeInit,"ax",%progbits
  16              		.align	1
  17              		.global	RCC_DeInit
  18              		.syntax unified
  19              		.thumb
  20              		.thumb_func
  22              	RCC_DeInit:
  23              		@ args = 0, pretend = 0, frame = 0
  24              		@ frame_needed = 0, uses_anonymous_args = 0
  25              		@ link register save eliminated.
  26 0000 0D4B     		ldr	r3, .L2
  27 0002 1A68     		ldr	r2, [r3]
  28 0004 42F00102 		orr	r2, r2, #1
  29 0008 1A60     		str	r2, [r3]
  30 000a 5968     		ldr	r1, [r3, #4]
  31 000c 0B4A     		ldr	r2, .L2+4
  32 000e 0A40     		ands	r2, r2, r1
  33 0010 5A60     		str	r2, [r3, #4]
  34 0012 1A68     		ldr	r2, [r3]
  35 0014 22F08472 		bic	r2, r2, #17301504
  36 0018 22F48032 		bic	r2, r2, #65536
  37 001c 1A60     		str	r2, [r3]
  38 001e 1A68     		ldr	r2, [r3]
  39 0020 22F48022 		bic	r2, r2, #262144
  40 0024 1A60     		str	r2, [r3]
  41 0026 5A68     		ldr	r2, [r3, #4]
  42 0028 22F4FE02 		bic	r2, r2, #8323072
  43 002c 5A60     		str	r2, [r3, #4]
  44 002e 4FF41F02 		mov	r2, #10420224
  45 0032 9A60     		str	r2, [r3, #8]
  46 0034 7047     		bx	lr
  47              	.L3:
  48 0036 00BF     		.align	2
  49              	.L2:
  50 0038 00100240 		.word	1073876992
  51 003c 0000FFF8 		.word	-117506048
  53              		.section	.text.RCC_HSEConfig,"ax",%progbits
  54              		.align	1
  55              		.global	RCC_HSEConfig
  56              		.syntax unified
  57              		.thumb
  58              		.thumb_func
  60              	RCC_HSEConfig:
ARM GAS  C:\Users\wxpwx\AppData\Local\Temp\cc7Yvydp.s 			page 2


  61              		@ args = 0, pretend = 0, frame = 0
  62              		@ frame_needed = 0, uses_anonymous_args = 0
  63              		@ link register save eliminated.
  64 0000 0D4B     		ldr	r3, .L8
  65 0002 1A68     		ldr	r2, [r3]
  66 0004 22F48032 		bic	r2, r2, #65536
  67 0008 1A60     		str	r2, [r3]
  68 000a 1A68     		ldr	r2, [r3]
  69 000c 22F48022 		bic	r2, r2, #262144
  70 0010 1A60     		str	r2, [r3]
  71 0012 B0F5803F 		cmp	r0, #65536
  72 0016 03D0     		beq	.L5
  73 0018 B0F5802F 		cmp	r0, #262144
  74 001c 06D0     		beq	.L6
  75 001e 7047     		bx	lr
  76              	.L5:
  77 0020 054A     		ldr	r2, .L8
  78 0022 1368     		ldr	r3, [r2]
  79 0024 43F48033 		orr	r3, r3, #65536
  80 0028 1360     		str	r3, [r2]
  81 002a 7047     		bx	lr
  82              	.L6:
  83 002c 024A     		ldr	r2, .L8
  84 002e 1368     		ldr	r3, [r2]
  85 0030 43F4A023 		orr	r3, r3, #327680
  86 0034 1360     		str	r3, [r2]
  87 0036 7047     		bx	lr
  88              	.L9:
  89              		.align	2
  90              	.L8:
  91 0038 00100240 		.word	1073876992
  93              		.section	.text.RCC_AdjustHSICalibrationValue,"ax",%progbits
  94              		.align	1
  95              		.global	RCC_AdjustHSICalibrationValue
  96              		.syntax unified
  97              		.thumb
  98              		.thumb_func
 100              	RCC_AdjustHSICalibrationValue:
 101              		@ args = 0, pretend = 0, frame = 0
 102              		@ frame_needed = 0, uses_anonymous_args = 0
 103              		@ link register save eliminated.
 104 0000 034A     		ldr	r2, .L11
 105 0002 1368     		ldr	r3, [r2]
 106 0004 23F0F803 		bic	r3, r3, #248
 107 0008 43EAC003 		orr	r3, r3, r0, lsl #3
 108 000c 1360     		str	r3, [r2]
 109 000e 7047     		bx	lr
 110              	.L12:
 111              		.align	2
 112              	.L11:
 113 0010 00100240 		.word	1073876992
 115              		.section	.text.RCC_HSICmd,"ax",%progbits
 116              		.align	1
 117              		.global	RCC_HSICmd
 118              		.syntax unified
 119              		.thumb
 120              		.thumb_func
ARM GAS  C:\Users\wxpwx\AppData\Local\Temp\cc7Yvydp.s 			page 3


 122              	RCC_HSICmd:
 123              		@ args = 0, pretend = 0, frame = 0
 124              		@ frame_needed = 0, uses_anonymous_args = 0
 125              		@ link register save eliminated.
 126 0000 014B     		ldr	r3, .L14
 127 0002 1860     		str	r0, [r3]
 128 0004 7047     		bx	lr
 129              	.L15:
 130 0006 00BF     		.align	2
 131              	.L14:
 132 0008 00004242 		.word	1111621632
 134              		.section	.text.RCC_PLLConfig,"ax",%progbits
 135              		.align	1
 136              		.global	RCC_PLLConfig
 137              		.syntax unified
 138              		.thumb
 139              		.thumb_func
 141              	RCC_PLLConfig:
 142              		@ args = 0, pretend = 0, frame = 0
 143              		@ frame_needed = 0, uses_anonymous_args = 0
 144              		@ link register save eliminated.
 145 0000 034A     		ldr	r2, .L17
 146 0002 5368     		ldr	r3, [r2, #4]
 147 0004 23F47C13 		bic	r3, r3, #4128768
 148 0008 0843     		orrs	r0, r0, r1
 149 000a 1843     		orrs	r0, r0, r3
 150 000c 5060     		str	r0, [r2, #4]
 151 000e 7047     		bx	lr
 152              	.L18:
 153              		.align	2
 154              	.L17:
 155 0010 00100240 		.word	1073876992
 157              		.section	.text.RCC_PLLCmd,"ax",%progbits
 158              		.align	1
 159              		.global	RCC_PLLCmd
 160              		.syntax unified
 161              		.thumb
 162              		.thumb_func
 164              	RCC_PLLCmd:
 165              		@ args = 0, pretend = 0, frame = 0
 166              		@ frame_needed = 0, uses_anonymous_args = 0
 167              		@ link register save eliminated.
 168 0000 014B     		ldr	r3, .L20
 169 0002 1866     		str	r0, [r3, #96]
 170 0004 7047     		bx	lr
 171              	.L21:
 172 0006 00BF     		.align	2
 173              	.L20:
 174 0008 00004242 		.word	1111621632
 176              		.section	.text.RCC_SYSCLKConfig,"ax",%progbits
 177              		.align	1
 178              		.global	RCC_SYSCLKConfig
 179              		.syntax unified
 180              		.thumb
 181              		.thumb_func
 183              	RCC_SYSCLKConfig:
 184              		@ args = 0, pretend = 0, frame = 0
ARM GAS  C:\Users\wxpwx\AppData\Local\Temp\cc7Yvydp.s 			page 4


 185              		@ frame_needed = 0, uses_anonymous_args = 0
 186              		@ link register save eliminated.
 187 0000 034A     		ldr	r2, .L23
 188 0002 5368     		ldr	r3, [r2, #4]
 189 0004 23F00303 		bic	r3, r3, #3
 190 0008 0343     		orrs	r3, r3, r0
 191 000a 5360     		str	r3, [r2, #4]
 192 000c 7047     		bx	lr
 193              	.L24:
 194 000e 00BF     		.align	2
 195              	.L23:
 196 0010 00100240 		.word	1073876992
 198              		.section	.text.RCC_GetSYSCLKSource,"ax",%progbits
 199              		.align	1
 200              		.global	RCC_GetSYSCLKSource
 201              		.syntax unified
 202              		.thumb
 203              		.thumb_func
 205              	RCC_GetSYSCLKSource:
 206              		@ args = 0, pretend = 0, frame = 0
 207              		@ frame_needed = 0, uses_anonymous_args = 0
 208              		@ link register save eliminated.
 209 0000 024B     		ldr	r3, .L26
 210 0002 5868     		ldr	r0, [r3, #4]
 211 0004 00F00C00 		and	r0, r0, #12
 212 0008 7047     		bx	lr
 213              	.L27:
 214 000a 00BF     		.align	2
 215              	.L26:
 216 000c 00100240 		.word	1073876992
 218              		.section	.text.RCC_HCLKConfig,"ax",%progbits
 219              		.align	1
 220              		.global	RCC_HCLKConfig
 221              		.syntax unified
 222              		.thumb
 223              		.thumb_func
 225              	RCC_HCLKConfig:
 226              		@ args = 0, pretend = 0, frame = 0
 227              		@ frame_needed = 0, uses_anonymous_args = 0
 228              		@ link register save eliminated.
 229 0000 034A     		ldr	r2, .L29
 230 0002 5368     		ldr	r3, [r2, #4]
 231 0004 23F0F003 		bic	r3, r3, #240
 232 0008 0343     		orrs	r3, r3, r0
 233 000a 5360     		str	r3, [r2, #4]
 234 000c 7047     		bx	lr
 235              	.L30:
 236 000e 00BF     		.align	2
 237              	.L29:
 238 0010 00100240 		.word	1073876992
 240              		.section	.text.RCC_PCLK1Config,"ax",%progbits
 241              		.align	1
 242              		.global	RCC_PCLK1Config
 243              		.syntax unified
 244              		.thumb
 245              		.thumb_func
 247              	RCC_PCLK1Config:
ARM GAS  C:\Users\wxpwx\AppData\Local\Temp\cc7Yvydp.s 			page 5


 248              		@ args = 0, pretend = 0, frame = 0
 249              		@ frame_needed = 0, uses_anonymous_args = 0
 250              		@ link register save eliminated.
 251 0000 034A     		ldr	r2, .L32
 252 0002 5368     		ldr	r3, [r2, #4]
 253 0004 23F4E063 		bic	r3, r3, #1792
 254 0008 0343     		orrs	r3, r3, r0
 255 000a 5360     		str	r3, [r2, #4]
 256 000c 7047     		bx	lr
 257              	.L33:
 258 000e 00BF     		.align	2
 259              	.L32:
 260 0010 00100240 		.word	1073876992
 262              		.section	.text.RCC_PCLK2Config,"ax",%progbits
 263              		.align	1
 264              		.global	RCC_PCLK2Config
 265              		.syntax unified
 266              		.thumb
 267              		.thumb_func
 269              	RCC_PCLK2Config:
 270              		@ args = 0, pretend = 0, frame = 0
 271              		@ frame_needed = 0, uses_anonymous_args = 0
 272              		@ link register save eliminated.
 273 0000 034A     		ldr	r2, .L35
 274 0002 5368     		ldr	r3, [r2, #4]
 275 0004 23F46053 		bic	r3, r3, #14336
 276 0008 43EAC003 		orr	r3, r3, r0, lsl #3
 277 000c 5360     		str	r3, [r2, #4]
 278 000e 7047     		bx	lr
 279              	.L36:
 280              		.align	2
 281              	.L35:
 282 0010 00100240 		.word	1073876992
 284              		.section	.text.RCC_ITConfig,"ax",%progbits
 285              		.align	1
 286              		.global	RCC_ITConfig
 287              		.syntax unified
 288              		.thumb
 289              		.thumb_func
 291              	RCC_ITConfig:
 292              		@ args = 0, pretend = 0, frame = 0
 293              		@ frame_needed = 0, uses_anonymous_args = 0
 294              		@ link register save eliminated.
 295 0000 21B1     		cbz	r1, .L38
 296 0002 054A     		ldr	r2, .L40
 297 0004 537A     		ldrb	r3, [r2, #9]	@ zero_extendqisi2
 298 0006 1843     		orrs	r0, r0, r3
 299 0008 5072     		strb	r0, [r2, #9]
 300 000a 7047     		bx	lr
 301              	.L38:
 302 000c 024A     		ldr	r2, .L40
 303 000e 537A     		ldrb	r3, [r2, #9]	@ zero_extendqisi2
 304 0010 23EA0000 		bic	r0, r3, r0
 305 0014 5072     		strb	r0, [r2, #9]
 306 0016 7047     		bx	lr
 307              	.L41:
 308              		.align	2
ARM GAS  C:\Users\wxpwx\AppData\Local\Temp\cc7Yvydp.s 			page 6


 309              	.L40:
 310 0018 00100240 		.word	1073876992
 312              		.section	.text.RCC_USBCLKConfig,"ax",%progbits
 313              		.align	1
 314              		.global	RCC_USBCLKConfig
 315              		.syntax unified
 316              		.thumb
 317              		.thumb_func
 319              	RCC_USBCLKConfig:
 320              		@ args = 0, pretend = 0, frame = 0
 321              		@ frame_needed = 0, uses_anonymous_args = 0
 322              		@ link register save eliminated.
 323 0000 014B     		ldr	r3, .L43
 324 0002 C3F8D800 		str	r0, [r3, #216]
 325 0006 7047     		bx	lr
 326              	.L44:
 327              		.align	2
 328              	.L43:
 329 0008 00004242 		.word	1111621632
 331              		.section	.text.RCC_ADCCLKConfig,"ax",%progbits
 332              		.align	1
 333              		.global	RCC_ADCCLKConfig
 334              		.syntax unified
 335              		.thumb
 336              		.thumb_func
 338              	RCC_ADCCLKConfig:
 339              		@ args = 0, pretend = 0, frame = 0
 340              		@ frame_needed = 0, uses_anonymous_args = 0
 341              		@ link register save eliminated.
 342 0000 034A     		ldr	r2, .L46
 343 0002 5368     		ldr	r3, [r2, #4]
 344 0004 23F44043 		bic	r3, r3, #49152
 345 0008 0343     		orrs	r3, r3, r0
 346 000a 5360     		str	r3, [r2, #4]
 347 000c 7047     		bx	lr
 348              	.L47:
 349 000e 00BF     		.align	2
 350              	.L46:
 351 0010 00100240 		.word	1073876992
 353              		.section	.text.RCC_LSEConfig,"ax",%progbits
 354              		.align	1
 355              		.global	RCC_LSEConfig
 356              		.syntax unified
 357              		.thumb
 358              		.thumb_func
 360              	RCC_LSEConfig:
 361              		@ args = 0, pretend = 0, frame = 0
 362              		@ frame_needed = 0, uses_anonymous_args = 0
 363              		@ link register save eliminated.
 364 0000 0A4B     		ldr	r3, .L52
 365 0002 0022     		movs	r2, #0
 366 0004 83F82020 		strb	r2, [r3, #32]
 367 0008 83F82020 		strb	r2, [r3, #32]
 368 000c 0128     		cmp	r0, #1
 369 000e 02D0     		beq	.L49
 370 0010 0428     		cmp	r0, #4
 371 0012 05D0     		beq	.L50
ARM GAS  C:\Users\wxpwx\AppData\Local\Temp\cc7Yvydp.s 			page 7


 372 0014 7047     		bx	lr
 373              	.L49:
 374 0016 054B     		ldr	r3, .L52
 375 0018 0122     		movs	r2, #1
 376 001a 83F82020 		strb	r2, [r3, #32]
 377 001e 7047     		bx	lr
 378              	.L50:
 379 0020 024B     		ldr	r3, .L52
 380 0022 0522     		movs	r2, #5
 381 0024 83F82020 		strb	r2, [r3, #32]
 382 0028 7047     		bx	lr
 383              	.L53:
 384 002a 00BF     		.align	2
 385              	.L52:
 386 002c 00100240 		.word	1073876992
 388              		.section	.text.RCC_LSICmd,"ax",%progbits
 389              		.align	1
 390              		.global	RCC_LSICmd
 391              		.syntax unified
 392              		.thumb
 393              		.thumb_func
 395              	RCC_LSICmd:
 396              		@ args = 0, pretend = 0, frame = 0
 397              		@ frame_needed = 0, uses_anonymous_args = 0
 398              		@ link register save eliminated.
 399 0000 014B     		ldr	r3, .L55
 400 0002 C3F88004 		str	r0, [r3, #1152]
 401 0006 7047     		bx	lr
 402              	.L56:
 403              		.align	2
 404              	.L55:
 405 0008 00004242 		.word	1111621632
 407              		.section	.text.RCC_RTCCLKConfig,"ax",%progbits
 408              		.align	1
 409              		.global	RCC_RTCCLKConfig
 410              		.syntax unified
 411              		.thumb
 412              		.thumb_func
 414              	RCC_RTCCLKConfig:
 415              		@ args = 0, pretend = 0, frame = 0
 416              		@ frame_needed = 0, uses_anonymous_args = 0
 417              		@ link register save eliminated.
 418 0000 024A     		ldr	r2, .L58
 419 0002 136A     		ldr	r3, [r2, #32]
 420 0004 0343     		orrs	r3, r3, r0
 421 0006 1362     		str	r3, [r2, #32]
 422 0008 7047     		bx	lr
 423              	.L59:
 424 000a 00BF     		.align	2
 425              	.L58:
 426 000c 00100240 		.word	1073876992
 428              		.section	.text.RCC_RTCCLKCmd,"ax",%progbits
 429              		.align	1
 430              		.global	RCC_RTCCLKCmd
 431              		.syntax unified
 432              		.thumb
 433              		.thumb_func
ARM GAS  C:\Users\wxpwx\AppData\Local\Temp\cc7Yvydp.s 			page 8


 435              	RCC_RTCCLKCmd:
 436              		@ args = 0, pretend = 0, frame = 0
 437              		@ frame_needed = 0, uses_anonymous_args = 0
 438              		@ link register save eliminated.
 439 0000 014B     		ldr	r3, .L61
 440 0002 C3F83C04 		str	r0, [r3, #1084]
 441 0006 7047     		bx	lr
 442              	.L62:
 443              		.align	2
 444              	.L61:
 445 0008 00004242 		.word	1111621632
 447              		.section	.text.RCC_GetClocksFreq,"ax",%progbits
 448              		.align	1
 449              		.global	RCC_GetClocksFreq
 450              		.syntax unified
 451              		.thumb
 452              		.thumb_func
 454              	RCC_GetClocksFreq:
 455              		@ args = 0, pretend = 0, frame = 0
 456              		@ frame_needed = 0, uses_anonymous_args = 0
 457              		@ link register save eliminated.
 458 0000 10B4     		push	{r4}
 459 0002 294B     		ldr	r3, .L72
 460 0004 5B68     		ldr	r3, [r3, #4]
 461 0006 03F00C03 		and	r3, r3, #12
 462 000a 042B     		cmp	r3, #4
 463 000c 2BD0     		beq	.L64
 464 000e 082B     		cmp	r3, #8
 465 0010 2CD0     		beq	.L65
 466 0012 13B1     		cbz	r3, .L71
 467 0014 254B     		ldr	r3, .L72+4
 468 0016 0360     		str	r3, [r0]
 469 0018 01E0     		b	.L67
 470              	.L71:
 471 001a 244B     		ldr	r3, .L72+4
 472 001c 0360     		str	r3, [r0]
 473              	.L67:
 474 001e 2249     		ldr	r1, .L72
 475 0020 4B68     		ldr	r3, [r1, #4]
 476 0022 C3F30313 		ubfx	r3, r3, #4, #4
 477 0026 224C     		ldr	r4, .L72+8
 478 0028 E35C     		ldrb	r3, [r4, r3]	@ zero_extendqisi2
 479 002a DAB2     		uxtb	r2, r3
 480 002c 0368     		ldr	r3, [r0]
 481 002e D340     		lsrs	r3, r3, r2
 482 0030 4360     		str	r3, [r0, #4]
 483 0032 4A68     		ldr	r2, [r1, #4]
 484 0034 C2F30222 		ubfx	r2, r2, #8, #3
 485 0038 A25C     		ldrb	r2, [r4, r2]	@ zero_extendqisi2
 486 003a D2B2     		uxtb	r2, r2
 487 003c 23FA02F2 		lsr	r2, r3, r2
 488 0040 8260     		str	r2, [r0, #8]
 489 0042 4A68     		ldr	r2, [r1, #4]
 490 0044 C2F3C222 		ubfx	r2, r2, #11, #3
 491 0048 A25C     		ldrb	r2, [r4, r2]	@ zero_extendqisi2
 492 004a D2B2     		uxtb	r2, r2
 493 004c D340     		lsrs	r3, r3, r2
ARM GAS  C:\Users\wxpwx\AppData\Local\Temp\cc7Yvydp.s 			page 9


 494 004e C360     		str	r3, [r0, #12]
 495 0050 4A68     		ldr	r2, [r1, #4]
 496 0052 C2F38132 		ubfx	r2, r2, #14, #2
 497 0056 1749     		ldr	r1, .L72+12
 498 0058 8A5C     		ldrb	r2, [r1, r2]	@ zero_extendqisi2
 499 005a D2B2     		uxtb	r2, r2
 500 005c B3FBF2F3 		udiv	r3, r3, r2
 501 0060 0361     		str	r3, [r0, #16]
 502 0062 10BC     		pop	{r4}
 503 0064 7047     		bx	lr
 504              	.L64:
 505 0066 114B     		ldr	r3, .L72+4
 506 0068 0360     		str	r3, [r0]
 507 006a D8E7     		b	.L67
 508              	.L65:
 509 006c 0E4A     		ldr	r2, .L72
 510 006e 5368     		ldr	r3, [r2, #4]
 511 0070 5268     		ldr	r2, [r2, #4]
 512 0072 C3F38343 		ubfx	r3, r3, #18, #4
 513 0076 0233     		adds	r3, r3, #2
 514 0078 12F4803F 		tst	r2, #65536
 515 007c 04D1     		bne	.L68
 516 007e 0E4A     		ldr	r2, .L72+16
 517 0080 02FB03F3 		mul	r3, r2, r3
 518 0084 0360     		str	r3, [r0]
 519 0086 CAE7     		b	.L67
 520              	.L68:
 521 0088 074A     		ldr	r2, .L72
 522 008a 5268     		ldr	r2, [r2, #4]
 523 008c 12F4003F 		tst	r2, #131072
 524 0090 04D0     		beq	.L69
 525 0092 094A     		ldr	r2, .L72+16
 526 0094 02FB03F3 		mul	r3, r2, r3
 527 0098 0360     		str	r3, [r0]
 528 009a C0E7     		b	.L67
 529              	.L69:
 530 009c 034A     		ldr	r2, .L72+4
 531 009e 02FB03F3 		mul	r3, r2, r3
 532 00a2 0360     		str	r3, [r0]
 533 00a4 BBE7     		b	.L67
 534              	.L73:
 535 00a6 00BF     		.align	2
 536              	.L72:
 537 00a8 00100240 		.word	1073876992
 538 00ac 00127A00 		.word	8000000
 539 00b0 00000000 		.word	.LANCHOR0
 540 00b4 00000000 		.word	.LANCHOR1
 541 00b8 00093D00 		.word	4000000
 543              		.section	.text.RCC_AHBPeriphClockCmd,"ax",%progbits
 544              		.align	1
 545              		.global	RCC_AHBPeriphClockCmd
 546              		.syntax unified
 547              		.thumb
 548              		.thumb_func
 550              	RCC_AHBPeriphClockCmd:
 551              		@ args = 0, pretend = 0, frame = 0
 552              		@ frame_needed = 0, uses_anonymous_args = 0
ARM GAS  C:\Users\wxpwx\AppData\Local\Temp\cc7Yvydp.s 			page 10


 553              		@ link register save eliminated.
 554 0000 21B1     		cbz	r1, .L75
 555 0002 054A     		ldr	r2, .L77
 556 0004 5369     		ldr	r3, [r2, #20]
 557 0006 1843     		orrs	r0, r0, r3
 558 0008 5061     		str	r0, [r2, #20]
 559 000a 7047     		bx	lr
 560              	.L75:
 561 000c 024A     		ldr	r2, .L77
 562 000e 5369     		ldr	r3, [r2, #20]
 563 0010 23EA0000 		bic	r0, r3, r0
 564 0014 5061     		str	r0, [r2, #20]
 565 0016 7047     		bx	lr
 566              	.L78:
 567              		.align	2
 568              	.L77:
 569 0018 00100240 		.word	1073876992
 571              		.section	.text.RCC_APB2PeriphClockCmd,"ax",%progbits
 572              		.align	1
 573              		.global	RCC_APB2PeriphClockCmd
 574              		.syntax unified
 575              		.thumb
 576              		.thumb_func
 578              	RCC_APB2PeriphClockCmd:
 579              		@ args = 0, pretend = 0, frame = 0
 580              		@ frame_needed = 0, uses_anonymous_args = 0
 581              		@ link register save eliminated.
 582 0000 21B1     		cbz	r1, .L80
 583 0002 054A     		ldr	r2, .L82
 584 0004 9369     		ldr	r3, [r2, #24]
 585 0006 1843     		orrs	r0, r0, r3
 586 0008 9061     		str	r0, [r2, #24]
 587 000a 7047     		bx	lr
 588              	.L80:
 589 000c 024A     		ldr	r2, .L82
 590 000e 9369     		ldr	r3, [r2, #24]
 591 0010 23EA0000 		bic	r0, r3, r0
 592 0014 9061     		str	r0, [r2, #24]
 593 0016 7047     		bx	lr
 594              	.L83:
 595              		.align	2
 596              	.L82:
 597 0018 00100240 		.word	1073876992
 599              		.section	.text.RCC_APB1PeriphClockCmd,"ax",%progbits
 600              		.align	1
 601              		.global	RCC_APB1PeriphClockCmd
 602              		.syntax unified
 603              		.thumb
 604              		.thumb_func
 606              	RCC_APB1PeriphClockCmd:
 607              		@ args = 0, pretend = 0, frame = 0
 608              		@ frame_needed = 0, uses_anonymous_args = 0
 609              		@ link register save eliminated.
 610 0000 21B1     		cbz	r1, .L85
 611 0002 054A     		ldr	r2, .L87
 612 0004 D369     		ldr	r3, [r2, #28]
 613 0006 1843     		orrs	r0, r0, r3
ARM GAS  C:\Users\wxpwx\AppData\Local\Temp\cc7Yvydp.s 			page 11


 614 0008 D061     		str	r0, [r2, #28]
 615 000a 7047     		bx	lr
 616              	.L85:
 617 000c 024A     		ldr	r2, .L87
 618 000e D369     		ldr	r3, [r2, #28]
 619 0010 23EA0000 		bic	r0, r3, r0
 620 0014 D061     		str	r0, [r2, #28]
 621 0016 7047     		bx	lr
 622              	.L88:
 623              		.align	2
 624              	.L87:
 625 0018 00100240 		.word	1073876992
 627              		.section	.text.RCC_APB2PeriphResetCmd,"ax",%progbits
 628              		.align	1
 629              		.global	RCC_APB2PeriphResetCmd
 630              		.syntax unified
 631              		.thumb
 632              		.thumb_func
 634              	RCC_APB2PeriphResetCmd:
 635              		@ args = 0, pretend = 0, frame = 0
 636              		@ frame_needed = 0, uses_anonymous_args = 0
 637              		@ link register save eliminated.
 638 0000 21B1     		cbz	r1, .L90
 639 0002 054A     		ldr	r2, .L92
 640 0004 D368     		ldr	r3, [r2, #12]
 641 0006 1843     		orrs	r0, r0, r3
 642 0008 D060     		str	r0, [r2, #12]
 643 000a 7047     		bx	lr
 644              	.L90:
 645 000c 024A     		ldr	r2, .L92
 646 000e D368     		ldr	r3, [r2, #12]
 647 0010 23EA0000 		bic	r0, r3, r0
 648 0014 D060     		str	r0, [r2, #12]
 649 0016 7047     		bx	lr
 650              	.L93:
 651              		.align	2
 652              	.L92:
 653 0018 00100240 		.word	1073876992
 655              		.section	.text.RCC_APB1PeriphResetCmd,"ax",%progbits
 656              		.align	1
 657              		.global	RCC_APB1PeriphResetCmd
 658              		.syntax unified
 659              		.thumb
 660              		.thumb_func
 662              	RCC_APB1PeriphResetCmd:
 663              		@ args = 0, pretend = 0, frame = 0
 664              		@ frame_needed = 0, uses_anonymous_args = 0
 665              		@ link register save eliminated.
 666 0000 21B1     		cbz	r1, .L95
 667 0002 054A     		ldr	r2, .L97
 668 0004 1369     		ldr	r3, [r2, #16]
 669 0006 1843     		orrs	r0, r0, r3
 670 0008 1061     		str	r0, [r2, #16]
 671 000a 7047     		bx	lr
 672              	.L95:
 673 000c 024A     		ldr	r2, .L97
 674 000e 1369     		ldr	r3, [r2, #16]
ARM GAS  C:\Users\wxpwx\AppData\Local\Temp\cc7Yvydp.s 			page 12


 675 0010 23EA0000 		bic	r0, r3, r0
 676 0014 1061     		str	r0, [r2, #16]
 677 0016 7047     		bx	lr
 678              	.L98:
 679              		.align	2
 680              	.L97:
 681 0018 00100240 		.word	1073876992
 683              		.section	.text.RCC_BackupResetCmd,"ax",%progbits
 684              		.align	1
 685              		.global	RCC_BackupResetCmd
 686              		.syntax unified
 687              		.thumb
 688              		.thumb_func
 690              	RCC_BackupResetCmd:
 691              		@ args = 0, pretend = 0, frame = 0
 692              		@ frame_needed = 0, uses_anonymous_args = 0
 693              		@ link register save eliminated.
 694 0000 014B     		ldr	r3, .L100
 695 0002 C3F84004 		str	r0, [r3, #1088]
 696 0006 7047     		bx	lr
 697              	.L101:
 698              		.align	2
 699              	.L100:
 700 0008 00004242 		.word	1111621632
 702              		.section	.text.RCC_ClockSecuritySystemCmd,"ax",%progbits
 703              		.align	1
 704              		.global	RCC_ClockSecuritySystemCmd
 705              		.syntax unified
 706              		.thumb
 707              		.thumb_func
 709              	RCC_ClockSecuritySystemCmd:
 710              		@ args = 0, pretend = 0, frame = 0
 711              		@ frame_needed = 0, uses_anonymous_args = 0
 712              		@ link register save eliminated.
 713 0000 014B     		ldr	r3, .L103
 714 0002 D864     		str	r0, [r3, #76]
 715 0004 7047     		bx	lr
 716              	.L104:
 717 0006 00BF     		.align	2
 718              	.L103:
 719 0008 00004242 		.word	1111621632
 721              		.section	.text.RCC_MCOConfig,"ax",%progbits
 722              		.align	1
 723              		.global	RCC_MCOConfig
 724              		.syntax unified
 725              		.thumb
 726              		.thumb_func
 728              	RCC_MCOConfig:
 729              		@ args = 0, pretend = 0, frame = 0
 730              		@ frame_needed = 0, uses_anonymous_args = 0
 731              		@ link register save eliminated.
 732 0000 014B     		ldr	r3, .L106
 733 0002 D871     		strb	r0, [r3, #7]
 734 0004 7047     		bx	lr
 735              	.L107:
 736 0006 00BF     		.align	2
 737              	.L106:
ARM GAS  C:\Users\wxpwx\AppData\Local\Temp\cc7Yvydp.s 			page 13


 738 0008 00100240 		.word	1073876992
 740              		.section	.text.RCC_GetFlagStatus,"ax",%progbits
 741              		.align	1
 742              		.global	RCC_GetFlagStatus
 743              		.syntax unified
 744              		.thumb
 745              		.thumb_func
 747              	RCC_GetFlagStatus:
 748              		@ args = 0, pretend = 0, frame = 0
 749              		@ frame_needed = 0, uses_anonymous_args = 0
 750              		@ link register save eliminated.
 751 0000 4309     		lsrs	r3, r0, #5
 752 0002 012B     		cmp	r3, #1
 753 0004 0CD0     		beq	.L114
 754 0006 022B     		cmp	r3, #2
 755 0008 0DD0     		beq	.L115
 756 000a 094B     		ldr	r3, .L116
 757 000c 5B6A     		ldr	r3, [r3, #36]
 758              	.L110:
 759 000e 00F01F00 		and	r0, r0, #31
 760 0012 23FA00F0 		lsr	r0, r3, r0
 761 0016 10F0010F 		tst	r0, #1
 762 001a 07D0     		beq	.L113
 763 001c 0120     		movs	r0, #1
 764 001e 7047     		bx	lr
 765              	.L114:
 766 0020 034B     		ldr	r3, .L116
 767 0022 1B68     		ldr	r3, [r3]
 768 0024 F3E7     		b	.L110
 769              	.L115:
 770 0026 024B     		ldr	r3, .L116
 771 0028 1B6A     		ldr	r3, [r3, #32]
 772 002a F0E7     		b	.L110
 773              	.L113:
 774 002c 0020     		movs	r0, #0
 775 002e 7047     		bx	lr
 776              	.L117:
 777              		.align	2
 778              	.L116:
 779 0030 00100240 		.word	1073876992
 781              		.section	.text.RCC_WaitForHSEStartUp,"ax",%progbits
 782              		.align	1
 783              		.global	RCC_WaitForHSEStartUp
 784              		.syntax unified
 785              		.thumb
 786              		.thumb_func
 788              	RCC_WaitForHSEStartUp:
 789              		@ args = 0, pretend = 0, frame = 8
 790              		@ frame_needed = 0, uses_anonymous_args = 0
 791 0000 00B5     		push	{lr}
 792 0002 83B0     		sub	sp, sp, #12
 793 0004 0023     		movs	r3, #0
 794 0006 0193     		str	r3, [sp, #4]
 795              	.L120:
 796 0008 3120     		movs	r0, #49
 797 000a FFF7FEFF 		bl	RCC_GetFlagStatus
 798 000e 019B     		ldr	r3, [sp, #4]
ARM GAS  C:\Users\wxpwx\AppData\Local\Temp\cc7Yvydp.s 			page 14


 799 0010 0133     		adds	r3, r3, #1
 800 0012 0193     		str	r3, [sp, #4]
 801 0014 019B     		ldr	r3, [sp, #4]
 802 0016 B3F5A06F 		cmp	r3, #1280
 803 001a 01D0     		beq	.L119
 804 001c 0028     		cmp	r0, #0
 805 001e F3D0     		beq	.L120
 806              	.L119:
 807 0020 3120     		movs	r0, #49
 808 0022 FFF7FEFF 		bl	RCC_GetFlagStatus
 809 0026 00B1     		cbz	r0, .L121
 810 0028 0120     		movs	r0, #1
 811              	.L121:
 812 002a 03B0     		add	sp, sp, #12
 813              		@ sp needed
 814 002c 5DF804FB 		ldr	pc, [sp], #4
 816              		.section	.text.RCC_ClearFlag,"ax",%progbits
 817              		.align	1
 818              		.global	RCC_ClearFlag
 819              		.syntax unified
 820              		.thumb
 821              		.thumb_func
 823              	RCC_ClearFlag:
 824              		@ args = 0, pretend = 0, frame = 0
 825              		@ frame_needed = 0, uses_anonymous_args = 0
 826              		@ link register save eliminated.
 827 0000 024A     		ldr	r2, .L124
 828 0002 536A     		ldr	r3, [r2, #36]
 829 0004 43F08073 		orr	r3, r3, #16777216
 830 0008 5362     		str	r3, [r2, #36]
 831 000a 7047     		bx	lr
 832              	.L125:
 833              		.align	2
 834              	.L124:
 835 000c 00100240 		.word	1073876992
 837              		.section	.text.RCC_GetITStatus,"ax",%progbits
 838              		.align	1
 839              		.global	RCC_GetITStatus
 840              		.syntax unified
 841              		.thumb
 842              		.thumb_func
 844              	RCC_GetITStatus:
 845              		@ args = 0, pretend = 0, frame = 0
 846              		@ frame_needed = 0, uses_anonymous_args = 0
 847              		@ link register save eliminated.
 848 0000 034B     		ldr	r3, .L129
 849 0002 9B68     		ldr	r3, [r3, #8]
 850 0004 1842     		tst	r0, r3
 851 0006 01D0     		beq	.L128
 852 0008 0120     		movs	r0, #1
 853 000a 7047     		bx	lr
 854              	.L128:
 855 000c 0020     		movs	r0, #0
 856 000e 7047     		bx	lr
 857              	.L130:
 858              		.align	2
 859              	.L129:
ARM GAS  C:\Users\wxpwx\AppData\Local\Temp\cc7Yvydp.s 			page 15


 860 0010 00100240 		.word	1073876992
 862              		.section	.text.RCC_ClearITPendingBit,"ax",%progbits
 863              		.align	1
 864              		.global	RCC_ClearITPendingBit
 865              		.syntax unified
 866              		.thumb
 867              		.thumb_func
 869              	RCC_ClearITPendingBit:
 870              		@ args = 0, pretend = 0, frame = 0
 871              		@ frame_needed = 0, uses_anonymous_args = 0
 872              		@ link register save eliminated.
 873 0000 014B     		ldr	r3, .L132
 874 0002 9872     		strb	r0, [r3, #10]
 875 0004 7047     		bx	lr
 876              	.L133:
 877 0006 00BF     		.align	2
 878              	.L132:
 879 0008 00100240 		.word	1073876992
 881              		.section	.data.ADCPrescTable,"aw"
 882              		.align	2
 883              		.set	.LANCHOR1,. + 0
 886              	ADCPrescTable:
 887 0000 02040608 		.ascii	"\002\004\006\010"
 888              		.section	.data.APBAHBPrescTable,"aw"
 889              		.align	2
 890              		.set	.LANCHOR0,. + 0
 893              	APBAHBPrescTable:
 894 0000 00000000 		.ascii	"\000\000\000\000\001\002\003\004\001\002\003\004\006"
 894      01020304 
 894      01020304 
 894      06
 895 000d 070809   		.ascii	"\007\010\011"
 896              		.ident	"GCC: (GNU Arm Embedded Toolchain 10.3-2021.10) 10.3.1 20210824 (release)"
ARM GAS  C:\Users\wxpwx\AppData\Local\Temp\cc7Yvydp.s 			page 16


DEFINED SYMBOLS
                            *ABS*:00000000 stm32f10x_rcc.c
C:\Users\wxpwx\AppData\Local\Temp\cc7Yvydp.s:16     .text.RCC_DeInit:00000000 $t
C:\Users\wxpwx\AppData\Local\Temp\cc7Yvydp.s:22     .text.RCC_DeInit:00000000 RCC_DeInit
C:\Users\wxpwx\AppData\Local\Temp\cc7Yvydp.s:50     .text.RCC_DeInit:00000038 $d
C:\Users\wxpwx\AppData\Local\Temp\cc7Yvydp.s:54     .text.RCC_HSEConfig:00000000 $t
C:\Users\wxpwx\AppData\Local\Temp\cc7Yvydp.s:60     .text.RCC_HSEConfig:00000000 RCC_HSEConfig
C:\Users\wxpwx\AppData\Local\Temp\cc7Yvydp.s:91     .text.RCC_HSEConfig:00000038 $d
C:\Users\wxpwx\AppData\Local\Temp\cc7Yvydp.s:94     .text.RCC_AdjustHSICalibrationValue:00000000 $t
C:\Users\wxpwx\AppData\Local\Temp\cc7Yvydp.s:100    .text.RCC_AdjustHSICalibrationValue:00000000 RCC_AdjustHSICalibrationValue
C:\Users\wxpwx\AppData\Local\Temp\cc7Yvydp.s:113    .text.RCC_AdjustHSICalibrationValue:00000010 $d
C:\Users\wxpwx\AppData\Local\Temp\cc7Yvydp.s:116    .text.RCC_HSICmd:00000000 $t
C:\Users\wxpwx\AppData\Local\Temp\cc7Yvydp.s:122    .text.RCC_HSICmd:00000000 RCC_HSICmd
C:\Users\wxpwx\AppData\Local\Temp\cc7Yvydp.s:132    .text.RCC_HSICmd:00000008 $d
C:\Users\wxpwx\AppData\Local\Temp\cc7Yvydp.s:135    .text.RCC_PLLConfig:00000000 $t
C:\Users\wxpwx\AppData\Local\Temp\cc7Yvydp.s:141    .text.RCC_PLLConfig:00000000 RCC_PLLConfig
C:\Users\wxpwx\AppData\Local\Temp\cc7Yvydp.s:155    .text.RCC_PLLConfig:00000010 $d
C:\Users\wxpwx\AppData\Local\Temp\cc7Yvydp.s:158    .text.RCC_PLLCmd:00000000 $t
C:\Users\wxpwx\AppData\Local\Temp\cc7Yvydp.s:164    .text.RCC_PLLCmd:00000000 RCC_PLLCmd
C:\Users\wxpwx\AppData\Local\Temp\cc7Yvydp.s:174    .text.RCC_PLLCmd:00000008 $d
C:\Users\wxpwx\AppData\Local\Temp\cc7Yvydp.s:177    .text.RCC_SYSCLKConfig:00000000 $t
C:\Users\wxpwx\AppData\Local\Temp\cc7Yvydp.s:183    .text.RCC_SYSCLKConfig:00000000 RCC_SYSCLKConfig
C:\Users\wxpwx\AppData\Local\Temp\cc7Yvydp.s:196    .text.RCC_SYSCLKConfig:00000010 $d
C:\Users\wxpwx\AppData\Local\Temp\cc7Yvydp.s:199    .text.RCC_GetSYSCLKSource:00000000 $t
C:\Users\wxpwx\AppData\Local\Temp\cc7Yvydp.s:205    .text.RCC_GetSYSCLKSource:00000000 RCC_GetSYSCLKSource
C:\Users\wxpwx\AppData\Local\Temp\cc7Yvydp.s:216    .text.RCC_GetSYSCLKSource:0000000c $d
C:\Users\wxpwx\AppData\Local\Temp\cc7Yvydp.s:219    .text.RCC_HCLKConfig:00000000 $t
C:\Users\wxpwx\AppData\Local\Temp\cc7Yvydp.s:225    .text.RCC_HCLKConfig:00000000 RCC_HCLKConfig
C:\Users\wxpwx\AppData\Local\Temp\cc7Yvydp.s:238    .text.RCC_HCLKConfig:00000010 $d
C:\Users\wxpwx\AppData\Local\Temp\cc7Yvydp.s:241    .text.RCC_PCLK1Config:00000000 $t
C:\Users\wxpwx\AppData\Local\Temp\cc7Yvydp.s:247    .text.RCC_PCLK1Config:00000000 RCC_PCLK1Config
C:\Users\wxpwx\AppData\Local\Temp\cc7Yvydp.s:260    .text.RCC_PCLK1Config:00000010 $d
C:\Users\wxpwx\AppData\Local\Temp\cc7Yvydp.s:263    .text.RCC_PCLK2Config:00000000 $t
C:\Users\wxpwx\AppData\Local\Temp\cc7Yvydp.s:269    .text.RCC_PCLK2Config:00000000 RCC_PCLK2Config
C:\Users\wxpwx\AppData\Local\Temp\cc7Yvydp.s:282    .text.RCC_PCLK2Config:00000010 $d
C:\Users\wxpwx\AppData\Local\Temp\cc7Yvydp.s:285    .text.RCC_ITConfig:00000000 $t
C:\Users\wxpwx\AppData\Local\Temp\cc7Yvydp.s:291    .text.RCC_ITConfig:00000000 RCC_ITConfig
C:\Users\wxpwx\AppData\Local\Temp\cc7Yvydp.s:310    .text.RCC_ITConfig:00000018 $d
C:\Users\wxpwx\AppData\Local\Temp\cc7Yvydp.s:313    .text.RCC_USBCLKConfig:00000000 $t
C:\Users\wxpwx\AppData\Local\Temp\cc7Yvydp.s:319    .text.RCC_USBCLKConfig:00000000 RCC_USBCLKConfig
C:\Users\wxpwx\AppData\Local\Temp\cc7Yvydp.s:329    .text.RCC_USBCLKConfig:00000008 $d
C:\Users\wxpwx\AppData\Local\Temp\cc7Yvydp.s:332    .text.RCC_ADCCLKConfig:00000000 $t
C:\Users\wxpwx\AppData\Local\Temp\cc7Yvydp.s:338    .text.RCC_ADCCLKConfig:00000000 RCC_ADCCLKConfig
C:\Users\wxpwx\AppData\Local\Temp\cc7Yvydp.s:351    .text.RCC_ADCCLKConfig:00000010 $d
C:\Users\wxpwx\AppData\Local\Temp\cc7Yvydp.s:354    .text.RCC_LSEConfig:00000000 $t
C:\Users\wxpwx\AppData\Local\Temp\cc7Yvydp.s:360    .text.RCC_LSEConfig:00000000 RCC_LSEConfig
C:\Users\wxpwx\AppData\Local\Temp\cc7Yvydp.s:386    .text.RCC_LSEConfig:0000002c $d
C:\Users\wxpwx\AppData\Local\Temp\cc7Yvydp.s:389    .text.RCC_LSICmd:00000000 $t
C:\Users\wxpwx\AppData\Local\Temp\cc7Yvydp.s:395    .text.RCC_LSICmd:00000000 RCC_LSICmd
C:\Users\wxpwx\AppData\Local\Temp\cc7Yvydp.s:405    .text.RCC_LSICmd:00000008 $d
C:\Users\wxpwx\AppData\Local\Temp\cc7Yvydp.s:408    .text.RCC_RTCCLKConfig:00000000 $t
C:\Users\wxpwx\AppData\Local\Temp\cc7Yvydp.s:414    .text.RCC_RTCCLKConfig:00000000 RCC_RTCCLKConfig
C:\Users\wxpwx\AppData\Local\Temp\cc7Yvydp.s:426    .text.RCC_RTCCLKConfig:0000000c $d
C:\Users\wxpwx\AppData\Local\Temp\cc7Yvydp.s:429    .text.RCC_RTCCLKCmd:00000000 $t
C:\Users\wxpwx\AppData\Local\Temp\cc7Yvydp.s:435    .text.RCC_RTCCLKCmd:00000000 RCC_RTCCLKCmd
C:\Users\wxpwx\AppData\Local\Temp\cc7Yvydp.s:445    .text.RCC_RTCCLKCmd:00000008 $d
C:\Users\wxpwx\AppData\Local\Temp\cc7Yvydp.s:448    .text.RCC_GetClocksFreq:00000000 $t
ARM GAS  C:\Users\wxpwx\AppData\Local\Temp\cc7Yvydp.s 			page 17


C:\Users\wxpwx\AppData\Local\Temp\cc7Yvydp.s:454    .text.RCC_GetClocksFreq:00000000 RCC_GetClocksFreq
C:\Users\wxpwx\AppData\Local\Temp\cc7Yvydp.s:537    .text.RCC_GetClocksFreq:000000a8 $d
C:\Users\wxpwx\AppData\Local\Temp\cc7Yvydp.s:544    .text.RCC_AHBPeriphClockCmd:00000000 $t
C:\Users\wxpwx\AppData\Local\Temp\cc7Yvydp.s:550    .text.RCC_AHBPeriphClockCmd:00000000 RCC_AHBPeriphClockCmd
C:\Users\wxpwx\AppData\Local\Temp\cc7Yvydp.s:569    .text.RCC_AHBPeriphClockCmd:00000018 $d
C:\Users\wxpwx\AppData\Local\Temp\cc7Yvydp.s:572    .text.RCC_APB2PeriphClockCmd:00000000 $t
C:\Users\wxpwx\AppData\Local\Temp\cc7Yvydp.s:578    .text.RCC_APB2PeriphClockCmd:00000000 RCC_APB2PeriphClockCmd
C:\Users\wxpwx\AppData\Local\Temp\cc7Yvydp.s:597    .text.RCC_APB2PeriphClockCmd:00000018 $d
C:\Users\wxpwx\AppData\Local\Temp\cc7Yvydp.s:600    .text.RCC_APB1PeriphClockCmd:00000000 $t
C:\Users\wxpwx\AppData\Local\Temp\cc7Yvydp.s:606    .text.RCC_APB1PeriphClockCmd:00000000 RCC_APB1PeriphClockCmd
C:\Users\wxpwx\AppData\Local\Temp\cc7Yvydp.s:625    .text.RCC_APB1PeriphClockCmd:00000018 $d
C:\Users\wxpwx\AppData\Local\Temp\cc7Yvydp.s:628    .text.RCC_APB2PeriphResetCmd:00000000 $t
C:\Users\wxpwx\AppData\Local\Temp\cc7Yvydp.s:634    .text.RCC_APB2PeriphResetCmd:00000000 RCC_APB2PeriphResetCmd
C:\Users\wxpwx\AppData\Local\Temp\cc7Yvydp.s:653    .text.RCC_APB2PeriphResetCmd:00000018 $d
C:\Users\wxpwx\AppData\Local\Temp\cc7Yvydp.s:656    .text.RCC_APB1PeriphResetCmd:00000000 $t
C:\Users\wxpwx\AppData\Local\Temp\cc7Yvydp.s:662    .text.RCC_APB1PeriphResetCmd:00000000 RCC_APB1PeriphResetCmd
C:\Users\wxpwx\AppData\Local\Temp\cc7Yvydp.s:681    .text.RCC_APB1PeriphResetCmd:00000018 $d
C:\Users\wxpwx\AppData\Local\Temp\cc7Yvydp.s:684    .text.RCC_BackupResetCmd:00000000 $t
C:\Users\wxpwx\AppData\Local\Temp\cc7Yvydp.s:690    .text.RCC_BackupResetCmd:00000000 RCC_BackupResetCmd
C:\Users\wxpwx\AppData\Local\Temp\cc7Yvydp.s:700    .text.RCC_BackupResetCmd:00000008 $d
C:\Users\wxpwx\AppData\Local\Temp\cc7Yvydp.s:703    .text.RCC_ClockSecuritySystemCmd:00000000 $t
C:\Users\wxpwx\AppData\Local\Temp\cc7Yvydp.s:709    .text.RCC_ClockSecuritySystemCmd:00000000 RCC_ClockSecuritySystemCmd
C:\Users\wxpwx\AppData\Local\Temp\cc7Yvydp.s:719    .text.RCC_ClockSecuritySystemCmd:00000008 $d
C:\Users\wxpwx\AppData\Local\Temp\cc7Yvydp.s:722    .text.RCC_MCOConfig:00000000 $t
C:\Users\wxpwx\AppData\Local\Temp\cc7Yvydp.s:728    .text.RCC_MCOConfig:00000000 RCC_MCOConfig
C:\Users\wxpwx\AppData\Local\Temp\cc7Yvydp.s:738    .text.RCC_MCOConfig:00000008 $d
C:\Users\wxpwx\AppData\Local\Temp\cc7Yvydp.s:741    .text.RCC_GetFlagStatus:00000000 $t
C:\Users\wxpwx\AppData\Local\Temp\cc7Yvydp.s:747    .text.RCC_GetFlagStatus:00000000 RCC_GetFlagStatus
C:\Users\wxpwx\AppData\Local\Temp\cc7Yvydp.s:779    .text.RCC_GetFlagStatus:00000030 $d
C:\Users\wxpwx\AppData\Local\Temp\cc7Yvydp.s:782    .text.RCC_WaitForHSEStartUp:00000000 $t
C:\Users\wxpwx\AppData\Local\Temp\cc7Yvydp.s:788    .text.RCC_WaitForHSEStartUp:00000000 RCC_WaitForHSEStartUp
C:\Users\wxpwx\AppData\Local\Temp\cc7Yvydp.s:817    .text.RCC_ClearFlag:00000000 $t
C:\Users\wxpwx\AppData\Local\Temp\cc7Yvydp.s:823    .text.RCC_ClearFlag:00000000 RCC_ClearFlag
C:\Users\wxpwx\AppData\Local\Temp\cc7Yvydp.s:835    .text.RCC_ClearFlag:0000000c $d
C:\Users\wxpwx\AppData\Local\Temp\cc7Yvydp.s:838    .text.RCC_GetITStatus:00000000 $t
C:\Users\wxpwx\AppData\Local\Temp\cc7Yvydp.s:844    .text.RCC_GetITStatus:00000000 RCC_GetITStatus
C:\Users\wxpwx\AppData\Local\Temp\cc7Yvydp.s:860    .text.RCC_GetITStatus:00000010 $d
C:\Users\wxpwx\AppData\Local\Temp\cc7Yvydp.s:863    .text.RCC_ClearITPendingBit:00000000 $t
C:\Users\wxpwx\AppData\Local\Temp\cc7Yvydp.s:869    .text.RCC_ClearITPendingBit:00000000 RCC_ClearITPendingBit
C:\Users\wxpwx\AppData\Local\Temp\cc7Yvydp.s:879    .text.RCC_ClearITPendingBit:00000008 $d
C:\Users\wxpwx\AppData\Local\Temp\cc7Yvydp.s:882    .data.ADCPrescTable:00000000 $d
C:\Users\wxpwx\AppData\Local\Temp\cc7Yvydp.s:886    .data.ADCPrescTable:00000000 ADCPrescTable
C:\Users\wxpwx\AppData\Local\Temp\cc7Yvydp.s:889    .data.APBAHBPrescTable:00000000 $d
C:\Users\wxpwx\AppData\Local\Temp\cc7Yvydp.s:893    .data.APBAHBPrescTable:00000000 APBAHBPrescTable

NO UNDEFINED SYMBOLS
