ARM GAS  C:\Users\wxpwx\AppData\Local\Temp\ccpOCQSc.s 			page 1


   1              		.cpu cortex-m3
   2              		.arch armv7-m
   3              		.fpu softvfp
   4              		.eabi_attribute 20, 1
   5              		.eabi_attribute 21, 1
   6              		.eabi_attribute 23, 3
   7              		.eabi_attribute 24, 1
   8              		.eabi_attribute 25, 1
   9              		.eabi_attribute 26, 1
  10              		.eabi_attribute 30, 1
  11              		.eabi_attribute 34, 1
  12              		.eabi_attribute 18, 4
  13              		.file	"stm32f10x_can.c"
  14              		.text
  15              		.section	.text.CheckITStatus,"ax",%progbits
  16              		.align	1
  17              		.syntax unified
  18              		.thumb
  19              		.thumb_func
  21              	CheckITStatus:
  22              		@ args = 0, pretend = 0, frame = 0
  23              		@ frame_needed = 0, uses_anonymous_args = 0
  24              		@ link register save eliminated.
  25 0000 0842     		tst	r0, r1
  26 0002 01D0     		beq	.L3
  27 0004 0120     		movs	r0, #1
  28 0006 7047     		bx	lr
  29              	.L3:
  30 0008 0020     		movs	r0, #0
  31 000a 7047     		bx	lr
  33              		.section	.text.CAN_DeInit,"ax",%progbits
  34              		.align	1
  35              		.global	CAN_DeInit
  36              		.syntax unified
  37              		.thumb
  38              		.thumb_func
  40              	CAN_DeInit:
  41              		@ args = 0, pretend = 0, frame = 0
  42              		@ frame_needed = 0, uses_anonymous_args = 0
  43 0000 08B5     		push	{r3, lr}
  44 0002 0C4B     		ldr	r3, .L9
  45 0004 9842     		cmp	r0, r3
  46 0006 0AD0     		beq	.L8
  47 0008 0121     		movs	r1, #1
  48 000a 4FF08060 		mov	r0, #67108864
  49 000e FFF7FEFF 		bl	RCC_APB1PeriphResetCmd
  50 0012 0021     		movs	r1, #0
  51 0014 4FF08060 		mov	r0, #67108864
  52 0018 FFF7FEFF 		bl	RCC_APB1PeriphResetCmd
  53              	.L4:
  54 001c 08BD     		pop	{r3, pc}
  55              	.L8:
  56 001e 0121     		movs	r1, #1
  57 0020 4FF00070 		mov	r0, #33554432
  58 0024 FFF7FEFF 		bl	RCC_APB1PeriphResetCmd
  59 0028 0021     		movs	r1, #0
  60 002a 4FF00070 		mov	r0, #33554432
ARM GAS  C:\Users\wxpwx\AppData\Local\Temp\ccpOCQSc.s 			page 2


  61 002e FFF7FEFF 		bl	RCC_APB1PeriphResetCmd
  62 0032 F3E7     		b	.L4
  63              	.L10:
  64              		.align	2
  65              	.L9:
  66 0034 00640040 		.word	1073767424
  68              		.section	.text.CAN_Init,"ax",%progbits
  69              		.align	1
  70              		.global	CAN_Init
  71              		.syntax unified
  72              		.thumb
  73              		.thumb_func
  75              	CAN_Init:
  76              		@ args = 0, pretend = 0, frame = 0
  77              		@ frame_needed = 0, uses_anonymous_args = 0
  78              		@ link register save eliminated.
  79 0000 0368     		ldr	r3, [r0]
  80 0002 23F00203 		bic	r3, r3, #2
  81 0006 0360     		str	r3, [r0]
  82 0008 0368     		ldr	r3, [r0]
  83 000a 43F00103 		orr	r3, r3, #1
  84 000e 0360     		str	r3, [r0]
  85 0010 0023     		movs	r3, #0
  86              	.L12:
  87 0012 4268     		ldr	r2, [r0, #4]
  88 0014 12F0010F 		tst	r2, #1
  89 0018 05D1     		bne	.L13
  90 001a 4FF6FF72 		movw	r2, #65535
  91 001e 9342     		cmp	r3, r2
  92 0020 01D0     		beq	.L13
  93 0022 0133     		adds	r3, r3, #1
  94 0024 F5E7     		b	.L12
  95              	.L13:
  96 0026 4368     		ldr	r3, [r0, #4]
  97 0028 13F0010F 		tst	r3, #1
  98 002c 6BD0     		beq	.L31
  99 002e 8B79     		ldrb	r3, [r1, #6]	@ zero_extendqisi2
 100 0030 012B     		cmp	r3, #1
 101 0032 3BD0     		beq	.L33
 102 0034 0368     		ldr	r3, [r0]
 103 0036 23F08003 		bic	r3, r3, #128
 104 003a 0360     		str	r3, [r0]
 105              	.L17:
 106 003c CB79     		ldrb	r3, [r1, #7]	@ zero_extendqisi2
 107 003e 012B     		cmp	r3, #1
 108 0040 39D0     		beq	.L34
 109 0042 0368     		ldr	r3, [r0]
 110 0044 23F04003 		bic	r3, r3, #64
 111 0048 0360     		str	r3, [r0]
 112              	.L19:
 113 004a 0B7A     		ldrb	r3, [r1, #8]	@ zero_extendqisi2
 114 004c 012B     		cmp	r3, #1
 115 004e 37D0     		beq	.L35
 116 0050 0368     		ldr	r3, [r0]
 117 0052 23F02003 		bic	r3, r3, #32
 118 0056 0360     		str	r3, [r0]
 119              	.L21:
ARM GAS  C:\Users\wxpwx\AppData\Local\Temp\ccpOCQSc.s 			page 3


 120 0058 4B7A     		ldrb	r3, [r1, #9]	@ zero_extendqisi2
 121 005a 012B     		cmp	r3, #1
 122 005c 35D0     		beq	.L36
 123 005e 0368     		ldr	r3, [r0]
 124 0060 23F01003 		bic	r3, r3, #16
 125 0064 0360     		str	r3, [r0]
 126              	.L23:
 127 0066 8B7A     		ldrb	r3, [r1, #10]	@ zero_extendqisi2
 128 0068 012B     		cmp	r3, #1
 129 006a 33D0     		beq	.L37
 130 006c 0368     		ldr	r3, [r0]
 131 006e 23F00803 		bic	r3, r3, #8
 132 0072 0360     		str	r3, [r0]
 133              	.L25:
 134 0074 CB7A     		ldrb	r3, [r1, #11]	@ zero_extendqisi2
 135 0076 012B     		cmp	r3, #1
 136 0078 31D0     		beq	.L38
 137 007a 0368     		ldr	r3, [r0]
 138 007c 23F00403 		bic	r3, r3, #4
 139 0080 0360     		str	r3, [r0]
 140              	.L27:
 141 0082 8A78     		ldrb	r2, [r1, #2]	@ zero_extendqisi2
 142 0084 CB78     		ldrb	r3, [r1, #3]	@ zero_extendqisi2
 143 0086 1B06     		lsls	r3, r3, #24
 144 0088 43EA8273 		orr	r3, r3, r2, lsl #30
 145 008c 0A79     		ldrb	r2, [r1, #4]	@ zero_extendqisi2
 146 008e 43EA0243 		orr	r3, r3, r2, lsl #16
 147 0092 4A79     		ldrb	r2, [r1, #5]	@ zero_extendqisi2
 148 0094 43EA0253 		orr	r3, r3, r2, lsl #20
 149 0098 0A88     		ldrh	r2, [r1]
 150 009a 013A     		subs	r2, r2, #1
 151 009c 1343     		orrs	r3, r3, r2
 152 009e C361     		str	r3, [r0, #28]
 153 00a0 0368     		ldr	r3, [r0]
 154 00a2 23F00103 		bic	r3, r3, #1
 155 00a6 0360     		str	r3, [r0]
 156 00a8 0023     		movs	r3, #0
 157 00aa 1EE0     		b	.L28
 158              	.L33:
 159 00ac 0368     		ldr	r3, [r0]
 160 00ae 43F08003 		orr	r3, r3, #128
 161 00b2 0360     		str	r3, [r0]
 162 00b4 C2E7     		b	.L17
 163              	.L34:
 164 00b6 0368     		ldr	r3, [r0]
 165 00b8 43F04003 		orr	r3, r3, #64
 166 00bc 0360     		str	r3, [r0]
 167 00be C4E7     		b	.L19
 168              	.L35:
 169 00c0 0368     		ldr	r3, [r0]
 170 00c2 43F02003 		orr	r3, r3, #32
 171 00c6 0360     		str	r3, [r0]
 172 00c8 C6E7     		b	.L21
 173              	.L36:
 174 00ca 0368     		ldr	r3, [r0]
 175 00cc 43F01003 		orr	r3, r3, #16
 176 00d0 0360     		str	r3, [r0]
ARM GAS  C:\Users\wxpwx\AppData\Local\Temp\ccpOCQSc.s 			page 4


 177 00d2 C8E7     		b	.L23
 178              	.L37:
 179 00d4 0368     		ldr	r3, [r0]
 180 00d6 43F00803 		orr	r3, r3, #8
 181 00da 0360     		str	r3, [r0]
 182 00dc CAE7     		b	.L25
 183              	.L38:
 184 00de 0368     		ldr	r3, [r0]
 185 00e0 43F00403 		orr	r3, r3, #4
 186 00e4 0360     		str	r3, [r0]
 187 00e6 CCE7     		b	.L27
 188              	.L30:
 189 00e8 0133     		adds	r3, r3, #1
 190              	.L28:
 191 00ea 4268     		ldr	r2, [r0, #4]
 192 00ec 12F0010F 		tst	r2, #1
 193 00f0 03D0     		beq	.L29
 194 00f2 4FF6FF72 		movw	r2, #65535
 195 00f6 9342     		cmp	r3, r2
 196 00f8 F6D1     		bne	.L30
 197              	.L29:
 198 00fa 4368     		ldr	r3, [r0, #4]
 199 00fc 13F0010F 		tst	r3, #1
 200 0100 03D0     		beq	.L32
 201 0102 0020     		movs	r0, #0
 202 0104 7047     		bx	lr
 203              	.L31:
 204 0106 0020     		movs	r0, #0
 205 0108 7047     		bx	lr
 206              	.L32:
 207 010a 0120     		movs	r0, #1
 208 010c 7047     		bx	lr
 210              		.section	.text.CAN_FilterInit,"ax",%progbits
 211              		.align	1
 212              		.global	CAN_FilterInit
 213              		.syntax unified
 214              		.thumb
 215              		.thumb_func
 217              	CAN_FilterInit:
 218              		@ args = 0, pretend = 0, frame = 0
 219              		@ frame_needed = 0, uses_anonymous_args = 0
 220 0000 10B5     		push	{r4, lr}
 221 0002 837A     		ldrb	r3, [r0, #10]	@ zero_extendqisi2
 222 0004 0122     		movs	r2, #1
 223 0006 02FA03F3 		lsl	r3, r2, r3
 224 000a 3F4A     		ldr	r2, .L51
 225 000c D2F80012 		ldr	r1, [r2, #512]
 226 0010 41F00101 		orr	r1, r1, #1
 227 0014 C2F80012 		str	r1, [r2, #512]
 228 0018 D2F81C12 		ldr	r1, [r2, #540]
 229 001c 6FEA030C 		mvn	ip, r3
 230 0020 21EA0301 		bic	r1, r1, r3
 231 0024 C2F81C12 		str	r1, [r2, #540]
 232 0028 027B     		ldrb	r2, [r0, #12]	@ zero_extendqisi2
 233 002a D2B9     		cbnz	r2, .L40
 234 002c 364A     		ldr	r2, .L51
 235 002e D2F80C12 		ldr	r1, [r2, #524]
ARM GAS  C:\Users\wxpwx\AppData\Local\Temp\ccpOCQSc.s 			page 5


 236 0032 0CEA0101 		and	r1, ip, r1
 237 0036 C2F80C12 		str	r1, [r2, #524]
 238 003a B0F806E0 		ldrh	lr, [r0, #6]
 239 003e 4488     		ldrh	r4, [r0, #2]
 240 0040 817A     		ldrb	r1, [r0, #10]	@ zero_extendqisi2
 241 0042 44EA0E44 		orr	r4, r4, lr, lsl #16
 242 0046 4831     		adds	r1, r1, #72
 243 0048 42F83140 		str	r4, [r2, r1, lsl #3]
 244 004c 8488     		ldrh	r4, [r0, #4]
 245 004e 0188     		ldrh	r1, [r0]
 246 0050 90F80AE0 		ldrb	lr, [r0, #10]	@ zero_extendqisi2
 247 0054 41EA0441 		orr	r1, r1, r4, lsl #16
 248 0058 0EF1480E 		add	lr, lr, #72
 249 005c 02EBCE02 		add	r2, r2, lr, lsl #3
 250 0060 5160     		str	r1, [r2, #4]
 251              	.L40:
 252 0062 027B     		ldrb	r2, [r0, #12]	@ zero_extendqisi2
 253 0064 012A     		cmp	r2, #1
 254 0066 20D0     		beq	.L48
 255              	.L41:
 256 0068 C27A     		ldrb	r2, [r0, #11]	@ zero_extendqisi2
 257 006a 002A     		cmp	r2, #0
 258 006c 37D1     		bne	.L42
 259 006e 2649     		ldr	r1, .L51
 260 0070 D1F80422 		ldr	r2, [r1, #516]
 261 0074 0CEA0202 		and	r2, ip, r2
 262 0078 C1F80422 		str	r2, [r1, #516]
 263              	.L43:
 264 007c 0289     		ldrh	r2, [r0, #8]
 265 007e 32B9     		cbnz	r2, .L44
 266 0080 2149     		ldr	r1, .L51
 267 0082 D1F81422 		ldr	r2, [r1, #532]
 268 0086 0CEA0202 		and	r2, ip, r2
 269 008a C1F81422 		str	r2, [r1, #532]
 270              	.L44:
 271 008e 0289     		ldrh	r2, [r0, #8]
 272 0090 012A     		cmp	r2, #1
 273 0092 2BD0     		beq	.L49
 274              	.L45:
 275 0094 427B     		ldrb	r2, [r0, #13]	@ zero_extendqisi2
 276 0096 012A     		cmp	r2, #1
 277 0098 2FD0     		beq	.L50
 278              	.L46:
 279 009a 1B4A     		ldr	r2, .L51
 280 009c D2F80032 		ldr	r3, [r2, #512]
 281 00a0 23F00103 		bic	r3, r3, #1
 282 00a4 C2F80032 		str	r3, [r2, #512]
 283 00a8 10BD     		pop	{r4, pc}
 284              	.L48:
 285 00aa 174A     		ldr	r2, .L51
 286 00ac D2F80C12 		ldr	r1, [r2, #524]
 287 00b0 1943     		orrs	r1, r1, r3
 288 00b2 C2F80C12 		str	r1, [r2, #524]
 289 00b6 B0F800E0 		ldrh	lr, [r0]
 290 00ba 4488     		ldrh	r4, [r0, #2]
 291 00bc 817A     		ldrb	r1, [r0, #10]	@ zero_extendqisi2
 292 00be 44EA0E44 		orr	r4, r4, lr, lsl #16
ARM GAS  C:\Users\wxpwx\AppData\Local\Temp\ccpOCQSc.s 			page 6


 293 00c2 4831     		adds	r1, r1, #72
 294 00c4 42F83140 		str	r4, [r2, r1, lsl #3]
 295 00c8 B0F804E0 		ldrh	lr, [r0, #4]
 296 00cc C188     		ldrh	r1, [r0, #6]
 297 00ce 847A     		ldrb	r4, [r0, #10]	@ zero_extendqisi2
 298 00d0 41EA0E41 		orr	r1, r1, lr, lsl #16
 299 00d4 4834     		adds	r4, r4, #72
 300 00d6 02EBC402 		add	r2, r2, r4, lsl #3
 301 00da 5160     		str	r1, [r2, #4]
 302 00dc C4E7     		b	.L41
 303              	.L42:
 304 00de 0A49     		ldr	r1, .L51
 305 00e0 D1F80422 		ldr	r2, [r1, #516]
 306 00e4 1A43     		orrs	r2, r2, r3
 307 00e6 C1F80422 		str	r2, [r1, #516]
 308 00ea C7E7     		b	.L43
 309              	.L49:
 310 00ec 0649     		ldr	r1, .L51
 311 00ee D1F81422 		ldr	r2, [r1, #532]
 312 00f2 1A43     		orrs	r2, r2, r3
 313 00f4 C1F81422 		str	r2, [r1, #532]
 314 00f8 CCE7     		b	.L45
 315              	.L50:
 316 00fa 0349     		ldr	r1, .L51
 317 00fc D1F81C22 		ldr	r2, [r1, #540]
 318 0100 1343     		orrs	r3, r3, r2
 319 0102 C1F81C32 		str	r3, [r1, #540]
 320 0106 C8E7     		b	.L46
 321              	.L52:
 322              		.align	2
 323              	.L51:
 324 0108 00640040 		.word	1073767424
 326              		.section	.text.CAN_StructInit,"ax",%progbits
 327              		.align	1
 328              		.global	CAN_StructInit
 329              		.syntax unified
 330              		.thumb
 331              		.thumb_func
 333              	CAN_StructInit:
 334              		@ args = 0, pretend = 0, frame = 0
 335              		@ frame_needed = 0, uses_anonymous_args = 0
 336              		@ link register save eliminated.
 337 0000 0023     		movs	r3, #0
 338 0002 8371     		strb	r3, [r0, #6]
 339 0004 C371     		strb	r3, [r0, #7]
 340 0006 0372     		strb	r3, [r0, #8]
 341 0008 4372     		strb	r3, [r0, #9]
 342 000a 8372     		strb	r3, [r0, #10]
 343 000c C372     		strb	r3, [r0, #11]
 344 000e 8370     		strb	r3, [r0, #2]
 345 0010 C370     		strb	r3, [r0, #3]
 346 0012 0323     		movs	r3, #3
 347 0014 0371     		strb	r3, [r0, #4]
 348 0016 0223     		movs	r3, #2
 349 0018 4371     		strb	r3, [r0, #5]
 350 001a 0123     		movs	r3, #1
 351 001c 0380     		strh	r3, [r0]	@ movhi
ARM GAS  C:\Users\wxpwx\AppData\Local\Temp\ccpOCQSc.s 			page 7


 352 001e 7047     		bx	lr
 354              		.section	.text.CAN_SlaveStartBank,"ax",%progbits
 355              		.align	1
 356              		.global	CAN_SlaveStartBank
 357              		.syntax unified
 358              		.thumb
 359              		.thumb_func
 361              	CAN_SlaveStartBank:
 362              		@ args = 0, pretend = 0, frame = 0
 363              		@ frame_needed = 0, uses_anonymous_args = 0
 364              		@ link register save eliminated.
 365 0000 0D4B     		ldr	r3, .L55
 366 0002 D3F80012 		ldr	r1, [r3, #512]
 367 0006 41F00101 		orr	r1, r1, #1
 368 000a C3F80012 		str	r1, [r3, #512]
 369 000e D3F80022 		ldr	r2, [r3, #512]
 370 0012 22F47C52 		bic	r2, r2, #16128
 371 0016 22F00E02 		bic	r2, r2, #14
 372 001a C3F80022 		str	r2, [r3, #512]
 373 001e D3F80022 		ldr	r2, [r3, #512]
 374 0022 42EA0022 		orr	r2, r2, r0, lsl #8
 375 0026 C3F80022 		str	r2, [r3, #512]
 376 002a D3F80022 		ldr	r2, [r3, #512]
 377 002e 22F00102 		bic	r2, r2, #1
 378 0032 C3F80022 		str	r2, [r3, #512]
 379 0036 7047     		bx	lr
 380              	.L56:
 381              		.align	2
 382              	.L55:
 383 0038 00640040 		.word	1073767424
 385              		.section	.text.CAN_DBGFreeze,"ax",%progbits
 386              		.align	1
 387              		.global	CAN_DBGFreeze
 388              		.syntax unified
 389              		.thumb
 390              		.thumb_func
 392              	CAN_DBGFreeze:
 393              		@ args = 0, pretend = 0, frame = 0
 394              		@ frame_needed = 0, uses_anonymous_args = 0
 395              		@ link register save eliminated.
 396 0000 21B1     		cbz	r1, .L58
 397 0002 0368     		ldr	r3, [r0]
 398 0004 43F48033 		orr	r3, r3, #65536
 399 0008 0360     		str	r3, [r0]
 400 000a 7047     		bx	lr
 401              	.L58:
 402 000c 0368     		ldr	r3, [r0]
 403 000e 23F48033 		bic	r3, r3, #65536
 404 0012 0360     		str	r3, [r0]
 405 0014 7047     		bx	lr
 407              		.section	.text.CAN_TTComModeCmd,"ax",%progbits
 408              		.align	1
 409              		.global	CAN_TTComModeCmd
 410              		.syntax unified
 411              		.thumb
 412              		.thumb_func
 414              	CAN_TTComModeCmd:
ARM GAS  C:\Users\wxpwx\AppData\Local\Temp\ccpOCQSc.s 			page 8


 415              		@ args = 0, pretend = 0, frame = 0
 416              		@ frame_needed = 0, uses_anonymous_args = 0
 417              		@ link register save eliminated.
 418 0000 B1B1     		cbz	r1, .L61
 419 0002 0368     		ldr	r3, [r0]
 420 0004 43F08003 		orr	r3, r3, #128
 421 0008 0360     		str	r3, [r0]
 422 000a D0F88431 		ldr	r3, [r0, #388]
 423 000e 43F48073 		orr	r3, r3, #256
 424 0012 C0F88431 		str	r3, [r0, #388]
 425 0016 D0F89431 		ldr	r3, [r0, #404]
 426 001a 43F48073 		orr	r3, r3, #256
 427 001e C0F89431 		str	r3, [r0, #404]
 428 0022 D0F8A431 		ldr	r3, [r0, #420]
 429 0026 43F48073 		orr	r3, r3, #256
 430 002a C0F8A431 		str	r3, [r0, #420]
 431 002e 7047     		bx	lr
 432              	.L61:
 433 0030 0368     		ldr	r3, [r0]
 434 0032 23F08003 		bic	r3, r3, #128
 435 0036 0360     		str	r3, [r0]
 436 0038 D0F88431 		ldr	r3, [r0, #388]
 437 003c 23F48073 		bic	r3, r3, #256
 438 0040 C0F88431 		str	r3, [r0, #388]
 439 0044 D0F89431 		ldr	r3, [r0, #404]
 440 0048 23F48073 		bic	r3, r3, #256
 441 004c C0F89431 		str	r3, [r0, #404]
 442 0050 D0F8A431 		ldr	r3, [r0, #420]
 443 0054 23F48073 		bic	r3, r3, #256
 444 0058 C0F8A431 		str	r3, [r0, #420]
 445 005c 7047     		bx	lr
 447              		.section	.text.CAN_Transmit,"ax",%progbits
 448              		.align	1
 449              		.global	CAN_Transmit
 450              		.syntax unified
 451              		.thumb
 452              		.thumb_func
 454              	CAN_Transmit:
 455              		@ args = 0, pretend = 0, frame = 0
 456              		@ frame_needed = 0, uses_anonymous_args = 0
 457 0000 0346     		mov	r3, r0
 458 0002 8268     		ldr	r2, [r0, #8]
 459 0004 12F0806F 		tst	r2, #67108864
 460 0008 09D1     		bne	.L68
 461 000a 8268     		ldr	r2, [r0, #8]
 462 000c 12F0006F 		tst	r2, #134217728
 463 0010 50D1     		bne	.L69
 464 0012 8268     		ldr	r2, [r0, #8]
 465 0014 12F0805F 		tst	r2, #268435456
 466 0018 5DD0     		beq	.L70
 467 001a 0220     		movs	r0, #2
 468 001c 00E0     		b	.L64
 469              	.L68:
 470 001e 0020     		movs	r0, #0
 471              	.L64:
 472 0020 30B5     		push	{r4, r5, lr}
 473 0022 8646     		mov	lr, r0
ARM GAS  C:\Users\wxpwx\AppData\Local\Temp\ccpOCQSc.s 			page 9


 474 0024 00F11802 		add	r2, r0, #24
 475 0028 1201     		lsls	r2, r2, #4
 476 002a 9C58     		ldr	r4, [r3, r2]
 477 002c 04F00104 		and	r4, r4, #1
 478 0030 9C50     		str	r4, [r3, r2]
 479 0032 0A7A     		ldrb	r2, [r1, #8]	@ zero_extendqisi2
 480 0034 002A     		cmp	r2, #0
 481 0036 3FD1     		bne	.L66
 482 0038 00F11802 		add	r2, r0, #24
 483 003c 1201     		lsls	r2, r2, #4
 484 003e 9C58     		ldr	r4, [r3, r2]
 485 0040 4D7A     		ldrb	r5, [r1, #9]	@ zero_extendqisi2
 486 0042 D1F800C0 		ldr	ip, [r1]
 487 0046 45EA4C55 		orr	r5, r5, ip, lsl #21
 488 004a 2C43     		orrs	r4, r4, r5
 489 004c 9C50     		str	r4, [r3, r2]
 490              	.L67:
 491 004e 8A7A     		ldrb	r2, [r1, #10]	@ zero_extendqisi2
 492 0050 02F00F02 		and	r2, r2, #15
 493 0054 8A72     		strb	r2, [r1, #10]
 494 0056 0EF11802 		add	r2, lr, #24
 495 005a 4FEA021C 		lsl	ip, r2, #4
 496 005e 03EB0212 		add	r2, r3, r2, lsl #4
 497 0062 5468     		ldr	r4, [r2, #4]
 498 0064 24F00F04 		bic	r4, r4, #15
 499 0068 5460     		str	r4, [r2, #4]
 500 006a 5468     		ldr	r4, [r2, #4]
 501 006c 8D7A     		ldrb	r5, [r1, #10]	@ zero_extendqisi2
 502 006e 2C43     		orrs	r4, r4, r5
 503 0070 5460     		str	r4, [r2, #4]
 504 0072 8C7B     		ldrb	r4, [r1, #14]	@ zero_extendqisi2
 505 0074 4A7B     		ldrb	r2, [r1, #13]	@ zero_extendqisi2
 506 0076 1204     		lsls	r2, r2, #16
 507 0078 42EA0462 		orr	r2, r2, r4, lsl #24
 508 007c 0C7B     		ldrb	r4, [r1, #12]	@ zero_extendqisi2
 509 007e 42EA0422 		orr	r2, r2, r4, lsl #8
 510 0082 CC7A     		ldrb	r4, [r1, #11]	@ zero_extendqisi2
 511 0084 2243     		orrs	r2, r2, r4
 512 0086 03EB0E1E 		add	lr, r3, lr, lsl #4
 513 008a CEF88821 		str	r2, [lr, #392]
 514 008e 8C7C     		ldrb	r4, [r1, #18]	@ zero_extendqisi2
 515 0090 4A7C     		ldrb	r2, [r1, #17]	@ zero_extendqisi2
 516 0092 1204     		lsls	r2, r2, #16
 517 0094 42EA0462 		orr	r2, r2, r4, lsl #24
 518 0098 0C7C     		ldrb	r4, [r1, #16]	@ zero_extendqisi2
 519 009a 42EA0422 		orr	r2, r2, r4, lsl #8
 520 009e C97B     		ldrb	r1, [r1, #15]	@ zero_extendqisi2
 521 00a0 0A43     		orrs	r2, r2, r1
 522 00a2 CEF88C21 		str	r2, [lr, #396]
 523 00a6 53F80C20 		ldr	r2, [r3, ip]
 524 00aa 42F00102 		orr	r2, r2, #1
 525 00ae 43F80C20 		str	r2, [r3, ip]
 526 00b2 30BD     		pop	{r4, r5, pc}
 527              	.L69:
 528 00b4 0120     		movs	r0, #1
 529 00b6 B3E7     		b	.L64
 530              	.L66:
ARM GAS  C:\Users\wxpwx\AppData\Local\Temp\ccpOCQSc.s 			page 10


 531 00b8 00F11804 		add	r4, r0, #24
 532 00bc 2401     		lsls	r4, r4, #4
 533 00be 1D59     		ldr	r5, [r3, r4]
 534 00c0 D1F804C0 		ldr	ip, [r1, #4]
 535 00c4 42EACC02 		orr	r2, r2, ip, lsl #3
 536 00c8 91F809C0 		ldrb	ip, [r1, #9]	@ zero_extendqisi2
 537 00cc 42EA0C02 		orr	r2, r2, ip
 538 00d0 2A43     		orrs	r2, r2, r5
 539 00d2 1A51     		str	r2, [r3, r4]
 540 00d4 BBE7     		b	.L67
 541              	.L70:
 542 00d6 0420     		movs	r0, #4
 543 00d8 7047     		bx	lr
 545              		.section	.text.CAN_TransmitStatus,"ax",%progbits
 546              		.align	1
 547              		.global	CAN_TransmitStatus
 548              		.syntax unified
 549              		.thumb
 550              		.thumb_func
 552              	CAN_TransmitStatus:
 553              		@ args = 0, pretend = 0, frame = 0
 554              		@ frame_needed = 0, uses_anonymous_args = 0
 555              		@ link register save eliminated.
 556 0000 0129     		cmp	r1, #1
 557 0002 19D0     		beq	.L75
 558 0004 0229     		cmp	r1, #2
 559 0006 1BD0     		beq	.L76
 560 0008 09B1     		cbz	r1, .L88
 561 000a 0220     		movs	r0, #2
 562 000c 7047     		bx	lr
 563              	.L88:
 564 000e 8368     		ldr	r3, [r0, #8]
 565 0010 23F07B43 		bic	r3, r3, #-83886080
 566 0014 23F47F03 		bic	r3, r3, #16711680
 567 0018 23F47F43 		bic	r3, r3, #65280
 568 001c 23F0FC03 		bic	r3, r3, #252
 569              	.L78:
 570 0020 194A     		ldr	r2, .L91
 571 0022 9342     		cmp	r3, r2
 572 0024 25D0     		beq	.L81
 573 0026 16D8     		bhi	.L79
 574 0028 184A     		ldr	r2, .L91+4
 575 002a 9342     		cmp	r3, r2
 576 002c 23D0     		beq	.L82
 577 002e 0232     		adds	r2, r2, #2
 578 0030 9342     		cmp	r3, r2
 579 0032 0DD1     		bne	.L89
 580 0034 0120     		movs	r0, #1
 581 0036 7047     		bx	lr
 582              	.L75:
 583 0038 8268     		ldr	r2, [r0, #8]
 584 003a 154B     		ldr	r3, .L91+8
 585 003c 1340     		ands	r3, r3, r2
 586 003e EFE7     		b	.L78
 587              	.L76:
 588 0040 8368     		ldr	r3, [r0, #8]
 589 0042 23F06F43 		bic	r3, r3, #-285212672
ARM GAS  C:\Users\wxpwx\AppData\Local\Temp\ccpOCQSc.s 			page 11


 590 0046 23F47C03 		bic	r3, r3, #16515072
 591 004a 1B0C     		lsrs	r3, r3, #16
 592 004c 1B04     		lsls	r3, r3, #16
 593 004e E7E7     		b	.L78
 594              	.L89:
 595 0050 9BB9     		cbnz	r3, .L84
 596 0052 0220     		movs	r0, #2
 597 0054 7047     		bx	lr
 598              	.L79:
 599 0056 0F4A     		ldr	r2, .L91+12
 600 0058 9342     		cmp	r3, r2
 601 005a 10D0     		beq	.L85
 602 005c 02F50032 		add	r2, r2, #131072
 603 0060 9342     		cmp	r3, r2
 604 0062 01D1     		bne	.L90
 605 0064 0120     		movs	r0, #1
 606 0066 7047     		bx	lr
 607              	.L90:
 608 0068 094A     		ldr	r2, .L91+8
 609 006a 9342     		cmp	r3, r2
 610 006c 09D1     		bne	.L87
 611 006e 0120     		movs	r0, #1
 612 0070 7047     		bx	lr
 613              	.L81:
 614 0072 0020     		movs	r0, #0
 615 0074 7047     		bx	lr
 616              	.L82:
 617 0076 0020     		movs	r0, #0
 618 0078 7047     		bx	lr
 619              	.L84:
 620 007a 0020     		movs	r0, #0
 621 007c 7047     		bx	lr
 622              	.L85:
 623 007e 0020     		movs	r0, #0
 624 0080 7047     		bx	lr
 625              	.L87:
 626 0082 0020     		movs	r0, #0
 627 0084 7047     		bx	lr
 628              	.L92:
 629 0086 00BF     		.align	2
 630              	.L91:
 631 0088 00010008 		.word	134217984
 632 008c 01000004 		.word	67108865
 633 0090 00030008 		.word	134218496
 634 0094 00000110 		.word	268500992
 636              		.section	.text.CAN_CancelTransmit,"ax",%progbits
 637              		.align	1
 638              		.global	CAN_CancelTransmit
 639              		.syntax unified
 640              		.thumb
 641              		.thumb_func
 643              	CAN_CancelTransmit:
 644              		@ args = 0, pretend = 0, frame = 0
 645              		@ frame_needed = 0, uses_anonymous_args = 0
 646              		@ link register save eliminated.
 647 0000 0129     		cmp	r1, #1
 648 0002 08D0     		beq	.L94
ARM GAS  C:\Users\wxpwx\AppData\Local\Temp\ccpOCQSc.s 			page 12


 649 0004 0229     		cmp	r1, #2
 650 0006 0BD0     		beq	.L95
 651 0008 01B1     		cbz	r1, .L97
 652              	.L93:
 653 000a 7047     		bx	lr
 654              	.L97:
 655 000c 8368     		ldr	r3, [r0, #8]
 656 000e 43F08003 		orr	r3, r3, #128
 657 0012 8360     		str	r3, [r0, #8]
 658 0014 7047     		bx	lr
 659              	.L94:
 660 0016 8368     		ldr	r3, [r0, #8]
 661 0018 43F40043 		orr	r3, r3, #32768
 662 001c 8360     		str	r3, [r0, #8]
 663 001e 7047     		bx	lr
 664              	.L95:
 665 0020 8368     		ldr	r3, [r0, #8]
 666 0022 43F40003 		orr	r3, r3, #8388608
 667 0026 8360     		str	r3, [r0, #8]
 668 0028 EFE7     		b	.L93
 670              		.section	.text.CAN_Receive,"ax",%progbits
 671              		.align	1
 672              		.global	CAN_Receive
 673              		.syntax unified
 674              		.thumb
 675              		.thumb_func
 677              	CAN_Receive:
 678              		@ args = 0, pretend = 0, frame = 0
 679              		@ frame_needed = 0, uses_anonymous_args = 0
 680              		@ link register save eliminated.
 681 0000 10B4     		push	{r4}
 682 0002 01F11B03 		add	r3, r1, #27
 683 0006 1B01     		lsls	r3, r3, #4
 684 0008 C358     		ldr	r3, [r0, r3]
 685 000a 03F00403 		and	r3, r3, #4
 686 000e 1372     		strb	r3, [r2, #8]
 687 0010 002B     		cmp	r3, #0
 688 0012 3ED1     		bne	.L99
 689 0014 01F11B03 		add	r3, r1, #27
 690 0018 1B01     		lsls	r3, r3, #4
 691 001a C358     		ldr	r3, [r0, r3]
 692 001c 5B0D     		lsrs	r3, r3, #21
 693 001e 1360     		str	r3, [r2]
 694              	.L100:
 695 0020 01F11B03 		add	r3, r1, #27
 696 0024 1C01     		lsls	r4, r3, #4
 697 0026 00EB0313 		add	r3, r0, r3, lsl #4
 698 002a 0459     		ldr	r4, [r0, r4]
 699 002c 04F00204 		and	r4, r4, #2
 700 0030 5472     		strb	r4, [r2, #9]
 701 0032 5C68     		ldr	r4, [r3, #4]
 702 0034 04F00F04 		and	r4, r4, #15
 703 0038 9472     		strb	r4, [r2, #10]
 704 003a 5B68     		ldr	r3, [r3, #4]
 705 003c 1B0A     		lsrs	r3, r3, #8
 706 003e D374     		strb	r3, [r2, #19]
 707 0040 00EB0113 		add	r3, r0, r1, lsl #4
ARM GAS  C:\Users\wxpwx\AppData\Local\Temp\ccpOCQSc.s 			page 13


 708 0044 D3F8B841 		ldr	r4, [r3, #440]
 709 0048 D472     		strb	r4, [r2, #11]
 710 004a D3F8B841 		ldr	r4, [r3, #440]
 711 004e 240A     		lsrs	r4, r4, #8
 712 0050 1473     		strb	r4, [r2, #12]
 713 0052 D3F8B841 		ldr	r4, [r3, #440]
 714 0056 240C     		lsrs	r4, r4, #16
 715 0058 5473     		strb	r4, [r2, #13]
 716 005a D3F8B841 		ldr	r4, [r3, #440]
 717 005e 240E     		lsrs	r4, r4, #24
 718 0060 9473     		strb	r4, [r2, #14]
 719 0062 D3F8BC41 		ldr	r4, [r3, #444]
 720 0066 D473     		strb	r4, [r2, #15]
 721 0068 D3F8BC41 		ldr	r4, [r3, #444]
 722 006c 240A     		lsrs	r4, r4, #8
 723 006e 1474     		strb	r4, [r2, #16]
 724 0070 D3F8BC41 		ldr	r4, [r3, #444]
 725 0074 4FEA144C 		lsr	ip, r4, #16
 726 0078 82F811C0 		strb	ip, [r2, #17]
 727 007c D3F8BC31 		ldr	r3, [r3, #444]
 728 0080 1B0E     		lsrs	r3, r3, #24
 729 0082 9374     		strb	r3, [r2, #18]
 730 0084 61B9     		cbnz	r1, .L101
 731 0086 C368     		ldr	r3, [r0, #12]
 732 0088 43F02003 		orr	r3, r3, #32
 733 008c C360     		str	r3, [r0, #12]
 734              	.L98:
 735 008e 10BC     		pop	{r4}
 736 0090 7047     		bx	lr
 737              	.L99:
 738 0092 01F11B03 		add	r3, r1, #27
 739 0096 1B01     		lsls	r3, r3, #4
 740 0098 C358     		ldr	r3, [r0, r3]
 741 009a DB08     		lsrs	r3, r3, #3
 742 009c 5360     		str	r3, [r2, #4]
 743 009e BFE7     		b	.L100
 744              	.L101:
 745 00a0 0369     		ldr	r3, [r0, #16]
 746 00a2 43F02003 		orr	r3, r3, #32
 747 00a6 0361     		str	r3, [r0, #16]
 748 00a8 F1E7     		b	.L98
 750              		.section	.text.CAN_FIFORelease,"ax",%progbits
 751              		.align	1
 752              		.global	CAN_FIFORelease
 753              		.syntax unified
 754              		.thumb
 755              		.thumb_func
 757              	CAN_FIFORelease:
 758              		@ args = 0, pretend = 0, frame = 0
 759              		@ frame_needed = 0, uses_anonymous_args = 0
 760              		@ link register save eliminated.
 761 0000 21B9     		cbnz	r1, .L105
 762 0002 C368     		ldr	r3, [r0, #12]
 763 0004 43F02003 		orr	r3, r3, #32
 764 0008 C360     		str	r3, [r0, #12]
 765 000a 7047     		bx	lr
 766              	.L105:
ARM GAS  C:\Users\wxpwx\AppData\Local\Temp\ccpOCQSc.s 			page 14


 767 000c 0369     		ldr	r3, [r0, #16]
 768 000e 43F02003 		orr	r3, r3, #32
 769 0012 0361     		str	r3, [r0, #16]
 770 0014 7047     		bx	lr
 772              		.section	.text.CAN_MessagePending,"ax",%progbits
 773              		.align	1
 774              		.global	CAN_MessagePending
 775              		.syntax unified
 776              		.thumb
 777              		.thumb_func
 779              	CAN_MessagePending:
 780              		@ args = 0, pretend = 0, frame = 0
 781              		@ frame_needed = 0, uses_anonymous_args = 0
 782              		@ link register save eliminated.
 783 0000 19B9     		cbnz	r1, .L108
 784 0002 C068     		ldr	r0, [r0, #12]
 785 0004 00F00300 		and	r0, r0, #3
 786 0008 7047     		bx	lr
 787              	.L108:
 788 000a 0129     		cmp	r1, #1
 789 000c 01D0     		beq	.L111
 790 000e 0020     		movs	r0, #0
 791 0010 7047     		bx	lr
 792              	.L111:
 793 0012 0069     		ldr	r0, [r0, #16]
 794 0014 00F00300 		and	r0, r0, #3
 795 0018 7047     		bx	lr
 797              		.section	.text.CAN_OperatingModeRequest,"ax",%progbits
 798              		.align	1
 799              		.global	CAN_OperatingModeRequest
 800              		.syntax unified
 801              		.thumb
 802              		.thumb_func
 804              	CAN_OperatingModeRequest:
 805              		@ args = 0, pretend = 0, frame = 0
 806              		@ frame_needed = 0, uses_anonymous_args = 0
 807              		@ link register save eliminated.
 808 0000 8C46     		mov	ip, r1
 809 0002 B1B9     		cbnz	r1, .L113
 810 0004 0368     		ldr	r3, [r0]
 811 0006 23F00303 		bic	r3, r3, #3
 812 000a 43F00103 		orr	r3, r3, #1
 813 000e 0360     		str	r3, [r0]
 814 0010 4FF6FF72 		movw	r2, #65535
 815              	.L114:
 816 0014 4368     		ldr	r3, [r0, #4]
 817 0016 03F00303 		and	r3, r3, #3
 818 001a 012B     		cmp	r3, #1
 819 001c 02D0     		beq	.L115
 820 001e 0AB1     		cbz	r2, .L115
 821 0020 013A     		subs	r2, r2, #1
 822 0022 F7E7     		b	.L114
 823              	.L115:
 824 0024 4368     		ldr	r3, [r0, #4]
 825 0026 03F00303 		and	r3, r3, #3
 826 002a 012B     		cmp	r3, #1
 827 002c 33D0     		beq	.L125
ARM GAS  C:\Users\wxpwx\AppData\Local\Temp\ccpOCQSc.s 			page 15


 828 002e 6046     		mov	r0, ip
 829 0030 7047     		bx	lr
 830              	.L113:
 831 0032 0129     		cmp	r1, #1
 832 0034 03D0     		beq	.L129
 833 0036 0229     		cmp	r1, #2
 834 0038 15D0     		beq	.L130
 835 003a 0020     		movs	r0, #0
 836 003c 7047     		bx	lr
 837              	.L129:
 838 003e 0368     		ldr	r3, [r0]
 839 0040 23F00303 		bic	r3, r3, #3
 840 0044 0360     		str	r3, [r0]
 841 0046 4FF6FF73 		movw	r3, #65535
 842 004a 00E0     		b	.L119
 843              	.L121:
 844 004c 013B     		subs	r3, r3, #1
 845              	.L119:
 846 004e 4268     		ldr	r2, [r0, #4]
 847 0050 12F0030F 		tst	r2, #3
 848 0054 01D0     		beq	.L120
 849 0056 002B     		cmp	r3, #0
 850 0058 F8D1     		bne	.L121
 851              	.L120:
 852 005a 4368     		ldr	r3, [r0, #4]
 853 005c 13F0030F 		tst	r3, #3
 854 0060 1BD0     		beq	.L126
 855 0062 0020     		movs	r0, #0
 856 0064 7047     		bx	lr
 857              	.L130:
 858 0066 0368     		ldr	r3, [r0]
 859 0068 23F00303 		bic	r3, r3, #3
 860 006c 43F00203 		orr	r3, r3, #2
 861 0070 0360     		str	r3, [r0]
 862 0072 4FF6FF72 		movw	r2, #65535
 863 0076 00E0     		b	.L122
 864              	.L124:
 865 0078 013A     		subs	r2, r2, #1
 866              	.L122:
 867 007a 4368     		ldr	r3, [r0, #4]
 868 007c 03F00303 		and	r3, r3, #3
 869 0080 022B     		cmp	r3, #2
 870 0082 01D0     		beq	.L123
 871 0084 002A     		cmp	r2, #0
 872 0086 F7D1     		bne	.L124
 873              	.L123:
 874 0088 4368     		ldr	r3, [r0, #4]
 875 008a 03F00303 		and	r3, r3, #3
 876 008e 022B     		cmp	r3, #2
 877 0090 05D0     		beq	.L128
 878 0092 0020     		movs	r0, #0
 879 0094 7047     		bx	lr
 880              	.L125:
 881 0096 0120     		movs	r0, #1
 882 0098 7047     		bx	lr
 883              	.L126:
 884 009a 6046     		mov	r0, ip
ARM GAS  C:\Users\wxpwx\AppData\Local\Temp\ccpOCQSc.s 			page 16


 885 009c 7047     		bx	lr
 886              	.L128:
 887 009e 0120     		movs	r0, #1
 888 00a0 7047     		bx	lr
 890              		.section	.text.CAN_Sleep,"ax",%progbits
 891              		.align	1
 892              		.global	CAN_Sleep
 893              		.syntax unified
 894              		.thumb
 895              		.thumb_func
 897              	CAN_Sleep:
 898              		@ args = 0, pretend = 0, frame = 0
 899              		@ frame_needed = 0, uses_anonymous_args = 0
 900              		@ link register save eliminated.
 901 0000 0368     		ldr	r3, [r0]
 902 0002 23F00303 		bic	r3, r3, #3
 903 0006 43F00203 		orr	r3, r3, #2
 904 000a 0360     		str	r3, [r0]
 905 000c 4368     		ldr	r3, [r0, #4]
 906 000e 03F00303 		and	r3, r3, #3
 907 0012 022B     		cmp	r3, #2
 908 0014 01D0     		beq	.L133
 909 0016 0020     		movs	r0, #0
 910 0018 7047     		bx	lr
 911              	.L133:
 912 001a 0120     		movs	r0, #1
 913 001c 7047     		bx	lr
 915              		.section	.text.CAN_WakeUp,"ax",%progbits
 916              		.align	1
 917              		.global	CAN_WakeUp
 918              		.syntax unified
 919              		.thumb
 920              		.thumb_func
 922              	CAN_WakeUp:
 923              		@ args = 0, pretend = 0, frame = 0
 924              		@ frame_needed = 0, uses_anonymous_args = 0
 925              		@ link register save eliminated.
 926 0000 0368     		ldr	r3, [r0]
 927 0002 23F00203 		bic	r3, r3, #2
 928 0006 0360     		str	r3, [r0]
 929 0008 4FF6FF73 		movw	r3, #65535
 930              	.L135:
 931 000c 4268     		ldr	r2, [r0, #4]
 932 000e 12F0020F 		tst	r2, #2
 933 0012 02D0     		beq	.L136
 934 0014 0BB1     		cbz	r3, .L136
 935 0016 013B     		subs	r3, r3, #1
 936 0018 F8E7     		b	.L135
 937              	.L136:
 938 001a 4368     		ldr	r3, [r0, #4]
 939 001c 13F0020F 		tst	r3, #2
 940 0020 01D0     		beq	.L139
 941 0022 0020     		movs	r0, #0
 942 0024 7047     		bx	lr
 943              	.L139:
 944 0026 0120     		movs	r0, #1
 945 0028 7047     		bx	lr
ARM GAS  C:\Users\wxpwx\AppData\Local\Temp\ccpOCQSc.s 			page 17


 947              		.section	.text.CAN_GetLastErrorCode,"ax",%progbits
 948              		.align	1
 949              		.global	CAN_GetLastErrorCode
 950              		.syntax unified
 951              		.thumb
 952              		.thumb_func
 954              	CAN_GetLastErrorCode:
 955              		@ args = 0, pretend = 0, frame = 0
 956              		@ frame_needed = 0, uses_anonymous_args = 0
 957              		@ link register save eliminated.
 958 0000 8069     		ldr	r0, [r0, #24]
 959 0002 00F07000 		and	r0, r0, #112
 960 0006 7047     		bx	lr
 962              		.section	.text.CAN_GetReceiveErrorCounter,"ax",%progbits
 963              		.align	1
 964              		.global	CAN_GetReceiveErrorCounter
 965              		.syntax unified
 966              		.thumb
 967              		.thumb_func
 969              	CAN_GetReceiveErrorCounter:
 970              		@ args = 0, pretend = 0, frame = 0
 971              		@ frame_needed = 0, uses_anonymous_args = 0
 972              		@ link register save eliminated.
 973 0000 8069     		ldr	r0, [r0, #24]
 974 0002 000E     		lsrs	r0, r0, #24
 975 0004 7047     		bx	lr
 977              		.section	.text.CAN_GetLSBTransmitErrorCounter,"ax",%progbits
 978              		.align	1
 979              		.global	CAN_GetLSBTransmitErrorCounter
 980              		.syntax unified
 981              		.thumb
 982              		.thumb_func
 984              	CAN_GetLSBTransmitErrorCounter:
 985              		@ args = 0, pretend = 0, frame = 0
 986              		@ frame_needed = 0, uses_anonymous_args = 0
 987              		@ link register save eliminated.
 988 0000 8069     		ldr	r0, [r0, #24]
 989 0002 C0F30740 		ubfx	r0, r0, #16, #8
 990 0006 7047     		bx	lr
 992              		.section	.text.CAN_ITConfig,"ax",%progbits
 993              		.align	1
 994              		.global	CAN_ITConfig
 995              		.syntax unified
 996              		.thumb
 997              		.thumb_func
 999              	CAN_ITConfig:
 1000              		@ args = 0, pretend = 0, frame = 0
 1001              		@ frame_needed = 0, uses_anonymous_args = 0
 1002              		@ link register save eliminated.
 1003 0000 1AB1     		cbz	r2, .L144
 1004 0002 4369     		ldr	r3, [r0, #20]
 1005 0004 1943     		orrs	r1, r1, r3
 1006 0006 4161     		str	r1, [r0, #20]
 1007 0008 7047     		bx	lr
 1008              	.L144:
 1009 000a 4369     		ldr	r3, [r0, #20]
 1010 000c 23EA0101 		bic	r1, r3, r1
ARM GAS  C:\Users\wxpwx\AppData\Local\Temp\ccpOCQSc.s 			page 18


 1011 0010 4161     		str	r1, [r0, #20]
 1012 0012 7047     		bx	lr
 1014              		.section	.text.CAN_GetFlagStatus,"ax",%progbits
 1015              		.align	1
 1016              		.global	CAN_GetFlagStatus
 1017              		.syntax unified
 1018              		.thumb
 1019              		.thumb_func
 1021              	CAN_GetFlagStatus:
 1022              		@ args = 0, pretend = 0, frame = 0
 1023              		@ frame_needed = 0, uses_anonymous_args = 0
 1024              		@ link register save eliminated.
 1025 0000 11F4700F 		tst	r1, #15728640
 1026 0004 06D0     		beq	.L147
 1027 0006 8369     		ldr	r3, [r0, #24]
 1028 0008 1940     		ands	r1, r1, r3
 1029 000a C1F31301 		ubfx	r1, r1, #0, #20
 1030 000e 31B3     		cbz	r1, .L152
 1031 0010 0120     		movs	r0, #1
 1032 0012 7047     		bx	lr
 1033              	.L147:
 1034 0014 11F0807F 		tst	r1, #16777216
 1035 0018 06D0     		beq	.L149
 1036 001a 4368     		ldr	r3, [r0, #4]
 1037 001c 1940     		ands	r1, r1, r3
 1038 001e C1F31301 		ubfx	r1, r1, #0, #20
 1039 0022 F1B1     		cbz	r1, .L153
 1040 0024 0120     		movs	r0, #1
 1041 0026 7047     		bx	lr
 1042              	.L149:
 1043 0028 11F0006F 		tst	r1, #134217728
 1044 002c 06D0     		beq	.L150
 1045 002e 8368     		ldr	r3, [r0, #8]
 1046 0030 1940     		ands	r1, r1, r3
 1047 0032 C1F31301 		ubfx	r1, r1, #0, #20
 1048 0036 B1B1     		cbz	r1, .L154
 1049 0038 0120     		movs	r0, #1
 1050 003a 7047     		bx	lr
 1051              	.L150:
 1052 003c 11F0007F 		tst	r1, #33554432
 1053 0040 06D0     		beq	.L151
 1054 0042 C368     		ldr	r3, [r0, #12]
 1055 0044 1940     		ands	r1, r1, r3
 1056 0046 C1F31301 		ubfx	r1, r1, #0, #20
 1057 004a 71B1     		cbz	r1, .L155
 1058 004c 0120     		movs	r0, #1
 1059 004e 7047     		bx	lr
 1060              	.L151:
 1061 0050 0369     		ldr	r3, [r0, #16]
 1062 0052 1940     		ands	r1, r1, r3
 1063 0054 C1F31301 		ubfx	r1, r1, #0, #20
 1064 0058 49B1     		cbz	r1, .L156
 1065 005a 0120     		movs	r0, #1
 1066 005c 7047     		bx	lr
 1067              	.L152:
 1068 005e 0020     		movs	r0, #0
 1069 0060 7047     		bx	lr
ARM GAS  C:\Users\wxpwx\AppData\Local\Temp\ccpOCQSc.s 			page 19


 1070              	.L153:
 1071 0062 0020     		movs	r0, #0
 1072 0064 7047     		bx	lr
 1073              	.L154:
 1074 0066 0020     		movs	r0, #0
 1075 0068 7047     		bx	lr
 1076              	.L155:
 1077 006a 0020     		movs	r0, #0
 1078 006c 7047     		bx	lr
 1079              	.L156:
 1080 006e 0020     		movs	r0, #0
 1081 0070 7047     		bx	lr
 1083              		.section	.text.CAN_ClearFlag,"ax",%progbits
 1084              		.align	1
 1085              		.global	CAN_ClearFlag
 1086              		.syntax unified
 1087              		.thumb
 1088              		.thumb_func
 1090              	CAN_ClearFlag:
 1091              		@ args = 0, pretend = 0, frame = 0
 1092              		@ frame_needed = 0, uses_anonymous_args = 0
 1093              		@ link register save eliminated.
 1094 0000 0C4B     		ldr	r3, .L164
 1095 0002 9942     		cmp	r1, r3
 1096 0004 06D0     		beq	.L163
 1097 0006 C1F31303 		ubfx	r3, r1, #0, #20
 1098 000a 11F0007F 		tst	r1, #33554432
 1099 000e 04D0     		beq	.L160
 1100 0010 C360     		str	r3, [r0, #12]
 1101 0012 7047     		bx	lr
 1102              	.L163:
 1103 0014 0023     		movs	r3, #0
 1104 0016 8361     		str	r3, [r0, #24]
 1105 0018 7047     		bx	lr
 1106              	.L160:
 1107 001a 11F0806F 		tst	r1, #67108864
 1108 001e 01D0     		beq	.L161
 1109 0020 0361     		str	r3, [r0, #16]
 1110 0022 7047     		bx	lr
 1111              	.L161:
 1112 0024 11F0006F 		tst	r1, #134217728
 1113 0028 01D0     		beq	.L162
 1114 002a 8360     		str	r3, [r0, #8]
 1115 002c 7047     		bx	lr
 1116              	.L162:
 1117 002e 4360     		str	r3, [r0, #4]
 1118 0030 7047     		bx	lr
 1119              	.L165:
 1120 0032 00BF     		.align	2
 1121              	.L164:
 1122 0034 7000F030 		.word	821035120
 1124              		.section	.text.CAN_GetITStatus,"ax",%progbits
 1125              		.align	1
 1126              		.global	CAN_GetITStatus
 1127              		.syntax unified
 1128              		.thumb
 1129              		.thumb_func
ARM GAS  C:\Users\wxpwx\AppData\Local\Temp\ccpOCQSc.s 			page 20


 1131              	CAN_GetITStatus:
 1132              		@ args = 0, pretend = 0, frame = 0
 1133              		@ frame_needed = 0, uses_anonymous_args = 0
 1134 0000 08B5     		push	{r3, lr}
 1135 0002 4369     		ldr	r3, [r0, #20]
 1136 0004 0B42     		tst	r3, r1
 1137 0006 7DD0     		beq	.L186
 1138 0008 B1F5807F 		cmp	r1, #256
 1139 000c 6BD0     		beq	.L168
 1140 000e 21D8     		bhi	.L169
 1141 0010 2029     		cmp	r1, #32
 1142 0012 16D8     		bhi	.L170
 1143 0014 0029     		cmp	r1, #0
 1144 0016 77D0     		beq	.L187
 1145 0018 0139     		subs	r1, r1, #1
 1146 001a 1F29     		cmp	r1, #31
 1147 001c 76D8     		bhi	.L188
 1148 001e DFE801F0 		tbb	[pc, r1]
 1149              	.L172:
 1150 0022 3F       		.byte	(.L177-.L172)/2
 1151 0023 44       		.byte	(.L176-.L172)/2
 1152 0024 75       		.byte	(.L188-.L172)/2
 1153 0025 49       		.byte	(.L175-.L172)/2
 1154 0026 75       		.byte	(.L188-.L172)/2
 1155 0027 75       		.byte	(.L188-.L172)/2
 1156 0028 75       		.byte	(.L188-.L172)/2
 1157 0029 4E       		.byte	(.L174-.L172)/2
 1158 002a 75       		.byte	(.L188-.L172)/2
 1159 002b 75       		.byte	(.L188-.L172)/2
 1160 002c 75       		.byte	(.L188-.L172)/2
 1161 002d 75       		.byte	(.L188-.L172)/2
 1162 002e 75       		.byte	(.L188-.L172)/2
 1163 002f 75       		.byte	(.L188-.L172)/2
 1164 0030 75       		.byte	(.L188-.L172)/2
 1165 0031 53       		.byte	(.L173-.L172)/2
 1166 0032 75       		.byte	(.L188-.L172)/2
 1167 0033 75       		.byte	(.L188-.L172)/2
 1168 0034 75       		.byte	(.L188-.L172)/2
 1169 0035 75       		.byte	(.L188-.L172)/2
 1170 0036 75       		.byte	(.L188-.L172)/2
 1171 0037 75       		.byte	(.L188-.L172)/2
 1172 0038 75       		.byte	(.L188-.L172)/2
 1173 0039 75       		.byte	(.L188-.L172)/2
 1174 003a 75       		.byte	(.L188-.L172)/2
 1175 003b 75       		.byte	(.L188-.L172)/2
 1176 003c 75       		.byte	(.L188-.L172)/2
 1177 003d 75       		.byte	(.L188-.L172)/2
 1178 003e 75       		.byte	(.L188-.L172)/2
 1179 003f 75       		.byte	(.L188-.L172)/2
 1180 0040 75       		.byte	(.L188-.L172)/2
 1181 0041 58       		.byte	(.L171-.L172)/2
 1182              		.p2align 1
 1183              	.L170:
 1184 0042 4029     		cmp	r1, #64
 1185 0044 04D1     		bne	.L190
 1186 0046 0069     		ldr	r0, [r0, #16]
 1187 0048 1021     		movs	r1, #16
ARM GAS  C:\Users\wxpwx\AppData\Local\Temp\ccpOCQSc.s 			page 21


 1188 004a FFF7FEFF 		bl	CheckITStatus
 1189 004e 5AE0     		b	.L167
 1190              	.L190:
 1191 0050 0020     		movs	r0, #0
 1192 0052 58E0     		b	.L167
 1193              	.L169:
 1194 0054 B1F5004F 		cmp	r1, #32768
 1195 0058 4FD0     		beq	.L179
 1196 005a 0AD9     		bls	.L191
 1197 005c B1F5803F 		cmp	r1, #65536
 1198 0060 3CD0     		beq	.L184
 1199 0062 B1F5003F 		cmp	r1, #131072
 1200 0066 19D1     		bne	.L192
 1201 0068 4068     		ldr	r0, [r0, #4]
 1202 006a 1021     		movs	r1, #16
 1203 006c FFF7FEFF 		bl	CheckITStatus
 1204 0070 49E0     		b	.L167
 1205              	.L191:
 1206 0072 B1F5806F 		cmp	r1, #1024
 1207 0076 3BD0     		beq	.L181
 1208 0078 B1F5006F 		cmp	r1, #2048
 1209 007c 04D1     		bne	.L193
 1210 007e 8069     		ldr	r0, [r0, #24]
 1211 0080 7021     		movs	r1, #112
 1212 0082 FFF7FEFF 		bl	CheckITStatus
 1213 0086 3EE0     		b	.L167
 1214              	.L193:
 1215 0088 B1F5007F 		cmp	r1, #512
 1216 008c 04D1     		bne	.L194
 1217 008e 8069     		ldr	r0, [r0, #24]
 1218 0090 0221     		movs	r1, #2
 1219 0092 FFF7FEFF 		bl	CheckITStatus
 1220 0096 36E0     		b	.L167
 1221              	.L194:
 1222 0098 0020     		movs	r0, #0
 1223 009a 34E0     		b	.L167
 1224              	.L192:
 1225 009c 0020     		movs	r0, #0
 1226 009e 32E0     		b	.L167
 1227              	.L177:
 1228 00a0 8068     		ldr	r0, [r0, #8]
 1229 00a2 1B49     		ldr	r1, .L195
 1230 00a4 FFF7FEFF 		bl	CheckITStatus
 1231 00a8 2DE0     		b	.L167
 1232              	.L176:
 1233 00aa C068     		ldr	r0, [r0, #12]
 1234 00ac 0321     		movs	r1, #3
 1235 00ae FFF7FEFF 		bl	CheckITStatus
 1236 00b2 28E0     		b	.L167
 1237              	.L175:
 1238 00b4 C068     		ldr	r0, [r0, #12]
 1239 00b6 0821     		movs	r1, #8
 1240 00b8 FFF7FEFF 		bl	CheckITStatus
 1241 00bc 23E0     		b	.L167
 1242              	.L174:
 1243 00be C068     		ldr	r0, [r0, #12]
 1244 00c0 1021     		movs	r1, #16
ARM GAS  C:\Users\wxpwx\AppData\Local\Temp\ccpOCQSc.s 			page 22


 1245 00c2 FFF7FEFF 		bl	CheckITStatus
 1246 00c6 1EE0     		b	.L167
 1247              	.L173:
 1248 00c8 0069     		ldr	r0, [r0, #16]
 1249 00ca 0321     		movs	r1, #3
 1250 00cc FFF7FEFF 		bl	CheckITStatus
 1251 00d0 19E0     		b	.L167
 1252              	.L171:
 1253 00d2 0069     		ldr	r0, [r0, #16]
 1254 00d4 0821     		movs	r1, #8
 1255 00d6 FFF7FEFF 		bl	CheckITStatus
 1256 00da 14E0     		b	.L167
 1257              	.L184:
 1258 00dc 4068     		ldr	r0, [r0, #4]
 1259 00de 0821     		movs	r1, #8
 1260 00e0 FFF7FEFF 		bl	CheckITStatus
 1261 00e4 0FE0     		b	.L167
 1262              	.L168:
 1263 00e6 8069     		ldr	r0, [r0, #24]
 1264 00e8 0121     		movs	r1, #1
 1265 00ea FFF7FEFF 		bl	CheckITStatus
 1266 00ee 0AE0     		b	.L167
 1267              	.L181:
 1268 00f0 8069     		ldr	r0, [r0, #24]
 1269 00f2 0421     		movs	r1, #4
 1270 00f4 FFF7FEFF 		bl	CheckITStatus
 1271 00f8 05E0     		b	.L167
 1272              	.L179:
 1273 00fa 4068     		ldr	r0, [r0, #4]
 1274 00fc 0421     		movs	r1, #4
 1275 00fe FFF7FEFF 		bl	CheckITStatus
 1276 0102 00E0     		b	.L167
 1277              	.L186:
 1278 0104 0020     		movs	r0, #0
 1279              	.L167:
 1280 0106 08BD     		pop	{r3, pc}
 1281              	.L187:
 1282 0108 0020     		movs	r0, #0
 1283 010a FCE7     		b	.L167
 1284              	.L188:
 1285 010c 0020     		movs	r0, #0
 1286 010e FAE7     		b	.L167
 1287              	.L196:
 1288              		.align	2
 1289              	.L195:
 1290 0110 01010100 		.word	65793
 1292              		.section	.text.CAN_ClearITPendingBit,"ax",%progbits
 1293              		.align	1
 1294              		.global	CAN_ClearITPendingBit
 1295              		.syntax unified
 1296              		.thumb
 1297              		.thumb_func
 1299              	CAN_ClearITPendingBit:
 1300              		@ args = 0, pretend = 0, frame = 0
 1301              		@ frame_needed = 0, uses_anonymous_args = 0
 1302              		@ link register save eliminated.
 1303 0000 B1F5007F 		cmp	r1, #512
ARM GAS  C:\Users\wxpwx\AppData\Local\Temp\ccpOCQSc.s 			page 23


 1304 0004 4ED0     		beq	.L198
 1305 0006 21D8     		bhi	.L199
 1306 0008 2029     		cmp	r1, #32
 1307 000a 16D8     		bhi	.L200
 1308 000c 0029     		cmp	r1, #0
 1309 000e 53D0     		beq	.L197
 1310 0010 0139     		subs	r1, r1, #1
 1311 0012 1F29     		cmp	r1, #31
 1312 0014 50D8     		bhi	.L197
 1313 0016 DFE801F0 		tbb	[pc, r1]
 1314              	.L203:
 1315 001a 33       		.byte	(.L206-.L203)/2
 1316 001b 4F       		.byte	(.L197-.L203)/2
 1317 001c 4F       		.byte	(.L197-.L203)/2
 1318 001d 36       		.byte	(.L205-.L203)/2
 1319 001e 4F       		.byte	(.L197-.L203)/2
 1320 001f 4F       		.byte	(.L197-.L203)/2
 1321 0020 4F       		.byte	(.L197-.L203)/2
 1322 0021 39       		.byte	(.L204-.L203)/2
 1323 0022 4F       		.byte	(.L197-.L203)/2
 1324 0023 4F       		.byte	(.L197-.L203)/2
 1325 0024 4F       		.byte	(.L197-.L203)/2
 1326 0025 4F       		.byte	(.L197-.L203)/2
 1327 0026 4F       		.byte	(.L197-.L203)/2
 1328 0027 4F       		.byte	(.L197-.L203)/2
 1329 0028 4F       		.byte	(.L197-.L203)/2
 1330 0029 4F       		.byte	(.L197-.L203)/2
 1331 002a 4F       		.byte	(.L197-.L203)/2
 1332 002b 4F       		.byte	(.L197-.L203)/2
 1333 002c 4F       		.byte	(.L197-.L203)/2
 1334 002d 4F       		.byte	(.L197-.L203)/2
 1335 002e 4F       		.byte	(.L197-.L203)/2
 1336 002f 4F       		.byte	(.L197-.L203)/2
 1337 0030 4F       		.byte	(.L197-.L203)/2
 1338 0031 4F       		.byte	(.L197-.L203)/2
 1339 0032 4F       		.byte	(.L197-.L203)/2
 1340 0033 4F       		.byte	(.L197-.L203)/2
 1341 0034 4F       		.byte	(.L197-.L203)/2
 1342 0035 4F       		.byte	(.L197-.L203)/2
 1343 0036 4F       		.byte	(.L197-.L203)/2
 1344 0037 4F       		.byte	(.L197-.L203)/2
 1345 0038 4F       		.byte	(.L197-.L203)/2
 1346 0039 3C       		.byte	(.L202-.L203)/2
 1347              		.p2align 1
 1348              	.L200:
 1349 003a 4029     		cmp	r1, #64
 1350 003c 2CD0     		beq	.L207
 1351 003e B1F5807F 		cmp	r1, #256
 1352 0042 02D1     		bne	.L215
 1353 0044 0423     		movs	r3, #4
 1354 0046 4360     		str	r3, [r0, #4]
 1355 0048 7047     		bx	lr
 1356              	.L215:
 1357 004a 7047     		bx	lr
 1358              	.L199:
 1359 004c B1F5004F 		cmp	r1, #32768
 1360 0050 2ED0     		beq	.L209
ARM GAS  C:\Users\wxpwx\AppData\Local\Temp\ccpOCQSc.s 			page 24


 1361 0052 08D9     		bls	.L216
 1362 0054 B1F5803F 		cmp	r1, #65536
 1363 0058 21D0     		beq	.L213
 1364 005a B1F5003F 		cmp	r1, #131072
 1365 005e 0ED1     		bne	.L217
 1366 0060 1023     		movs	r3, #16
 1367 0062 4360     		str	r3, [r0, #4]
 1368 0064 7047     		bx	lr
 1369              	.L216:
 1370 0066 B1F5806F 		cmp	r1, #1024
 1371 006a 1ED0     		beq	.L211
 1372 006c B1F5006F 		cmp	r1, #2048
 1373 0070 04D1     		bne	.L218
 1374 0072 0023     		movs	r3, #0
 1375 0074 8361     		str	r3, [r0, #24]
 1376 0076 0423     		movs	r3, #4
 1377 0078 4360     		str	r3, [r0, #4]
 1378 007a 7047     		bx	lr
 1379              	.L218:
 1380 007c 7047     		bx	lr
 1381              	.L217:
 1382 007e 7047     		bx	lr
 1383              	.L206:
 1384 0080 0E4B     		ldr	r3, .L219
 1385 0082 8360     		str	r3, [r0, #8]
 1386 0084 7047     		bx	lr
 1387              	.L205:
 1388 0086 0823     		movs	r3, #8
 1389 0088 C360     		str	r3, [r0, #12]
 1390 008a 7047     		bx	lr
 1391              	.L204:
 1392 008c 1023     		movs	r3, #16
 1393 008e C360     		str	r3, [r0, #12]
 1394 0090 7047     		bx	lr
 1395              	.L202:
 1396 0092 0823     		movs	r3, #8
 1397 0094 0361     		str	r3, [r0, #16]
 1398 0096 7047     		bx	lr
 1399              	.L207:
 1400 0098 1023     		movs	r3, #16
 1401 009a 0361     		str	r3, [r0, #16]
 1402 009c 7047     		bx	lr
 1403              	.L213:
 1404 009e 0823     		movs	r3, #8
 1405 00a0 4360     		str	r3, [r0, #4]
 1406 00a2 7047     		bx	lr
 1407              	.L198:
 1408 00a4 0423     		movs	r3, #4
 1409 00a6 4360     		str	r3, [r0, #4]
 1410 00a8 7047     		bx	lr
 1411              	.L211:
 1412 00aa 0423     		movs	r3, #4
 1413 00ac 4360     		str	r3, [r0, #4]
 1414 00ae 7047     		bx	lr
 1415              	.L209:
 1416 00b0 0023     		movs	r3, #0
 1417 00b2 8361     		str	r3, [r0, #24]
ARM GAS  C:\Users\wxpwx\AppData\Local\Temp\ccpOCQSc.s 			page 25


 1418 00b4 0423     		movs	r3, #4
 1419 00b6 4360     		str	r3, [r0, #4]
 1420              	.L197:
 1421 00b8 7047     		bx	lr
 1422              	.L220:
 1423 00ba 00BF     		.align	2
 1424              	.L219:
 1425 00bc 01010100 		.word	65793
 1427              		.ident	"GCC: (GNU Arm Embedded Toolchain 10.3-2021.10) 10.3.1 20210824 (release)"
ARM GAS  C:\Users\wxpwx\AppData\Local\Temp\ccpOCQSc.s 			page 26


DEFINED SYMBOLS
                            *ABS*:00000000 stm32f10x_can.c
C:\Users\wxpwx\AppData\Local\Temp\ccpOCQSc.s:16     .text.CheckITStatus:00000000 $t
C:\Users\wxpwx\AppData\Local\Temp\ccpOCQSc.s:21     .text.CheckITStatus:00000000 CheckITStatus
C:\Users\wxpwx\AppData\Local\Temp\ccpOCQSc.s:34     .text.CAN_DeInit:00000000 $t
C:\Users\wxpwx\AppData\Local\Temp\ccpOCQSc.s:40     .text.CAN_DeInit:00000000 CAN_DeInit
C:\Users\wxpwx\AppData\Local\Temp\ccpOCQSc.s:66     .text.CAN_DeInit:00000034 $d
C:\Users\wxpwx\AppData\Local\Temp\ccpOCQSc.s:69     .text.CAN_Init:00000000 $t
C:\Users\wxpwx\AppData\Local\Temp\ccpOCQSc.s:75     .text.CAN_Init:00000000 CAN_Init
C:\Users\wxpwx\AppData\Local\Temp\ccpOCQSc.s:211    .text.CAN_FilterInit:00000000 $t
C:\Users\wxpwx\AppData\Local\Temp\ccpOCQSc.s:217    .text.CAN_FilterInit:00000000 CAN_FilterInit
C:\Users\wxpwx\AppData\Local\Temp\ccpOCQSc.s:324    .text.CAN_FilterInit:00000108 $d
C:\Users\wxpwx\AppData\Local\Temp\ccpOCQSc.s:327    .text.CAN_StructInit:00000000 $t
C:\Users\wxpwx\AppData\Local\Temp\ccpOCQSc.s:333    .text.CAN_StructInit:00000000 CAN_StructInit
C:\Users\wxpwx\AppData\Local\Temp\ccpOCQSc.s:355    .text.CAN_SlaveStartBank:00000000 $t
C:\Users\wxpwx\AppData\Local\Temp\ccpOCQSc.s:361    .text.CAN_SlaveStartBank:00000000 CAN_SlaveStartBank
C:\Users\wxpwx\AppData\Local\Temp\ccpOCQSc.s:383    .text.CAN_SlaveStartBank:00000038 $d
C:\Users\wxpwx\AppData\Local\Temp\ccpOCQSc.s:386    .text.CAN_DBGFreeze:00000000 $t
C:\Users\wxpwx\AppData\Local\Temp\ccpOCQSc.s:392    .text.CAN_DBGFreeze:00000000 CAN_DBGFreeze
C:\Users\wxpwx\AppData\Local\Temp\ccpOCQSc.s:408    .text.CAN_TTComModeCmd:00000000 $t
C:\Users\wxpwx\AppData\Local\Temp\ccpOCQSc.s:414    .text.CAN_TTComModeCmd:00000000 CAN_TTComModeCmd
C:\Users\wxpwx\AppData\Local\Temp\ccpOCQSc.s:448    .text.CAN_Transmit:00000000 $t
C:\Users\wxpwx\AppData\Local\Temp\ccpOCQSc.s:454    .text.CAN_Transmit:00000000 CAN_Transmit
C:\Users\wxpwx\AppData\Local\Temp\ccpOCQSc.s:546    .text.CAN_TransmitStatus:00000000 $t
C:\Users\wxpwx\AppData\Local\Temp\ccpOCQSc.s:552    .text.CAN_TransmitStatus:00000000 CAN_TransmitStatus
C:\Users\wxpwx\AppData\Local\Temp\ccpOCQSc.s:631    .text.CAN_TransmitStatus:00000088 $d
C:\Users\wxpwx\AppData\Local\Temp\ccpOCQSc.s:637    .text.CAN_CancelTransmit:00000000 $t
C:\Users\wxpwx\AppData\Local\Temp\ccpOCQSc.s:643    .text.CAN_CancelTransmit:00000000 CAN_CancelTransmit
C:\Users\wxpwx\AppData\Local\Temp\ccpOCQSc.s:671    .text.CAN_Receive:00000000 $t
C:\Users\wxpwx\AppData\Local\Temp\ccpOCQSc.s:677    .text.CAN_Receive:00000000 CAN_Receive
C:\Users\wxpwx\AppData\Local\Temp\ccpOCQSc.s:751    .text.CAN_FIFORelease:00000000 $t
C:\Users\wxpwx\AppData\Local\Temp\ccpOCQSc.s:757    .text.CAN_FIFORelease:00000000 CAN_FIFORelease
C:\Users\wxpwx\AppData\Local\Temp\ccpOCQSc.s:773    .text.CAN_MessagePending:00000000 $t
C:\Users\wxpwx\AppData\Local\Temp\ccpOCQSc.s:779    .text.CAN_MessagePending:00000000 CAN_MessagePending
C:\Users\wxpwx\AppData\Local\Temp\ccpOCQSc.s:798    .text.CAN_OperatingModeRequest:00000000 $t
C:\Users\wxpwx\AppData\Local\Temp\ccpOCQSc.s:804    .text.CAN_OperatingModeRequest:00000000 CAN_OperatingModeRequest
C:\Users\wxpwx\AppData\Local\Temp\ccpOCQSc.s:891    .text.CAN_Sleep:00000000 $t
C:\Users\wxpwx\AppData\Local\Temp\ccpOCQSc.s:897    .text.CAN_Sleep:00000000 CAN_Sleep
C:\Users\wxpwx\AppData\Local\Temp\ccpOCQSc.s:916    .text.CAN_WakeUp:00000000 $t
C:\Users\wxpwx\AppData\Local\Temp\ccpOCQSc.s:922    .text.CAN_WakeUp:00000000 CAN_WakeUp
C:\Users\wxpwx\AppData\Local\Temp\ccpOCQSc.s:948    .text.CAN_GetLastErrorCode:00000000 $t
C:\Users\wxpwx\AppData\Local\Temp\ccpOCQSc.s:954    .text.CAN_GetLastErrorCode:00000000 CAN_GetLastErrorCode
C:\Users\wxpwx\AppData\Local\Temp\ccpOCQSc.s:963    .text.CAN_GetReceiveErrorCounter:00000000 $t
C:\Users\wxpwx\AppData\Local\Temp\ccpOCQSc.s:969    .text.CAN_GetReceiveErrorCounter:00000000 CAN_GetReceiveErrorCounter
C:\Users\wxpwx\AppData\Local\Temp\ccpOCQSc.s:978    .text.CAN_GetLSBTransmitErrorCounter:00000000 $t
C:\Users\wxpwx\AppData\Local\Temp\ccpOCQSc.s:984    .text.CAN_GetLSBTransmitErrorCounter:00000000 CAN_GetLSBTransmitErrorCounter
C:\Users\wxpwx\AppData\Local\Temp\ccpOCQSc.s:993    .text.CAN_ITConfig:00000000 $t
C:\Users\wxpwx\AppData\Local\Temp\ccpOCQSc.s:999    .text.CAN_ITConfig:00000000 CAN_ITConfig
C:\Users\wxpwx\AppData\Local\Temp\ccpOCQSc.s:1015   .text.CAN_GetFlagStatus:00000000 $t
C:\Users\wxpwx\AppData\Local\Temp\ccpOCQSc.s:1021   .text.CAN_GetFlagStatus:00000000 CAN_GetFlagStatus
C:\Users\wxpwx\AppData\Local\Temp\ccpOCQSc.s:1084   .text.CAN_ClearFlag:00000000 $t
C:\Users\wxpwx\AppData\Local\Temp\ccpOCQSc.s:1090   .text.CAN_ClearFlag:00000000 CAN_ClearFlag
C:\Users\wxpwx\AppData\Local\Temp\ccpOCQSc.s:1122   .text.CAN_ClearFlag:00000034 $d
C:\Users\wxpwx\AppData\Local\Temp\ccpOCQSc.s:1125   .text.CAN_GetITStatus:00000000 $t
C:\Users\wxpwx\AppData\Local\Temp\ccpOCQSc.s:1131   .text.CAN_GetITStatus:00000000 CAN_GetITStatus
C:\Users\wxpwx\AppData\Local\Temp\ccpOCQSc.s:1150   .text.CAN_GetITStatus:00000022 $d
C:\Users\wxpwx\AppData\Local\Temp\ccpOCQSc.s:1182   .text.CAN_GetITStatus:00000042 $t
ARM GAS  C:\Users\wxpwx\AppData\Local\Temp\ccpOCQSc.s 			page 27


C:\Users\wxpwx\AppData\Local\Temp\ccpOCQSc.s:1290   .text.CAN_GetITStatus:00000110 $d
C:\Users\wxpwx\AppData\Local\Temp\ccpOCQSc.s:1293   .text.CAN_ClearITPendingBit:00000000 $t
C:\Users\wxpwx\AppData\Local\Temp\ccpOCQSc.s:1299   .text.CAN_ClearITPendingBit:00000000 CAN_ClearITPendingBit
C:\Users\wxpwx\AppData\Local\Temp\ccpOCQSc.s:1315   .text.CAN_ClearITPendingBit:0000001a $d
C:\Users\wxpwx\AppData\Local\Temp\ccpOCQSc.s:1347   .text.CAN_ClearITPendingBit:0000003a $t
C:\Users\wxpwx\AppData\Local\Temp\ccpOCQSc.s:1425   .text.CAN_ClearITPendingBit:000000bc $d

UNDEFINED SYMBOLS
RCC_APB1PeriphResetCmd
