ARM GAS  C:\Users\wxpwx\AppData\Local\Temp\ccROy9uH.s 			page 1


   1              		.cpu cortex-m3
   2              		.arch armv7-m
   3              		.fpu softvfp
   4              		.eabi_attribute 20, 1
   5              		.eabi_attribute 21, 1
   6              		.eabi_attribute 23, 3
   7              		.eabi_attribute 24, 1
   8              		.eabi_attribute 25, 1
   9              		.eabi_attribute 26, 1
  10              		.eabi_attribute 30, 1
  11              		.eabi_attribute 34, 1
  12              		.eabi_attribute 18, 4
  13              		.file	"stm32f10x_i2c.c"
  14              		.text
  15              		.section	.text.I2C_DeInit,"ax",%progbits
  16              		.align	1
  17              		.global	I2C_DeInit
  18              		.syntax unified
  19              		.thumb
  20              		.thumb_func
  22              	I2C_DeInit:
  23              		@ args = 0, pretend = 0, frame = 0
  24              		@ frame_needed = 0, uses_anonymous_args = 0
  25 0000 08B5     		push	{r3, lr}
  26 0002 0C4B     		ldr	r3, .L6
  27 0004 9842     		cmp	r0, r3
  28 0006 0AD0     		beq	.L5
  29 0008 0121     		movs	r1, #1
  30 000a 4FF48000 		mov	r0, #4194304
  31 000e FFF7FEFF 		bl	RCC_APB1PeriphResetCmd
  32 0012 0021     		movs	r1, #0
  33 0014 4FF48000 		mov	r0, #4194304
  34 0018 FFF7FEFF 		bl	RCC_APB1PeriphResetCmd
  35              	.L1:
  36 001c 08BD     		pop	{r3, pc}
  37              	.L5:
  38 001e 0121     		movs	r1, #1
  39 0020 4FF40010 		mov	r0, #2097152
  40 0024 FFF7FEFF 		bl	RCC_APB1PeriphResetCmd
  41 0028 0021     		movs	r1, #0
  42 002a 4FF40010 		mov	r0, #2097152
  43 002e FFF7FEFF 		bl	RCC_APB1PeriphResetCmd
  44 0032 F3E7     		b	.L1
  45              	.L7:
  46              		.align	2
  47              	.L6:
  48 0034 00540040 		.word	1073763328
  50              		.section	.text.I2C_Init,"ax",%progbits
  51              		.align	1
  52              		.global	I2C_Init
  53              		.syntax unified
  54              		.thumb
  55              		.thumb_func
  57              	I2C_Init:
  58              		@ args = 0, pretend = 0, frame = 24
  59              		@ frame_needed = 0, uses_anonymous_args = 0
  60 0000 70B5     		push	{r4, r5, r6, lr}
ARM GAS  C:\Users\wxpwx\AppData\Local\Temp\ccROy9uH.s 			page 2


  61 0002 86B0     		sub	sp, sp, #24
  62 0004 0446     		mov	r4, r0
  63 0006 0D46     		mov	r5, r1
  64 0008 8688     		ldrh	r6, [r0, #4]
  65 000a B6B2     		uxth	r6, r6
  66 000c 26F03F06 		bic	r6, r6, #63
  67 0010 B6B2     		uxth	r6, r6
  68 0012 01A8     		add	r0, sp, #4
  69 0014 FFF7FEFF 		bl	RCC_GetClocksFreq
  70 0018 0398     		ldr	r0, [sp, #12]
  71 001a 2D4B     		ldr	r3, .L18
  72 001c A3FB0023 		umull	r2, r3, r3, r0
  73 0020 990C     		lsrs	r1, r3, #18
  74 0022 46EA9346 		orr	r6, r6, r3, lsr #18
  75 0026 A680     		strh	r6, [r4, #4]	@ movhi
  76 0028 2288     		ldrh	r2, [r4]
  77 002a 92B2     		uxth	r2, r2
  78 002c 22F00102 		bic	r2, r2, #1
  79 0030 92B2     		uxth	r2, r2
  80 0032 2280     		strh	r2, [r4]	@ movhi
  81 0034 2B68     		ldr	r3, [r5]
  82 0036 274A     		ldr	r2, .L18+4
  83 0038 9342     		cmp	r3, r2
  84 003a 22D8     		bhi	.L9
  85 003c 8C46     		mov	ip, r1
  86 003e 5B00     		lsls	r3, r3, #1
  87 0040 B0FBF3F3 		udiv	r3, r0, r3
  88 0044 9BB2     		uxth	r3, r3
  89 0046 032B     		cmp	r3, #3
  90 0048 00D8     		bhi	.L10
  91 004a 0423     		movs	r3, #4
  92              	.L10:
  93 004c 0CF1010C 		add	ip, ip, #1
  94 0050 A4F820C0 		strh	ip, [r4, #32]	@ movhi
  95              	.L11:
  96 0054 A383     		strh	r3, [r4, #28]	@ movhi
  97 0056 2388     		ldrh	r3, [r4]
  98 0058 9BB2     		uxth	r3, r3
  99 005a 43F00103 		orr	r3, r3, #1
 100 005e 2380     		strh	r3, [r4]	@ movhi
 101 0060 2388     		ldrh	r3, [r4]
 102 0062 9BB2     		uxth	r3, r3
 103 0064 23F48163 		bic	r3, r3, #1032
 104 0068 23F00203 		bic	r3, r3, #2
 105 006c AA88     		ldrh	r2, [r5, #4]
 106 006e 6989     		ldrh	r1, [r5, #10]
 107 0070 0A43     		orrs	r2, r2, r1
 108 0072 1343     		orrs	r3, r3, r2
 109 0074 2380     		strh	r3, [r4]	@ movhi
 110 0076 AB89     		ldrh	r3, [r5, #12]
 111 0078 2A89     		ldrh	r2, [r5, #8]
 112 007a 1343     		orrs	r3, r3, r2
 113 007c 2381     		strh	r3, [r4, #8]	@ movhi
 114 007e 06B0     		add	sp, sp, #24
 115              		@ sp needed
 116 0080 70BD     		pop	{r4, r5, r6, pc}
 117              	.L9:
ARM GAS  C:\Users\wxpwx\AppData\Local\Temp\ccROy9uH.s 			page 3


 118 0082 EE88     		ldrh	r6, [r5, #6]
 119 0084 4BF6FF72 		movw	r2, #49151
 120 0088 9642     		cmp	r6, r2
 121 008a 1BD0     		beq	.L17
 122 008c 03EB8303 		add	r3, r3, r3, lsl #2
 123 0090 03EB8303 		add	r3, r3, r3, lsl #2
 124 0094 B0FBF3F3 		udiv	r3, r0, r3
 125 0098 9BB2     		uxth	r3, r3
 126 009a 43F48043 		orr	r3, r3, #16384
 127              	.L13:
 128 009e C3F30B02 		ubfx	r2, r3, #0, #12
 129 00a2 0AB9     		cbnz	r2, .L14
 130 00a4 43F00103 		orr	r3, r3, #1
 131              	.L14:
 132 00a8 43F40043 		orr	r3, r3, #32768
 133 00ac 4FF49672 		mov	r2, #300
 134 00b0 01FB02F2 		mul	r2, r1, r2
 135 00b4 0849     		ldr	r1, .L18+8
 136 00b6 81FB0212 		smull	r1, r2, r1, r2
 137 00ba 9211     		asrs	r2, r2, #6
 138 00bc 0132     		adds	r2, r2, #1
 139 00be 92B2     		uxth	r2, r2
 140 00c0 2284     		strh	r2, [r4, #32]	@ movhi
 141 00c2 C7E7     		b	.L11
 142              	.L17:
 143 00c4 03EB4303 		add	r3, r3, r3, lsl #1
 144 00c8 B0FBF3F3 		udiv	r3, r0, r3
 145 00cc 9BB2     		uxth	r3, r3
 146 00ce E6E7     		b	.L13
 147              	.L19:
 148              		.align	2
 149              	.L18:
 150 00d0 83DE1B43 		.word	1125899907
 151 00d4 A0860100 		.word	100000
 152 00d8 D34D6210 		.word	274877907
 154              		.section	.text.I2C_StructInit,"ax",%progbits
 155              		.align	1
 156              		.global	I2C_StructInit
 157              		.syntax unified
 158              		.thumb
 159              		.thumb_func
 161              	I2C_StructInit:
 162              		@ args = 0, pretend = 0, frame = 0
 163              		@ frame_needed = 0, uses_anonymous_args = 0
 164              		@ link register save eliminated.
 165 0000 41F28833 		movw	r3, #5000
 166 0004 0360     		str	r3, [r0]
 167 0006 0023     		movs	r3, #0
 168 0008 8380     		strh	r3, [r0, #4]	@ movhi
 169 000a 4BF6FF72 		movw	r2, #49151
 170 000e C280     		strh	r2, [r0, #6]	@ movhi
 171 0010 0381     		strh	r3, [r0, #8]	@ movhi
 172 0012 4381     		strh	r3, [r0, #10]	@ movhi
 173 0014 4FF48043 		mov	r3, #16384
 174 0018 8381     		strh	r3, [r0, #12]	@ movhi
 175 001a 7047     		bx	lr
 177              		.section	.text.I2C_Cmd,"ax",%progbits
ARM GAS  C:\Users\wxpwx\AppData\Local\Temp\ccROy9uH.s 			page 4


 178              		.align	1
 179              		.global	I2C_Cmd
 180              		.syntax unified
 181              		.thumb
 182              		.thumb_func
 184              	I2C_Cmd:
 185              		@ args = 0, pretend = 0, frame = 0
 186              		@ frame_needed = 0, uses_anonymous_args = 0
 187              		@ link register save eliminated.
 188 0000 29B1     		cbz	r1, .L22
 189 0002 0388     		ldrh	r3, [r0]
 190 0004 9BB2     		uxth	r3, r3
 191 0006 43F00103 		orr	r3, r3, #1
 192 000a 0380     		strh	r3, [r0]	@ movhi
 193 000c 7047     		bx	lr
 194              	.L22:
 195 000e 0388     		ldrh	r3, [r0]
 196 0010 9BB2     		uxth	r3, r3
 197 0012 23F00103 		bic	r3, r3, #1
 198 0016 9BB2     		uxth	r3, r3
 199 0018 0380     		strh	r3, [r0]	@ movhi
 200 001a 7047     		bx	lr
 202              		.section	.text.I2C_DMACmd,"ax",%progbits
 203              		.align	1
 204              		.global	I2C_DMACmd
 205              		.syntax unified
 206              		.thumb
 207              		.thumb_func
 209              	I2C_DMACmd:
 210              		@ args = 0, pretend = 0, frame = 0
 211              		@ frame_needed = 0, uses_anonymous_args = 0
 212              		@ link register save eliminated.
 213 0000 29B1     		cbz	r1, .L25
 214 0002 8388     		ldrh	r3, [r0, #4]
 215 0004 9BB2     		uxth	r3, r3
 216 0006 43F40063 		orr	r3, r3, #2048
 217 000a 8380     		strh	r3, [r0, #4]	@ movhi
 218 000c 7047     		bx	lr
 219              	.L25:
 220 000e 8388     		ldrh	r3, [r0, #4]
 221 0010 9BB2     		uxth	r3, r3
 222 0012 23F40063 		bic	r3, r3, #2048
 223 0016 9BB2     		uxth	r3, r3
 224 0018 8380     		strh	r3, [r0, #4]	@ movhi
 225 001a 7047     		bx	lr
 227              		.section	.text.I2C_DMALastTransferCmd,"ax",%progbits
 228              		.align	1
 229              		.global	I2C_DMALastTransferCmd
 230              		.syntax unified
 231              		.thumb
 232              		.thumb_func
 234              	I2C_DMALastTransferCmd:
 235              		@ args = 0, pretend = 0, frame = 0
 236              		@ frame_needed = 0, uses_anonymous_args = 0
 237              		@ link register save eliminated.
 238 0000 29B1     		cbz	r1, .L28
 239 0002 8388     		ldrh	r3, [r0, #4]
ARM GAS  C:\Users\wxpwx\AppData\Local\Temp\ccROy9uH.s 			page 5


 240 0004 9BB2     		uxth	r3, r3
 241 0006 43F48053 		orr	r3, r3, #4096
 242 000a 8380     		strh	r3, [r0, #4]	@ movhi
 243 000c 7047     		bx	lr
 244              	.L28:
 245 000e 8388     		ldrh	r3, [r0, #4]
 246 0010 9BB2     		uxth	r3, r3
 247 0012 23F48053 		bic	r3, r3, #4096
 248 0016 9BB2     		uxth	r3, r3
 249 0018 8380     		strh	r3, [r0, #4]	@ movhi
 250 001a 7047     		bx	lr
 252              		.section	.text.I2C_GenerateSTART,"ax",%progbits
 253              		.align	1
 254              		.global	I2C_GenerateSTART
 255              		.syntax unified
 256              		.thumb
 257              		.thumb_func
 259              	I2C_GenerateSTART:
 260              		@ args = 0, pretend = 0, frame = 0
 261              		@ frame_needed = 0, uses_anonymous_args = 0
 262              		@ link register save eliminated.
 263 0000 29B1     		cbz	r1, .L31
 264 0002 0388     		ldrh	r3, [r0]
 265 0004 9BB2     		uxth	r3, r3
 266 0006 43F48073 		orr	r3, r3, #256
 267 000a 0380     		strh	r3, [r0]	@ movhi
 268 000c 7047     		bx	lr
 269              	.L31:
 270 000e 0388     		ldrh	r3, [r0]
 271 0010 9BB2     		uxth	r3, r3
 272 0012 23F48073 		bic	r3, r3, #256
 273 0016 9BB2     		uxth	r3, r3
 274 0018 0380     		strh	r3, [r0]	@ movhi
 275 001a 7047     		bx	lr
 277              		.section	.text.I2C_GenerateSTOP,"ax",%progbits
 278              		.align	1
 279              		.global	I2C_GenerateSTOP
 280              		.syntax unified
 281              		.thumb
 282              		.thumb_func
 284              	I2C_GenerateSTOP:
 285              		@ args = 0, pretend = 0, frame = 0
 286              		@ frame_needed = 0, uses_anonymous_args = 0
 287              		@ link register save eliminated.
 288 0000 29B1     		cbz	r1, .L34
 289 0002 0388     		ldrh	r3, [r0]
 290 0004 9BB2     		uxth	r3, r3
 291 0006 43F40073 		orr	r3, r3, #512
 292 000a 0380     		strh	r3, [r0]	@ movhi
 293 000c 7047     		bx	lr
 294              	.L34:
 295 000e 0388     		ldrh	r3, [r0]
 296 0010 9BB2     		uxth	r3, r3
 297 0012 23F40073 		bic	r3, r3, #512
 298 0016 9BB2     		uxth	r3, r3
 299 0018 0380     		strh	r3, [r0]	@ movhi
 300 001a 7047     		bx	lr
ARM GAS  C:\Users\wxpwx\AppData\Local\Temp\ccROy9uH.s 			page 6


 302              		.section	.text.I2C_AcknowledgeConfig,"ax",%progbits
 303              		.align	1
 304              		.global	I2C_AcknowledgeConfig
 305              		.syntax unified
 306              		.thumb
 307              		.thumb_func
 309              	I2C_AcknowledgeConfig:
 310              		@ args = 0, pretend = 0, frame = 0
 311              		@ frame_needed = 0, uses_anonymous_args = 0
 312              		@ link register save eliminated.
 313 0000 29B1     		cbz	r1, .L37
 314 0002 0388     		ldrh	r3, [r0]
 315 0004 9BB2     		uxth	r3, r3
 316 0006 43F48063 		orr	r3, r3, #1024
 317 000a 0380     		strh	r3, [r0]	@ movhi
 318 000c 7047     		bx	lr
 319              	.L37:
 320 000e 0388     		ldrh	r3, [r0]
 321 0010 9BB2     		uxth	r3, r3
 322 0012 23F48063 		bic	r3, r3, #1024
 323 0016 9BB2     		uxth	r3, r3
 324 0018 0380     		strh	r3, [r0]	@ movhi
 325 001a 7047     		bx	lr
 327              		.section	.text.I2C_OwnAddress2Config,"ax",%progbits
 328              		.align	1
 329              		.global	I2C_OwnAddress2Config
 330              		.syntax unified
 331              		.thumb
 332              		.thumb_func
 334              	I2C_OwnAddress2Config:
 335              		@ args = 0, pretend = 0, frame = 0
 336              		@ frame_needed = 0, uses_anonymous_args = 0
 337              		@ link register save eliminated.
 338 0000 8389     		ldrh	r3, [r0, #12]
 339 0002 9BB2     		uxth	r3, r3
 340 0004 23F0FE03 		bic	r3, r3, #254
 341 0008 01F0FE01 		and	r1, r1, #254
 342 000c 0B43     		orrs	r3, r3, r1
 343 000e 8381     		strh	r3, [r0, #12]	@ movhi
 344 0010 7047     		bx	lr
 346              		.section	.text.I2C_DualAddressCmd,"ax",%progbits
 347              		.align	1
 348              		.global	I2C_DualAddressCmd
 349              		.syntax unified
 350              		.thumb
 351              		.thumb_func
 353              	I2C_DualAddressCmd:
 354              		@ args = 0, pretend = 0, frame = 0
 355              		@ frame_needed = 0, uses_anonymous_args = 0
 356              		@ link register save eliminated.
 357 0000 29B1     		cbz	r1, .L41
 358 0002 8389     		ldrh	r3, [r0, #12]
 359 0004 9BB2     		uxth	r3, r3
 360 0006 43F00103 		orr	r3, r3, #1
 361 000a 8381     		strh	r3, [r0, #12]	@ movhi
 362 000c 7047     		bx	lr
 363              	.L41:
ARM GAS  C:\Users\wxpwx\AppData\Local\Temp\ccROy9uH.s 			page 7


 364 000e 8389     		ldrh	r3, [r0, #12]
 365 0010 9BB2     		uxth	r3, r3
 366 0012 23F00103 		bic	r3, r3, #1
 367 0016 9BB2     		uxth	r3, r3
 368 0018 8381     		strh	r3, [r0, #12]	@ movhi
 369 001a 7047     		bx	lr
 371              		.section	.text.I2C_GeneralCallCmd,"ax",%progbits
 372              		.align	1
 373              		.global	I2C_GeneralCallCmd
 374              		.syntax unified
 375              		.thumb
 376              		.thumb_func
 378              	I2C_GeneralCallCmd:
 379              		@ args = 0, pretend = 0, frame = 0
 380              		@ frame_needed = 0, uses_anonymous_args = 0
 381              		@ link register save eliminated.
 382 0000 29B1     		cbz	r1, .L44
 383 0002 0388     		ldrh	r3, [r0]
 384 0004 9BB2     		uxth	r3, r3
 385 0006 43F04003 		orr	r3, r3, #64
 386 000a 0380     		strh	r3, [r0]	@ movhi
 387 000c 7047     		bx	lr
 388              	.L44:
 389 000e 0388     		ldrh	r3, [r0]
 390 0010 9BB2     		uxth	r3, r3
 391 0012 23F04003 		bic	r3, r3, #64
 392 0016 9BB2     		uxth	r3, r3
 393 0018 0380     		strh	r3, [r0]	@ movhi
 394 001a 7047     		bx	lr
 396              		.section	.text.I2C_ITConfig,"ax",%progbits
 397              		.align	1
 398              		.global	I2C_ITConfig
 399              		.syntax unified
 400              		.thumb
 401              		.thumb_func
 403              	I2C_ITConfig:
 404              		@ args = 0, pretend = 0, frame = 0
 405              		@ frame_needed = 0, uses_anonymous_args = 0
 406              		@ link register save eliminated.
 407 0000 22B1     		cbz	r2, .L47
 408 0002 8388     		ldrh	r3, [r0, #4]
 409 0004 9BB2     		uxth	r3, r3
 410 0006 1943     		orrs	r1, r1, r3
 411 0008 8180     		strh	r1, [r0, #4]	@ movhi
 412 000a 7047     		bx	lr
 413              	.L47:
 414 000c 8388     		ldrh	r3, [r0, #4]
 415 000e C943     		mvns	r1, r1
 416 0010 89B2     		uxth	r1, r1
 417 0012 1940     		ands	r1, r1, r3
 418 0014 8180     		strh	r1, [r0, #4]	@ movhi
 419 0016 7047     		bx	lr
 421              		.section	.text.I2C_SendData,"ax",%progbits
 422              		.align	1
 423              		.global	I2C_SendData
 424              		.syntax unified
 425              		.thumb
ARM GAS  C:\Users\wxpwx\AppData\Local\Temp\ccROy9uH.s 			page 8


 426              		.thumb_func
 428              	I2C_SendData:
 429              		@ args = 0, pretend = 0, frame = 0
 430              		@ frame_needed = 0, uses_anonymous_args = 0
 431              		@ link register save eliminated.
 432 0000 0182     		strh	r1, [r0, #16]	@ movhi
 433 0002 7047     		bx	lr
 435              		.section	.text.I2C_ReceiveData,"ax",%progbits
 436              		.align	1
 437              		.global	I2C_ReceiveData
 438              		.syntax unified
 439              		.thumb
 440              		.thumb_func
 442              	I2C_ReceiveData:
 443              		@ args = 0, pretend = 0, frame = 0
 444              		@ frame_needed = 0, uses_anonymous_args = 0
 445              		@ link register save eliminated.
 446 0000 008A     		ldrh	r0, [r0, #16]
 447 0002 C0B2     		uxtb	r0, r0
 448 0004 7047     		bx	lr
 450              		.section	.text.I2C_Send7bitAddress,"ax",%progbits
 451              		.align	1
 452              		.global	I2C_Send7bitAddress
 453              		.syntax unified
 454              		.thumb
 455              		.thumb_func
 457              	I2C_Send7bitAddress:
 458              		@ args = 0, pretend = 0, frame = 0
 459              		@ frame_needed = 0, uses_anonymous_args = 0
 460              		@ link register save eliminated.
 461 0000 22B1     		cbz	r2, .L52
 462 0002 41F00101 		orr	r1, r1, #1
 463              	.L53:
 464 0006 89B2     		uxth	r1, r1
 465 0008 0182     		strh	r1, [r0, #16]	@ movhi
 466 000a 7047     		bx	lr
 467              	.L52:
 468 000c 01F0FE01 		and	r1, r1, #254
 469 0010 F9E7     		b	.L53
 471              		.section	.text.I2C_ReadRegister,"ax",%progbits
 472              		.align	1
 473              		.global	I2C_ReadRegister
 474              		.syntax unified
 475              		.thumb
 476              		.thumb_func
 478              	I2C_ReadRegister:
 479              		@ args = 0, pretend = 0, frame = 8
 480              		@ frame_needed = 0, uses_anonymous_args = 0
 481              		@ link register save eliminated.
 482 0000 82B0     		sub	sp, sp, #8
 483 0002 0023     		movs	r3, #0
 484 0004 0193     		str	r3, [sp, #4]
 485 0006 0190     		str	r0, [sp, #4]
 486 0008 019B     		ldr	r3, [sp, #4]
 487 000a 1944     		add	r1, r1, r3
 488 000c 0191     		str	r1, [sp, #4]
 489 000e 019B     		ldr	r3, [sp, #4]
ARM GAS  C:\Users\wxpwx\AppData\Local\Temp\ccROy9uH.s 			page 9


 490 0010 1888     		ldrh	r0, [r3]
 491 0012 80B2     		uxth	r0, r0
 492 0014 02B0     		add	sp, sp, #8
 493              		@ sp needed
 494 0016 7047     		bx	lr
 496              		.section	.text.I2C_SoftwareResetCmd,"ax",%progbits
 497              		.align	1
 498              		.global	I2C_SoftwareResetCmd
 499              		.syntax unified
 500              		.thumb
 501              		.thumb_func
 503              	I2C_SoftwareResetCmd:
 504              		@ args = 0, pretend = 0, frame = 0
 505              		@ frame_needed = 0, uses_anonymous_args = 0
 506              		@ link register save eliminated.
 507 0000 39B1     		cbz	r1, .L57
 508 0002 0388     		ldrh	r3, [r0]
 509 0004 6FEA4343 		mvn	r3, r3, lsl #17
 510 0008 6FEA5343 		mvn	r3, r3, lsr #17
 511 000c 9BB2     		uxth	r3, r3
 512 000e 0380     		strh	r3, [r0]	@ movhi
 513 0010 7047     		bx	lr
 514              	.L57:
 515 0012 0388     		ldrh	r3, [r0]
 516 0014 C3F30E03 		ubfx	r3, r3, #0, #15
 517 0018 0380     		strh	r3, [r0]	@ movhi
 518 001a 7047     		bx	lr
 520              		.section	.text.I2C_NACKPositionConfig,"ax",%progbits
 521              		.align	1
 522              		.global	I2C_NACKPositionConfig
 523              		.syntax unified
 524              		.thumb
 525              		.thumb_func
 527              	I2C_NACKPositionConfig:
 528              		@ args = 0, pretend = 0, frame = 0
 529              		@ frame_needed = 0, uses_anonymous_args = 0
 530              		@ link register save eliminated.
 531 0000 B1F5006F 		cmp	r1, #2048
 532 0004 06D0     		beq	.L62
 533 0006 0388     		ldrh	r3, [r0]
 534 0008 9BB2     		uxth	r3, r3
 535 000a 23F40063 		bic	r3, r3, #2048
 536 000e 9BB2     		uxth	r3, r3
 537 0010 0380     		strh	r3, [r0]	@ movhi
 538 0012 7047     		bx	lr
 539              	.L62:
 540 0014 0388     		ldrh	r3, [r0]
 541 0016 9BB2     		uxth	r3, r3
 542 0018 43F40063 		orr	r3, r3, #2048
 543 001c 0380     		strh	r3, [r0]	@ movhi
 544 001e 7047     		bx	lr
 546              		.section	.text.I2C_SMBusAlertConfig,"ax",%progbits
 547              		.align	1
 548              		.global	I2C_SMBusAlertConfig
 549              		.syntax unified
 550              		.thumb
 551              		.thumb_func
ARM GAS  C:\Users\wxpwx\AppData\Local\Temp\ccROy9uH.s 			page 10


 553              	I2C_SMBusAlertConfig:
 554              		@ args = 0, pretend = 0, frame = 0
 555              		@ frame_needed = 0, uses_anonymous_args = 0
 556              		@ link register save eliminated.
 557 0000 B1F5005F 		cmp	r1, #8192
 558 0004 06D0     		beq	.L66
 559 0006 0388     		ldrh	r3, [r0]
 560 0008 9BB2     		uxth	r3, r3
 561 000a 23F40053 		bic	r3, r3, #8192
 562 000e 9BB2     		uxth	r3, r3
 563 0010 0380     		strh	r3, [r0]	@ movhi
 564 0012 7047     		bx	lr
 565              	.L66:
 566 0014 0388     		ldrh	r3, [r0]
 567 0016 9BB2     		uxth	r3, r3
 568 0018 43F40053 		orr	r3, r3, #8192
 569 001c 0380     		strh	r3, [r0]	@ movhi
 570 001e 7047     		bx	lr
 572              		.section	.text.I2C_TransmitPEC,"ax",%progbits
 573              		.align	1
 574              		.global	I2C_TransmitPEC
 575              		.syntax unified
 576              		.thumb
 577              		.thumb_func
 579              	I2C_TransmitPEC:
 580              		@ args = 0, pretend = 0, frame = 0
 581              		@ frame_needed = 0, uses_anonymous_args = 0
 582              		@ link register save eliminated.
 583 0000 29B1     		cbz	r1, .L68
 584 0002 0388     		ldrh	r3, [r0]
 585 0004 9BB2     		uxth	r3, r3
 586 0006 43F48053 		orr	r3, r3, #4096
 587 000a 0380     		strh	r3, [r0]	@ movhi
 588 000c 7047     		bx	lr
 589              	.L68:
 590 000e 0388     		ldrh	r3, [r0]
 591 0010 9BB2     		uxth	r3, r3
 592 0012 23F48053 		bic	r3, r3, #4096
 593 0016 9BB2     		uxth	r3, r3
 594 0018 0380     		strh	r3, [r0]	@ movhi
 595 001a 7047     		bx	lr
 597              		.section	.text.I2C_PECPositionConfig,"ax",%progbits
 598              		.align	1
 599              		.global	I2C_PECPositionConfig
 600              		.syntax unified
 601              		.thumb
 602              		.thumb_func
 604              	I2C_PECPositionConfig:
 605              		@ args = 0, pretend = 0, frame = 0
 606              		@ frame_needed = 0, uses_anonymous_args = 0
 607              		@ link register save eliminated.
 608 0000 B1F5006F 		cmp	r1, #2048
 609 0004 06D0     		beq	.L73
 610 0006 0388     		ldrh	r3, [r0]
 611 0008 9BB2     		uxth	r3, r3
 612 000a 23F40063 		bic	r3, r3, #2048
 613 000e 9BB2     		uxth	r3, r3
ARM GAS  C:\Users\wxpwx\AppData\Local\Temp\ccROy9uH.s 			page 11


 614 0010 0380     		strh	r3, [r0]	@ movhi
 615 0012 7047     		bx	lr
 616              	.L73:
 617 0014 0388     		ldrh	r3, [r0]
 618 0016 9BB2     		uxth	r3, r3
 619 0018 43F40063 		orr	r3, r3, #2048
 620 001c 0380     		strh	r3, [r0]	@ movhi
 621 001e 7047     		bx	lr
 623              		.section	.text.I2C_CalculatePEC,"ax",%progbits
 624              		.align	1
 625              		.global	I2C_CalculatePEC
 626              		.syntax unified
 627              		.thumb
 628              		.thumb_func
 630              	I2C_CalculatePEC:
 631              		@ args = 0, pretend = 0, frame = 0
 632              		@ frame_needed = 0, uses_anonymous_args = 0
 633              		@ link register save eliminated.
 634 0000 29B1     		cbz	r1, .L75
 635 0002 0388     		ldrh	r3, [r0]
 636 0004 9BB2     		uxth	r3, r3
 637 0006 43F02003 		orr	r3, r3, #32
 638 000a 0380     		strh	r3, [r0]	@ movhi
 639 000c 7047     		bx	lr
 640              	.L75:
 641 000e 0388     		ldrh	r3, [r0]
 642 0010 9BB2     		uxth	r3, r3
 643 0012 23F02003 		bic	r3, r3, #32
 644 0016 9BB2     		uxth	r3, r3
 645 0018 0380     		strh	r3, [r0]	@ movhi
 646 001a 7047     		bx	lr
 648              		.section	.text.I2C_GetPEC,"ax",%progbits
 649              		.align	1
 650              		.global	I2C_GetPEC
 651              		.syntax unified
 652              		.thumb
 653              		.thumb_func
 655              	I2C_GetPEC:
 656              		@ args = 0, pretend = 0, frame = 0
 657              		@ frame_needed = 0, uses_anonymous_args = 0
 658              		@ link register save eliminated.
 659 0000 008B     		ldrh	r0, [r0, #24]
 660 0002 C0F30720 		ubfx	r0, r0, #8, #8
 661 0006 7047     		bx	lr
 663              		.section	.text.I2C_ARPCmd,"ax",%progbits
 664              		.align	1
 665              		.global	I2C_ARPCmd
 666              		.syntax unified
 667              		.thumb
 668              		.thumb_func
 670              	I2C_ARPCmd:
 671              		@ args = 0, pretend = 0, frame = 0
 672              		@ frame_needed = 0, uses_anonymous_args = 0
 673              		@ link register save eliminated.
 674 0000 29B1     		cbz	r1, .L79
 675 0002 0388     		ldrh	r3, [r0]
 676 0004 9BB2     		uxth	r3, r3
ARM GAS  C:\Users\wxpwx\AppData\Local\Temp\ccROy9uH.s 			page 12


 677 0006 43F01003 		orr	r3, r3, #16
 678 000a 0380     		strh	r3, [r0]	@ movhi
 679 000c 7047     		bx	lr
 680              	.L79:
 681 000e 0388     		ldrh	r3, [r0]
 682 0010 9BB2     		uxth	r3, r3
 683 0012 23F01003 		bic	r3, r3, #16
 684 0016 9BB2     		uxth	r3, r3
 685 0018 0380     		strh	r3, [r0]	@ movhi
 686 001a 7047     		bx	lr
 688              		.section	.text.I2C_StretchClockCmd,"ax",%progbits
 689              		.align	1
 690              		.global	I2C_StretchClockCmd
 691              		.syntax unified
 692              		.thumb
 693              		.thumb_func
 695              	I2C_StretchClockCmd:
 696              		@ args = 0, pretend = 0, frame = 0
 697              		@ frame_needed = 0, uses_anonymous_args = 0
 698              		@ link register save eliminated.
 699 0000 29B9     		cbnz	r1, .L82
 700 0002 0388     		ldrh	r3, [r0]
 701 0004 9BB2     		uxth	r3, r3
 702 0006 43F08003 		orr	r3, r3, #128
 703 000a 0380     		strh	r3, [r0]	@ movhi
 704 000c 7047     		bx	lr
 705              	.L82:
 706 000e 0388     		ldrh	r3, [r0]
 707 0010 9BB2     		uxth	r3, r3
 708 0012 23F08003 		bic	r3, r3, #128
 709 0016 9BB2     		uxth	r3, r3
 710 0018 0380     		strh	r3, [r0]	@ movhi
 711 001a 7047     		bx	lr
 713              		.section	.text.I2C_FastModeDutyCycleConfig,"ax",%progbits
 714              		.align	1
 715              		.global	I2C_FastModeDutyCycleConfig
 716              		.syntax unified
 717              		.thumb
 718              		.thumb_func
 720              	I2C_FastModeDutyCycleConfig:
 721              		@ args = 0, pretend = 0, frame = 0
 722              		@ frame_needed = 0, uses_anonymous_args = 0
 723              		@ link register save eliminated.
 724 0000 B1F5804F 		cmp	r1, #16384
 725 0004 06D0     		beq	.L85
 726 0006 838B     		ldrh	r3, [r0, #28]
 727 0008 9BB2     		uxth	r3, r3
 728 000a 23F48043 		bic	r3, r3, #16384
 729 000e 9BB2     		uxth	r3, r3
 730 0010 8383     		strh	r3, [r0, #28]	@ movhi
 731 0012 7047     		bx	lr
 732              	.L85:
 733 0014 838B     		ldrh	r3, [r0, #28]
 734 0016 9BB2     		uxth	r3, r3
 735 0018 43F48043 		orr	r3, r3, #16384
 736 001c 8383     		strh	r3, [r0, #28]	@ movhi
 737 001e 7047     		bx	lr
ARM GAS  C:\Users\wxpwx\AppData\Local\Temp\ccROy9uH.s 			page 13


 739              		.section	.text.I2C_CheckEvent,"ax",%progbits
 740              		.align	1
 741              		.global	I2C_CheckEvent
 742              		.syntax unified
 743              		.thumb
 744              		.thumb_func
 746              	I2C_CheckEvent:
 747              		@ args = 0, pretend = 0, frame = 0
 748              		@ frame_needed = 0, uses_anonymous_args = 0
 749              		@ link register save eliminated.
 750 0000 838A     		ldrh	r3, [r0, #20]
 751 0002 9BB2     		uxth	r3, r3
 752 0004 028B     		ldrh	r2, [r0, #24]
 753 0006 43EA0243 		orr	r3, r3, r2, lsl #16
 754 000a 23F07F43 		bic	r3, r3, #-16777216
 755 000e 31EA0303 		bics	r3, r1, r3
 756 0012 01D0     		beq	.L90
 757 0014 0020     		movs	r0, #0
 758 0016 7047     		bx	lr
 759              	.L90:
 760 0018 0120     		movs	r0, #1
 761 001a 7047     		bx	lr
 763              		.section	.text.I2C_GetLastEvent,"ax",%progbits
 764              		.align	1
 765              		.global	I2C_GetLastEvent
 766              		.syntax unified
 767              		.thumb
 768              		.thumb_func
 770              	I2C_GetLastEvent:
 771              		@ args = 0, pretend = 0, frame = 0
 772              		@ frame_needed = 0, uses_anonymous_args = 0
 773              		@ link register save eliminated.
 774 0000 838A     		ldrh	r3, [r0, #20]
 775 0002 9BB2     		uxth	r3, r3
 776 0004 008B     		ldrh	r0, [r0, #24]
 777 0006 43EA0040 		orr	r0, r3, r0, lsl #16
 778 000a 20F07F40 		bic	r0, r0, #-16777216
 779 000e 7047     		bx	lr
 781              		.section	.text.I2C_GetFlagStatus,"ax",%progbits
 782              		.align	1
 783              		.global	I2C_GetFlagStatus
 784              		.syntax unified
 785              		.thumb
 786              		.thumb_func
 788              	I2C_GetFlagStatus:
 789              		@ args = 0, pretend = 0, frame = 8
 790              		@ frame_needed = 0, uses_anonymous_args = 0
 791              		@ link register save eliminated.
 792 0000 82B0     		sub	sp, sp, #8
 793 0002 0023     		movs	r3, #0
 794 0004 0193     		str	r3, [sp, #4]
 795 0006 0093     		str	r3, [sp]
 796 0008 0090     		str	r0, [sp]
 797 000a 0B0F     		lsrs	r3, r1, #28
 798 000c 0193     		str	r3, [sp, #4]
 799 000e 21F07F41 		bic	r1, r1, #-16777216
 800 0012 019B     		ldr	r3, [sp, #4]
ARM GAS  C:\Users\wxpwx\AppData\Local\Temp\ccROy9uH.s 			page 14


 801 0014 4BB1     		cbz	r3, .L93
 802 0016 009B     		ldr	r3, [sp]
 803 0018 1433     		adds	r3, r3, #20
 804 001a 0093     		str	r3, [sp]
 805              	.L94:
 806 001c 009B     		ldr	r3, [sp]
 807 001e 1B68     		ldr	r3, [r3]
 808 0020 0B42     		tst	r3, r1
 809 0022 07D0     		beq	.L96
 810 0024 0120     		movs	r0, #1
 811              	.L95:
 812 0026 02B0     		add	sp, sp, #8
 813              		@ sp needed
 814 0028 7047     		bx	lr
 815              	.L93:
 816 002a 090C     		lsrs	r1, r1, #16
 817 002c 009B     		ldr	r3, [sp]
 818 002e 1833     		adds	r3, r3, #24
 819 0030 0093     		str	r3, [sp]
 820 0032 F3E7     		b	.L94
 821              	.L96:
 822 0034 0020     		movs	r0, #0
 823 0036 F6E7     		b	.L95
 825              		.section	.text.I2C_ClearFlag,"ax",%progbits
 826              		.align	1
 827              		.global	I2C_ClearFlag
 828              		.syntax unified
 829              		.thumb
 830              		.thumb_func
 832              	I2C_ClearFlag:
 833              		@ args = 0, pretend = 0, frame = 0
 834              		@ frame_needed = 0, uses_anonymous_args = 0
 835              		@ link register save eliminated.
 836 0000 21F07F41 		bic	r1, r1, #-16777216
 837 0004 C943     		mvns	r1, r1
 838 0006 89B2     		uxth	r1, r1
 839 0008 8182     		strh	r1, [r0, #20]	@ movhi
 840 000a 7047     		bx	lr
 842              		.section	.text.I2C_GetITStatus,"ax",%progbits
 843              		.align	1
 844              		.global	I2C_GetITStatus
 845              		.syntax unified
 846              		.thumb
 847              		.thumb_func
 849              	I2C_GetITStatus:
 850              		@ args = 0, pretend = 0, frame = 0
 851              		@ frame_needed = 0, uses_anonymous_args = 0
 852              		@ link register save eliminated.
 853 0000 8388     		ldrh	r3, [r0, #4]
 854 0002 03EA1143 		and	r3, r3, r1, lsr #16
 855 0006 03F4E063 		and	r3, r3, #1792
 856 000a 828A     		ldrh	r2, [r0, #20]
 857 000c 92B2     		uxth	r2, r2
 858 000e 1142     		tst	r1, r2
 859 0010 02D0     		beq	.L101
 860 0012 1BB9     		cbnz	r3, .L102
 861 0014 0020     		movs	r0, #0
ARM GAS  C:\Users\wxpwx\AppData\Local\Temp\ccROy9uH.s 			page 15


 862 0016 7047     		bx	lr
 863              	.L101:
 864 0018 0020     		movs	r0, #0
 865 001a 7047     		bx	lr
 866              	.L102:
 867 001c 0120     		movs	r0, #1
 868 001e 7047     		bx	lr
 870              		.section	.text.I2C_ClearITPendingBit,"ax",%progbits
 871              		.align	1
 872              		.global	I2C_ClearITPendingBit
 873              		.syntax unified
 874              		.thumb
 875              		.thumb_func
 877              	I2C_ClearITPendingBit:
 878              		@ args = 0, pretend = 0, frame = 0
 879              		@ frame_needed = 0, uses_anonymous_args = 0
 880              		@ link register save eliminated.
 881 0000 21F07F41 		bic	r1, r1, #-16777216
 882 0004 C943     		mvns	r1, r1
 883 0006 89B2     		uxth	r1, r1
 884 0008 8182     		strh	r1, [r0, #20]	@ movhi
 885 000a 7047     		bx	lr
 887              		.ident	"GCC: (GNU Arm Embedded Toolchain 10.3-2021.10) 10.3.1 20210824 (release)"
ARM GAS  C:\Users\wxpwx\AppData\Local\Temp\ccROy9uH.s 			page 16


DEFINED SYMBOLS
                            *ABS*:00000000 stm32f10x_i2c.c
C:\Users\wxpwx\AppData\Local\Temp\ccROy9uH.s:16     .text.I2C_DeInit:00000000 $t
C:\Users\wxpwx\AppData\Local\Temp\ccROy9uH.s:22     .text.I2C_DeInit:00000000 I2C_DeInit
C:\Users\wxpwx\AppData\Local\Temp\ccROy9uH.s:48     .text.I2C_DeInit:00000034 $d
C:\Users\wxpwx\AppData\Local\Temp\ccROy9uH.s:51     .text.I2C_Init:00000000 $t
C:\Users\wxpwx\AppData\Local\Temp\ccROy9uH.s:57     .text.I2C_Init:00000000 I2C_Init
C:\Users\wxpwx\AppData\Local\Temp\ccROy9uH.s:150    .text.I2C_Init:000000d0 $d
C:\Users\wxpwx\AppData\Local\Temp\ccROy9uH.s:155    .text.I2C_StructInit:00000000 $t
C:\Users\wxpwx\AppData\Local\Temp\ccROy9uH.s:161    .text.I2C_StructInit:00000000 I2C_StructInit
C:\Users\wxpwx\AppData\Local\Temp\ccROy9uH.s:178    .text.I2C_Cmd:00000000 $t
C:\Users\wxpwx\AppData\Local\Temp\ccROy9uH.s:184    .text.I2C_Cmd:00000000 I2C_Cmd
C:\Users\wxpwx\AppData\Local\Temp\ccROy9uH.s:203    .text.I2C_DMACmd:00000000 $t
C:\Users\wxpwx\AppData\Local\Temp\ccROy9uH.s:209    .text.I2C_DMACmd:00000000 I2C_DMACmd
C:\Users\wxpwx\AppData\Local\Temp\ccROy9uH.s:228    .text.I2C_DMALastTransferCmd:00000000 $t
C:\Users\wxpwx\AppData\Local\Temp\ccROy9uH.s:234    .text.I2C_DMALastTransferCmd:00000000 I2C_DMALastTransferCmd
C:\Users\wxpwx\AppData\Local\Temp\ccROy9uH.s:253    .text.I2C_GenerateSTART:00000000 $t
C:\Users\wxpwx\AppData\Local\Temp\ccROy9uH.s:259    .text.I2C_GenerateSTART:00000000 I2C_GenerateSTART
C:\Users\wxpwx\AppData\Local\Temp\ccROy9uH.s:278    .text.I2C_GenerateSTOP:00000000 $t
C:\Users\wxpwx\AppData\Local\Temp\ccROy9uH.s:284    .text.I2C_GenerateSTOP:00000000 I2C_GenerateSTOP
C:\Users\wxpwx\AppData\Local\Temp\ccROy9uH.s:303    .text.I2C_AcknowledgeConfig:00000000 $t
C:\Users\wxpwx\AppData\Local\Temp\ccROy9uH.s:309    .text.I2C_AcknowledgeConfig:00000000 I2C_AcknowledgeConfig
C:\Users\wxpwx\AppData\Local\Temp\ccROy9uH.s:328    .text.I2C_OwnAddress2Config:00000000 $t
C:\Users\wxpwx\AppData\Local\Temp\ccROy9uH.s:334    .text.I2C_OwnAddress2Config:00000000 I2C_OwnAddress2Config
C:\Users\wxpwx\AppData\Local\Temp\ccROy9uH.s:347    .text.I2C_DualAddressCmd:00000000 $t
C:\Users\wxpwx\AppData\Local\Temp\ccROy9uH.s:353    .text.I2C_DualAddressCmd:00000000 I2C_DualAddressCmd
C:\Users\wxpwx\AppData\Local\Temp\ccROy9uH.s:372    .text.I2C_GeneralCallCmd:00000000 $t
C:\Users\wxpwx\AppData\Local\Temp\ccROy9uH.s:378    .text.I2C_GeneralCallCmd:00000000 I2C_GeneralCallCmd
C:\Users\wxpwx\AppData\Local\Temp\ccROy9uH.s:397    .text.I2C_ITConfig:00000000 $t
C:\Users\wxpwx\AppData\Local\Temp\ccROy9uH.s:403    .text.I2C_ITConfig:00000000 I2C_ITConfig
C:\Users\wxpwx\AppData\Local\Temp\ccROy9uH.s:422    .text.I2C_SendData:00000000 $t
C:\Users\wxpwx\AppData\Local\Temp\ccROy9uH.s:428    .text.I2C_SendData:00000000 I2C_SendData
C:\Users\wxpwx\AppData\Local\Temp\ccROy9uH.s:436    .text.I2C_ReceiveData:00000000 $t
C:\Users\wxpwx\AppData\Local\Temp\ccROy9uH.s:442    .text.I2C_ReceiveData:00000000 I2C_ReceiveData
C:\Users\wxpwx\AppData\Local\Temp\ccROy9uH.s:451    .text.I2C_Send7bitAddress:00000000 $t
C:\Users\wxpwx\AppData\Local\Temp\ccROy9uH.s:457    .text.I2C_Send7bitAddress:00000000 I2C_Send7bitAddress
C:\Users\wxpwx\AppData\Local\Temp\ccROy9uH.s:472    .text.I2C_ReadRegister:00000000 $t
C:\Users\wxpwx\AppData\Local\Temp\ccROy9uH.s:478    .text.I2C_ReadRegister:00000000 I2C_ReadRegister
C:\Users\wxpwx\AppData\Local\Temp\ccROy9uH.s:497    .text.I2C_SoftwareResetCmd:00000000 $t
C:\Users\wxpwx\AppData\Local\Temp\ccROy9uH.s:503    .text.I2C_SoftwareResetCmd:00000000 I2C_SoftwareResetCmd
C:\Users\wxpwx\AppData\Local\Temp\ccROy9uH.s:521    .text.I2C_NACKPositionConfig:00000000 $t
C:\Users\wxpwx\AppData\Local\Temp\ccROy9uH.s:527    .text.I2C_NACKPositionConfig:00000000 I2C_NACKPositionConfig
C:\Users\wxpwx\AppData\Local\Temp\ccROy9uH.s:547    .text.I2C_SMBusAlertConfig:00000000 $t
C:\Users\wxpwx\AppData\Local\Temp\ccROy9uH.s:553    .text.I2C_SMBusAlertConfig:00000000 I2C_SMBusAlertConfig
C:\Users\wxpwx\AppData\Local\Temp\ccROy9uH.s:573    .text.I2C_TransmitPEC:00000000 $t
C:\Users\wxpwx\AppData\Local\Temp\ccROy9uH.s:579    .text.I2C_TransmitPEC:00000000 I2C_TransmitPEC
C:\Users\wxpwx\AppData\Local\Temp\ccROy9uH.s:598    .text.I2C_PECPositionConfig:00000000 $t
C:\Users\wxpwx\AppData\Local\Temp\ccROy9uH.s:604    .text.I2C_PECPositionConfig:00000000 I2C_PECPositionConfig
C:\Users\wxpwx\AppData\Local\Temp\ccROy9uH.s:624    .text.I2C_CalculatePEC:00000000 $t
C:\Users\wxpwx\AppData\Local\Temp\ccROy9uH.s:630    .text.I2C_CalculatePEC:00000000 I2C_CalculatePEC
C:\Users\wxpwx\AppData\Local\Temp\ccROy9uH.s:649    .text.I2C_GetPEC:00000000 $t
C:\Users\wxpwx\AppData\Local\Temp\ccROy9uH.s:655    .text.I2C_GetPEC:00000000 I2C_GetPEC
C:\Users\wxpwx\AppData\Local\Temp\ccROy9uH.s:664    .text.I2C_ARPCmd:00000000 $t
C:\Users\wxpwx\AppData\Local\Temp\ccROy9uH.s:670    .text.I2C_ARPCmd:00000000 I2C_ARPCmd
C:\Users\wxpwx\AppData\Local\Temp\ccROy9uH.s:689    .text.I2C_StretchClockCmd:00000000 $t
C:\Users\wxpwx\AppData\Local\Temp\ccROy9uH.s:695    .text.I2C_StretchClockCmd:00000000 I2C_StretchClockCmd
C:\Users\wxpwx\AppData\Local\Temp\ccROy9uH.s:714    .text.I2C_FastModeDutyCycleConfig:00000000 $t
ARM GAS  C:\Users\wxpwx\AppData\Local\Temp\ccROy9uH.s 			page 17


C:\Users\wxpwx\AppData\Local\Temp\ccROy9uH.s:720    .text.I2C_FastModeDutyCycleConfig:00000000 I2C_FastModeDutyCycleConfig
C:\Users\wxpwx\AppData\Local\Temp\ccROy9uH.s:740    .text.I2C_CheckEvent:00000000 $t
C:\Users\wxpwx\AppData\Local\Temp\ccROy9uH.s:746    .text.I2C_CheckEvent:00000000 I2C_CheckEvent
C:\Users\wxpwx\AppData\Local\Temp\ccROy9uH.s:764    .text.I2C_GetLastEvent:00000000 $t
C:\Users\wxpwx\AppData\Local\Temp\ccROy9uH.s:770    .text.I2C_GetLastEvent:00000000 I2C_GetLastEvent
C:\Users\wxpwx\AppData\Local\Temp\ccROy9uH.s:782    .text.I2C_GetFlagStatus:00000000 $t
C:\Users\wxpwx\AppData\Local\Temp\ccROy9uH.s:788    .text.I2C_GetFlagStatus:00000000 I2C_GetFlagStatus
C:\Users\wxpwx\AppData\Local\Temp\ccROy9uH.s:826    .text.I2C_ClearFlag:00000000 $t
C:\Users\wxpwx\AppData\Local\Temp\ccROy9uH.s:832    .text.I2C_ClearFlag:00000000 I2C_ClearFlag
C:\Users\wxpwx\AppData\Local\Temp\ccROy9uH.s:843    .text.I2C_GetITStatus:00000000 $t
C:\Users\wxpwx\AppData\Local\Temp\ccROy9uH.s:849    .text.I2C_GetITStatus:00000000 I2C_GetITStatus
C:\Users\wxpwx\AppData\Local\Temp\ccROy9uH.s:871    .text.I2C_ClearITPendingBit:00000000 $t
C:\Users\wxpwx\AppData\Local\Temp\ccROy9uH.s:877    .text.I2C_ClearITPendingBit:00000000 I2C_ClearITPendingBit

UNDEFINED SYMBOLS
RCC_APB1PeriphResetCmd
RCC_GetClocksFreq
