ARM GAS  C:\Users\wxpwx\AppData\Local\Temp\ccLVTRig.s 			page 1


   1              		.cpu cortex-m3
   2              		.arch armv7-m
   3              		.fpu softvfp
   4              		.eabi_attribute 20, 1
   5              		.eabi_attribute 21, 1
   6              		.eabi_attribute 23, 3
   7              		.eabi_attribute 24, 1
   8              		.eabi_attribute 25, 1
   9              		.eabi_attribute 26, 1
  10              		.eabi_attribute 30, 1
  11              		.eabi_attribute 34, 1
  12              		.eabi_attribute 18, 4
  13              		.file	"stm32f10x_flash.c"
  14              		.text
  15              		.section	.text.FLASH_SetLatency,"ax",%progbits
  16              		.align	1
  17              		.global	FLASH_SetLatency
  18              		.syntax unified
  19              		.thumb
  20              		.thumb_func
  22              	FLASH_SetLatency:
  23              		@ args = 0, pretend = 0, frame = 0
  24              		@ frame_needed = 0, uses_anonymous_args = 0
  25              		@ link register save eliminated.
  26 0000 034A     		ldr	r2, .L2
  27 0002 1368     		ldr	r3, [r2]
  28 0004 03F03803 		and	r3, r3, #56
  29 0008 0343     		orrs	r3, r3, r0
  30 000a 1360     		str	r3, [r2]
  31 000c 7047     		bx	lr
  32              	.L3:
  33 000e 00BF     		.align	2
  34              	.L2:
  35 0010 00200240 		.word	1073881088
  37              		.section	.text.FLASH_HalfCycleAccessCmd,"ax",%progbits
  38              		.align	1
  39              		.global	FLASH_HalfCycleAccessCmd
  40              		.syntax unified
  41              		.thumb
  42              		.thumb_func
  44              	FLASH_HalfCycleAccessCmd:
  45              		@ args = 0, pretend = 0, frame = 0
  46              		@ frame_needed = 0, uses_anonymous_args = 0
  47              		@ link register save eliminated.
  48 0000 044B     		ldr	r3, .L5
  49 0002 1968     		ldr	r1, [r3]
  50 0004 21F00801 		bic	r1, r1, #8
  51 0008 1960     		str	r1, [r3]
  52 000a 1A68     		ldr	r2, [r3]
  53 000c 0243     		orrs	r2, r2, r0
  54 000e 1A60     		str	r2, [r3]
  55 0010 7047     		bx	lr
  56              	.L6:
  57 0012 00BF     		.align	2
  58              	.L5:
  59 0014 00200240 		.word	1073881088
  61              		.section	.text.FLASH_PrefetchBufferCmd,"ax",%progbits
ARM GAS  C:\Users\wxpwx\AppData\Local\Temp\ccLVTRig.s 			page 2


  62              		.align	1
  63              		.global	FLASH_PrefetchBufferCmd
  64              		.syntax unified
  65              		.thumb
  66              		.thumb_func
  68              	FLASH_PrefetchBufferCmd:
  69              		@ args = 0, pretend = 0, frame = 0
  70              		@ frame_needed = 0, uses_anonymous_args = 0
  71              		@ link register save eliminated.
  72 0000 044B     		ldr	r3, .L8
  73 0002 1968     		ldr	r1, [r3]
  74 0004 21F01001 		bic	r1, r1, #16
  75 0008 1960     		str	r1, [r3]
  76 000a 1A68     		ldr	r2, [r3]
  77 000c 0243     		orrs	r2, r2, r0
  78 000e 1A60     		str	r2, [r3]
  79 0010 7047     		bx	lr
  80              	.L9:
  81 0012 00BF     		.align	2
  82              	.L8:
  83 0014 00200240 		.word	1073881088
  85              		.section	.text.FLASH_Unlock,"ax",%progbits
  86              		.align	1
  87              		.global	FLASH_Unlock
  88              		.syntax unified
  89              		.thumb
  90              		.thumb_func
  92              	FLASH_Unlock:
  93              		@ args = 0, pretend = 0, frame = 0
  94              		@ frame_needed = 0, uses_anonymous_args = 0
  95              		@ link register save eliminated.
  96 0000 034B     		ldr	r3, .L11
  97 0002 044A     		ldr	r2, .L11+4
  98 0004 5A60     		str	r2, [r3, #4]
  99 0006 02F18832 		add	r2, r2, #-2004318072
 100 000a 5A60     		str	r2, [r3, #4]
 101 000c 7047     		bx	lr
 102              	.L12:
 103 000e 00BF     		.align	2
 104              	.L11:
 105 0010 00200240 		.word	1073881088
 106 0014 23016745 		.word	1164378403
 108              		.section	.text.FLASH_UnlockBank1,"ax",%progbits
 109              		.align	1
 110              		.global	FLASH_UnlockBank1
 111              		.syntax unified
 112              		.thumb
 113              		.thumb_func
 115              	FLASH_UnlockBank1:
 116              		@ args = 0, pretend = 0, frame = 0
 117              		@ frame_needed = 0, uses_anonymous_args = 0
 118              		@ link register save eliminated.
 119 0000 034B     		ldr	r3, .L14
 120 0002 044A     		ldr	r2, .L14+4
 121 0004 5A60     		str	r2, [r3, #4]
 122 0006 02F18832 		add	r2, r2, #-2004318072
 123 000a 5A60     		str	r2, [r3, #4]
ARM GAS  C:\Users\wxpwx\AppData\Local\Temp\ccLVTRig.s 			page 3


 124 000c 7047     		bx	lr
 125              	.L15:
 126 000e 00BF     		.align	2
 127              	.L14:
 128 0010 00200240 		.word	1073881088
 129 0014 23016745 		.word	1164378403
 131              		.section	.text.FLASH_Lock,"ax",%progbits
 132              		.align	1
 133              		.global	FLASH_Lock
 134              		.syntax unified
 135              		.thumb
 136              		.thumb_func
 138              	FLASH_Lock:
 139              		@ args = 0, pretend = 0, frame = 0
 140              		@ frame_needed = 0, uses_anonymous_args = 0
 141              		@ link register save eliminated.
 142 0000 024A     		ldr	r2, .L17
 143 0002 1369     		ldr	r3, [r2, #16]
 144 0004 43F08003 		orr	r3, r3, #128
 145 0008 1361     		str	r3, [r2, #16]
 146 000a 7047     		bx	lr
 147              	.L18:
 148              		.align	2
 149              	.L17:
 150 000c 00200240 		.word	1073881088
 152              		.section	.text.FLASH_LockBank1,"ax",%progbits
 153              		.align	1
 154              		.global	FLASH_LockBank1
 155              		.syntax unified
 156              		.thumb
 157              		.thumb_func
 159              	FLASH_LockBank1:
 160              		@ args = 0, pretend = 0, frame = 0
 161              		@ frame_needed = 0, uses_anonymous_args = 0
 162              		@ link register save eliminated.
 163 0000 024A     		ldr	r2, .L20
 164 0002 1369     		ldr	r3, [r2, #16]
 165 0004 43F08003 		orr	r3, r3, #128
 166 0008 1361     		str	r3, [r2, #16]
 167 000a 7047     		bx	lr
 168              	.L21:
 169              		.align	2
 170              	.L20:
 171 000c 00200240 		.word	1073881088
 173              		.section	.text.FLASH_GetUserOptionByte,"ax",%progbits
 174              		.align	1
 175              		.global	FLASH_GetUserOptionByte
 176              		.syntax unified
 177              		.thumb
 178              		.thumb_func
 180              	FLASH_GetUserOptionByte:
 181              		@ args = 0, pretend = 0, frame = 0
 182              		@ frame_needed = 0, uses_anonymous_args = 0
 183              		@ link register save eliminated.
 184 0000 014B     		ldr	r3, .L23
 185 0002 D869     		ldr	r0, [r3, #28]
 186 0004 8008     		lsrs	r0, r0, #2
ARM GAS  C:\Users\wxpwx\AppData\Local\Temp\ccLVTRig.s 			page 4


 187 0006 7047     		bx	lr
 188              	.L24:
 189              		.align	2
 190              	.L23:
 191 0008 00200240 		.word	1073881088
 193              		.section	.text.FLASH_GetWriteProtectionOptionByte,"ax",%progbits
 194              		.align	1
 195              		.global	FLASH_GetWriteProtectionOptionByte
 196              		.syntax unified
 197              		.thumb
 198              		.thumb_func
 200              	FLASH_GetWriteProtectionOptionByte:
 201              		@ args = 0, pretend = 0, frame = 0
 202              		@ frame_needed = 0, uses_anonymous_args = 0
 203              		@ link register save eliminated.
 204 0000 014B     		ldr	r3, .L26
 205 0002 186A     		ldr	r0, [r3, #32]
 206 0004 7047     		bx	lr
 207              	.L27:
 208 0006 00BF     		.align	2
 209              	.L26:
 210 0008 00200240 		.word	1073881088
 212              		.section	.text.FLASH_GetReadOutProtectionStatus,"ax",%progbits
 213              		.align	1
 214              		.global	FLASH_GetReadOutProtectionStatus
 215              		.syntax unified
 216              		.thumb
 217              		.thumb_func
 219              	FLASH_GetReadOutProtectionStatus:
 220              		@ args = 0, pretend = 0, frame = 0
 221              		@ frame_needed = 0, uses_anonymous_args = 0
 222              		@ link register save eliminated.
 223 0000 044B     		ldr	r3, .L31
 224 0002 DB69     		ldr	r3, [r3, #28]
 225 0004 13F0020F 		tst	r3, #2
 226 0008 01D0     		beq	.L30
 227 000a 0120     		movs	r0, #1
 228 000c 7047     		bx	lr
 229              	.L30:
 230 000e 0020     		movs	r0, #0
 231 0010 7047     		bx	lr
 232              	.L32:
 233 0012 00BF     		.align	2
 234              	.L31:
 235 0014 00200240 		.word	1073881088
 237              		.section	.text.FLASH_GetPrefetchBufferStatus,"ax",%progbits
 238              		.align	1
 239              		.global	FLASH_GetPrefetchBufferStatus
 240              		.syntax unified
 241              		.thumb
 242              		.thumb_func
 244              	FLASH_GetPrefetchBufferStatus:
 245              		@ args = 0, pretend = 0, frame = 0
 246              		@ frame_needed = 0, uses_anonymous_args = 0
 247              		@ link register save eliminated.
 248 0000 044B     		ldr	r3, .L36
 249 0002 1B68     		ldr	r3, [r3]
ARM GAS  C:\Users\wxpwx\AppData\Local\Temp\ccLVTRig.s 			page 5


 250 0004 13F0200F 		tst	r3, #32
 251 0008 01D0     		beq	.L35
 252 000a 0120     		movs	r0, #1
 253 000c 7047     		bx	lr
 254              	.L35:
 255 000e 0020     		movs	r0, #0
 256 0010 7047     		bx	lr
 257              	.L37:
 258 0012 00BF     		.align	2
 259              	.L36:
 260 0014 00200240 		.word	1073881088
 262              		.section	.text.FLASH_ITConfig,"ax",%progbits
 263              		.align	1
 264              		.global	FLASH_ITConfig
 265              		.syntax unified
 266              		.thumb
 267              		.thumb_func
 269              	FLASH_ITConfig:
 270              		@ args = 0, pretend = 0, frame = 0
 271              		@ frame_needed = 0, uses_anonymous_args = 0
 272              		@ link register save eliminated.
 273 0000 21B1     		cbz	r1, .L39
 274 0002 054A     		ldr	r2, .L41
 275 0004 1369     		ldr	r3, [r2, #16]
 276 0006 1843     		orrs	r0, r0, r3
 277 0008 1061     		str	r0, [r2, #16]
 278 000a 7047     		bx	lr
 279              	.L39:
 280 000c 024A     		ldr	r2, .L41
 281 000e 1369     		ldr	r3, [r2, #16]
 282 0010 23EA0000 		bic	r0, r3, r0
 283 0014 1061     		str	r0, [r2, #16]
 284 0016 7047     		bx	lr
 285              	.L42:
 286              		.align	2
 287              	.L41:
 288 0018 00200240 		.word	1073881088
 290              		.section	.text.FLASH_GetFlagStatus,"ax",%progbits
 291              		.align	1
 292              		.global	FLASH_GetFlagStatus
 293              		.syntax unified
 294              		.thumb
 295              		.thumb_func
 297              	FLASH_GetFlagStatus:
 298              		@ args = 0, pretend = 0, frame = 0
 299              		@ frame_needed = 0, uses_anonymous_args = 0
 300              		@ link register save eliminated.
 301 0000 0128     		cmp	r0, #1
 302 0002 05D0     		beq	.L48
 303 0004 074B     		ldr	r3, .L49
 304 0006 DB68     		ldr	r3, [r3, #12]
 305 0008 0342     		tst	r3, r0
 306 000a 09D0     		beq	.L47
 307 000c 0120     		movs	r0, #1
 308 000e 7047     		bx	lr
 309              	.L48:
 310 0010 044B     		ldr	r3, .L49
ARM GAS  C:\Users\wxpwx\AppData\Local\Temp\ccLVTRig.s 			page 6


 311 0012 DB69     		ldr	r3, [r3, #28]
 312 0014 13F0010F 		tst	r3, #1
 313 0018 00D0     		beq	.L46
 314 001a 7047     		bx	lr
 315              	.L46:
 316 001c 0020     		movs	r0, #0
 317 001e 7047     		bx	lr
 318              	.L47:
 319 0020 0020     		movs	r0, #0
 320 0022 7047     		bx	lr
 321              	.L50:
 322              		.align	2
 323              	.L49:
 324 0024 00200240 		.word	1073881088
 326              		.section	.text.FLASH_ClearFlag,"ax",%progbits
 327              		.align	1
 328              		.global	FLASH_ClearFlag
 329              		.syntax unified
 330              		.thumb
 331              		.thumb_func
 333              	FLASH_ClearFlag:
 334              		@ args = 0, pretend = 0, frame = 0
 335              		@ frame_needed = 0, uses_anonymous_args = 0
 336              		@ link register save eliminated.
 337 0000 014B     		ldr	r3, .L52
 338 0002 D860     		str	r0, [r3, #12]
 339 0004 7047     		bx	lr
 340              	.L53:
 341 0006 00BF     		.align	2
 342              	.L52:
 343 0008 00200240 		.word	1073881088
 345              		.section	.text.FLASH_GetStatus,"ax",%progbits
 346              		.align	1
 347              		.global	FLASH_GetStatus
 348              		.syntax unified
 349              		.thumb
 350              		.thumb_func
 352              	FLASH_GetStatus:
 353              		@ args = 0, pretend = 0, frame = 0
 354              		@ frame_needed = 0, uses_anonymous_args = 0
 355              		@ link register save eliminated.
 356 0000 0B4B     		ldr	r3, .L59
 357 0002 DB68     		ldr	r3, [r3, #12]
 358 0004 13F0010F 		tst	r3, #1
 359 0008 0BD1     		bne	.L56
 360 000a 094B     		ldr	r3, .L59
 361 000c DB68     		ldr	r3, [r3, #12]
 362 000e 13F0040F 		tst	r3, #4
 363 0012 08D1     		bne	.L57
 364 0014 064B     		ldr	r3, .L59
 365 0016 DB68     		ldr	r3, [r3, #12]
 366 0018 13F0100F 		tst	r3, #16
 367 001c 05D0     		beq	.L58
 368 001e 0320     		movs	r0, #3
 369 0020 7047     		bx	lr
 370              	.L56:
 371 0022 0120     		movs	r0, #1
ARM GAS  C:\Users\wxpwx\AppData\Local\Temp\ccLVTRig.s 			page 7


 372 0024 7047     		bx	lr
 373              	.L57:
 374 0026 0220     		movs	r0, #2
 375 0028 7047     		bx	lr
 376              	.L58:
 377 002a 0420     		movs	r0, #4
 378 002c 7047     		bx	lr
 379              	.L60:
 380 002e 00BF     		.align	2
 381              	.L59:
 382 0030 00200240 		.word	1073881088
 384              		.section	.text.FLASH_GetBank1Status,"ax",%progbits
 385              		.align	1
 386              		.global	FLASH_GetBank1Status
 387              		.syntax unified
 388              		.thumb
 389              		.thumb_func
 391              	FLASH_GetBank1Status:
 392              		@ args = 0, pretend = 0, frame = 0
 393              		@ frame_needed = 0, uses_anonymous_args = 0
 394              		@ link register save eliminated.
 395 0000 0B4B     		ldr	r3, .L66
 396 0002 DB68     		ldr	r3, [r3, #12]
 397 0004 13F0010F 		tst	r3, #1
 398 0008 0BD1     		bne	.L63
 399 000a 094B     		ldr	r3, .L66
 400 000c DB68     		ldr	r3, [r3, #12]
 401 000e 13F0040F 		tst	r3, #4
 402 0012 08D1     		bne	.L64
 403 0014 064B     		ldr	r3, .L66
 404 0016 DB68     		ldr	r3, [r3, #12]
 405 0018 13F0100F 		tst	r3, #16
 406 001c 05D0     		beq	.L65
 407 001e 0320     		movs	r0, #3
 408 0020 7047     		bx	lr
 409              	.L63:
 410 0022 0120     		movs	r0, #1
 411 0024 7047     		bx	lr
 412              	.L64:
 413 0026 0220     		movs	r0, #2
 414 0028 7047     		bx	lr
 415              	.L65:
 416 002a 0420     		movs	r0, #4
 417 002c 7047     		bx	lr
 418              	.L67:
 419 002e 00BF     		.align	2
 420              	.L66:
 421 0030 00200240 		.word	1073881088
 423              		.section	.text.FLASH_WaitForLastOperation,"ax",%progbits
 424              		.align	1
 425              		.global	FLASH_WaitForLastOperation
 426              		.syntax unified
 427              		.thumb
 428              		.thumb_func
 430              	FLASH_WaitForLastOperation:
 431              		@ args = 0, pretend = 0, frame = 0
 432              		@ frame_needed = 0, uses_anonymous_args = 0
ARM GAS  C:\Users\wxpwx\AppData\Local\Temp\ccLVTRig.s 			page 8


 433 0000 10B5     		push	{r4, lr}
 434 0002 0446     		mov	r4, r0
 435 0004 FFF7FEFF 		bl	FLASH_GetBank1Status
 436 0008 02E0     		b	.L69
 437              	.L71:
 438 000a FFF7FEFF 		bl	FLASH_GetBank1Status
 439 000e 013C     		subs	r4, r4, #1
 440              	.L69:
 441 0010 0128     		cmp	r0, #1
 442 0012 01D1     		bne	.L70
 443 0014 002C     		cmp	r4, #0
 444 0016 F8D1     		bne	.L71
 445              	.L70:
 446 0018 04B1     		cbz	r4, .L75
 447              	.L72:
 448 001a 10BD     		pop	{r4, pc}
 449              	.L75:
 450 001c 0520     		movs	r0, #5
 451 001e FCE7     		b	.L72
 453              		.section	.text.FLASH_ErasePage,"ax",%progbits
 454              		.align	1
 455              		.global	FLASH_ErasePage
 456              		.syntax unified
 457              		.thumb
 458              		.thumb_func
 460              	FLASH_ErasePage:
 461              		@ args = 0, pretend = 0, frame = 0
 462              		@ frame_needed = 0, uses_anonymous_args = 0
 463 0000 38B5     		push	{r3, r4, r5, lr}
 464 0002 0446     		mov	r4, r0
 465 0004 4FF43020 		mov	r0, #720896
 466 0008 FFF7FEFF 		bl	FLASH_WaitForLastOperation
 467 000c 0428     		cmp	r0, #4
 468 000e 00D0     		beq	.L79
 469              	.L77:
 470 0010 38BD     		pop	{r3, r4, r5, pc}
 471              	.L79:
 472 0012 0A4D     		ldr	r5, .L80
 473 0014 2B69     		ldr	r3, [r5, #16]
 474 0016 43F00203 		orr	r3, r3, #2
 475 001a 2B61     		str	r3, [r5, #16]
 476 001c 6C61     		str	r4, [r5, #20]
 477 001e 2B69     		ldr	r3, [r5, #16]
 478 0020 43F04003 		orr	r3, r3, #64
 479 0024 2B61     		str	r3, [r5, #16]
 480 0026 4FF43020 		mov	r0, #720896
 481 002a FFF7FEFF 		bl	FLASH_WaitForLastOperation
 482 002e 2B69     		ldr	r3, [r5, #16]
 483 0030 23F00203 		bic	r3, r3, #2
 484 0034 DB04     		lsls	r3, r3, #19
 485 0036 DB0C     		lsrs	r3, r3, #19
 486 0038 2B61     		str	r3, [r5, #16]
 487 003a E9E7     		b	.L77
 488              	.L81:
 489              		.align	2
 490              	.L80:
 491 003c 00200240 		.word	1073881088
ARM GAS  C:\Users\wxpwx\AppData\Local\Temp\ccLVTRig.s 			page 9


 493              		.section	.text.FLASH_EraseAllPages,"ax",%progbits
 494              		.align	1
 495              		.global	FLASH_EraseAllPages
 496              		.syntax unified
 497              		.thumb
 498              		.thumb_func
 500              	FLASH_EraseAllPages:
 501              		@ args = 0, pretend = 0, frame = 0
 502              		@ frame_needed = 0, uses_anonymous_args = 0
 503 0000 10B5     		push	{r4, lr}
 504 0002 4FF43020 		mov	r0, #720896
 505 0006 FFF7FEFF 		bl	FLASH_WaitForLastOperation
 506 000a 0428     		cmp	r0, #4
 507 000c 00D0     		beq	.L85
 508              	.L83:
 509 000e 10BD     		pop	{r4, pc}
 510              	.L85:
 511 0010 094C     		ldr	r4, .L86
 512 0012 2369     		ldr	r3, [r4, #16]
 513 0014 43F00403 		orr	r3, r3, #4
 514 0018 2361     		str	r3, [r4, #16]
 515 001a 2369     		ldr	r3, [r4, #16]
 516 001c 43F04003 		orr	r3, r3, #64
 517 0020 2361     		str	r3, [r4, #16]
 518 0022 4FF43020 		mov	r0, #720896
 519 0026 FFF7FEFF 		bl	FLASH_WaitForLastOperation
 520 002a 2369     		ldr	r3, [r4, #16]
 521 002c 23F00403 		bic	r3, r3, #4
 522 0030 DB04     		lsls	r3, r3, #19
 523 0032 DB0C     		lsrs	r3, r3, #19
 524 0034 2361     		str	r3, [r4, #16]
 525 0036 EAE7     		b	.L83
 526              	.L87:
 527              		.align	2
 528              	.L86:
 529 0038 00200240 		.word	1073881088
 531              		.section	.text.FLASH_EraseOptionBytes,"ax",%progbits
 532              		.align	1
 533              		.global	FLASH_EraseOptionBytes
 534              		.syntax unified
 535              		.thumb
 536              		.thumb_func
 538              	FLASH_EraseOptionBytes:
 539              		@ args = 0, pretend = 0, frame = 0
 540              		@ frame_needed = 0, uses_anonymous_args = 0
 541 0000 10B5     		push	{r4, lr}
 542 0002 FFF7FEFF 		bl	FLASH_GetReadOutProtectionStatus
 543 0006 38B9     		cbnz	r0, .L92
 544 0008 A524     		movs	r4, #165
 545              	.L89:
 546 000a 4FF43020 		mov	r0, #720896
 547 000e FFF7FEFF 		bl	FLASH_WaitForLastOperation
 548 0012 0428     		cmp	r0, #4
 549 0014 02D0     		beq	.L94
 550              	.L90:
 551 0016 10BD     		pop	{r4, pc}
 552              	.L92:
ARM GAS  C:\Users\wxpwx\AppData\Local\Temp\ccLVTRig.s 			page 10


 553 0018 0024     		movs	r4, #0
 554 001a F6E7     		b	.L89
 555              	.L94:
 556 001c 1C4B     		ldr	r3, .L96
 557 001e 1D4A     		ldr	r2, .L96+4
 558 0020 9A60     		str	r2, [r3, #8]
 559 0022 02F18832 		add	r2, r2, #-2004318072
 560 0026 9A60     		str	r2, [r3, #8]
 561 0028 1A69     		ldr	r2, [r3, #16]
 562 002a 42F02002 		orr	r2, r2, #32
 563 002e 1A61     		str	r2, [r3, #16]
 564 0030 1A69     		ldr	r2, [r3, #16]
 565 0032 42F04002 		orr	r2, r2, #64
 566 0036 1A61     		str	r2, [r3, #16]
 567 0038 4FF43020 		mov	r0, #720896
 568 003c FFF7FEFF 		bl	FLASH_WaitForLastOperation
 569 0040 0428     		cmp	r0, #4
 570 0042 09D0     		beq	.L95
 571 0044 0528     		cmp	r0, #5
 572 0046 E6D0     		beq	.L90
 573 0048 114A     		ldr	r2, .L96
 574 004a 1369     		ldr	r3, [r2, #16]
 575 004c 23F01003 		bic	r3, r3, #16
 576 0050 DB04     		lsls	r3, r3, #19
 577 0052 DB0C     		lsrs	r3, r3, #19
 578 0054 1361     		str	r3, [r2, #16]
 579 0056 DEE7     		b	.L90
 580              	.L95:
 581 0058 0D4B     		ldr	r3, .L96
 582 005a 1A69     		ldr	r2, [r3, #16]
 583 005c 22F02002 		bic	r2, r2, #32
 584 0060 D204     		lsls	r2, r2, #19
 585 0062 D20C     		lsrs	r2, r2, #19
 586 0064 1A61     		str	r2, [r3, #16]
 587 0066 1A69     		ldr	r2, [r3, #16]
 588 0068 42F01002 		orr	r2, r2, #16
 589 006c 1A61     		str	r2, [r3, #16]
 590 006e 0A4B     		ldr	r3, .L96+8
 591 0070 1C80     		strh	r4, [r3]	@ movhi
 592 0072 4FF40050 		mov	r0, #8192
 593 0076 FFF7FEFF 		bl	FLASH_WaitForLastOperation
 594 007a 0528     		cmp	r0, #5
 595 007c CBD0     		beq	.L90
 596 007e 044A     		ldr	r2, .L96
 597 0080 1369     		ldr	r3, [r2, #16]
 598 0082 23F01003 		bic	r3, r3, #16
 599 0086 DB04     		lsls	r3, r3, #19
 600 0088 DB0C     		lsrs	r3, r3, #19
 601 008a 1361     		str	r3, [r2, #16]
 602 008c C3E7     		b	.L90
 603              	.L97:
 604 008e 00BF     		.align	2
 605              	.L96:
 606 0090 00200240 		.word	1073881088
 607 0094 23016745 		.word	1164378403
 608 0098 00F8FF1F 		.word	536868864
 610              		.section	.text.FLASH_ProgramWord,"ax",%progbits
ARM GAS  C:\Users\wxpwx\AppData\Local\Temp\ccLVTRig.s 			page 11


 611              		.align	1
 612              		.global	FLASH_ProgramWord
 613              		.syntax unified
 614              		.thumb
 615              		.thumb_func
 617              	FLASH_ProgramWord:
 618              		@ args = 0, pretend = 0, frame = 8
 619              		@ frame_needed = 0, uses_anonymous_args = 0
 620 0000 30B5     		push	{r4, r5, lr}
 621 0002 83B0     		sub	sp, sp, #12
 622 0004 0546     		mov	r5, r0
 623 0006 0C46     		mov	r4, r1
 624 0008 0023     		movs	r3, #0
 625 000a 0193     		str	r3, [sp, #4]
 626 000c 4FF40050 		mov	r0, #8192
 627 0010 FFF7FEFF 		bl	FLASH_WaitForLastOperation
 628 0014 0428     		cmp	r0, #4
 629 0016 01D0     		beq	.L102
 630              	.L99:
 631 0018 03B0     		add	sp, sp, #12
 632              		@ sp needed
 633 001a 30BD     		pop	{r4, r5, pc}
 634              	.L102:
 635 001c 124A     		ldr	r2, .L104
 636 001e 1369     		ldr	r3, [r2, #16]
 637 0020 43F00103 		orr	r3, r3, #1
 638 0024 1361     		str	r3, [r2, #16]
 639 0026 A3B2     		uxth	r3, r4
 640 0028 2B80     		strh	r3, [r5]	@ movhi
 641 002a 4FF40050 		mov	r0, #8192
 642 002e FFF7FEFF 		bl	FLASH_WaitForLastOperation
 643 0032 0428     		cmp	r0, #4
 644 0034 07D0     		beq	.L103
 645 0036 0C4A     		ldr	r2, .L104
 646 0038 1369     		ldr	r3, [r2, #16]
 647 003a 23F00103 		bic	r3, r3, #1
 648 003e DB04     		lsls	r3, r3, #19
 649 0040 DB0C     		lsrs	r3, r3, #19
 650 0042 1361     		str	r3, [r2, #16]
 651 0044 E8E7     		b	.L99
 652              	.L103:
 653 0046 0235     		adds	r5, r5, #2
 654 0048 0195     		str	r5, [sp, #4]
 655 004a 019B     		ldr	r3, [sp, #4]
 656 004c 210C     		lsrs	r1, r4, #16
 657 004e 1980     		strh	r1, [r3]	@ movhi
 658 0050 4FF40050 		mov	r0, #8192
 659 0054 FFF7FEFF 		bl	FLASH_WaitForLastOperation
 660 0058 034A     		ldr	r2, .L104
 661 005a 1369     		ldr	r3, [r2, #16]
 662 005c 23F00103 		bic	r3, r3, #1
 663 0060 DB04     		lsls	r3, r3, #19
 664 0062 DB0C     		lsrs	r3, r3, #19
 665 0064 1361     		str	r3, [r2, #16]
 666 0066 D7E7     		b	.L99
 667              	.L105:
 668              		.align	2
ARM GAS  C:\Users\wxpwx\AppData\Local\Temp\ccLVTRig.s 			page 12


 669              	.L104:
 670 0068 00200240 		.word	1073881088
 672              		.section	.text.FLASH_ProgramHalfWord,"ax",%progbits
 673              		.align	1
 674              		.global	FLASH_ProgramHalfWord
 675              		.syntax unified
 676              		.thumb
 677              		.thumb_func
 679              	FLASH_ProgramHalfWord:
 680              		@ args = 0, pretend = 0, frame = 0
 681              		@ frame_needed = 0, uses_anonymous_args = 0
 682 0000 70B5     		push	{r4, r5, r6, lr}
 683 0002 0446     		mov	r4, r0
 684 0004 0D46     		mov	r5, r1
 685 0006 4FF40050 		mov	r0, #8192
 686 000a FFF7FEFF 		bl	FLASH_WaitForLastOperation
 687 000e 0428     		cmp	r0, #4
 688 0010 00D0     		beq	.L109
 689              	.L107:
 690 0012 70BD     		pop	{r4, r5, r6, pc}
 691              	.L109:
 692 0014 084E     		ldr	r6, .L110
 693 0016 3369     		ldr	r3, [r6, #16]
 694 0018 43F00103 		orr	r3, r3, #1
 695 001c 3361     		str	r3, [r6, #16]
 696 001e 2580     		strh	r5, [r4]	@ movhi
 697 0020 4FF40050 		mov	r0, #8192
 698 0024 FFF7FEFF 		bl	FLASH_WaitForLastOperation
 699 0028 3369     		ldr	r3, [r6, #16]
 700 002a 23F00103 		bic	r3, r3, #1
 701 002e DB04     		lsls	r3, r3, #19
 702 0030 DB0C     		lsrs	r3, r3, #19
 703 0032 3361     		str	r3, [r6, #16]
 704 0034 EDE7     		b	.L107
 705              	.L111:
 706 0036 00BF     		.align	2
 707              	.L110:
 708 0038 00200240 		.word	1073881088
 710              		.section	.text.FLASH_ProgramOptionByteData,"ax",%progbits
 711              		.align	1
 712              		.global	FLASH_ProgramOptionByteData
 713              		.syntax unified
 714              		.thumb
 715              		.thumb_func
 717              	FLASH_ProgramOptionByteData:
 718              		@ args = 0, pretend = 0, frame = 0
 719              		@ frame_needed = 0, uses_anonymous_args = 0
 720 0000 38B5     		push	{r3, r4, r5, lr}
 721 0002 0546     		mov	r5, r0
 722 0004 0C46     		mov	r4, r1
 723 0006 4FF40050 		mov	r0, #8192
 724 000a FFF7FEFF 		bl	FLASH_WaitForLastOperation
 725 000e 0428     		cmp	r0, #4
 726 0010 00D0     		beq	.L115
 727              	.L113:
 728 0012 38BD     		pop	{r3, r4, r5, pc}
 729              	.L115:
ARM GAS  C:\Users\wxpwx\AppData\Local\Temp\ccLVTRig.s 			page 13


 730 0014 0C4B     		ldr	r3, .L116
 731 0016 0D4A     		ldr	r2, .L116+4
 732 0018 9A60     		str	r2, [r3, #8]
 733 001a 02F18832 		add	r2, r2, #-2004318072
 734 001e 9A60     		str	r2, [r3, #8]
 735 0020 1A69     		ldr	r2, [r3, #16]
 736 0022 42F01002 		orr	r2, r2, #16
 737 0026 1A61     		str	r2, [r3, #16]
 738 0028 A1B2     		uxth	r1, r4
 739 002a 2980     		strh	r1, [r5]	@ movhi
 740 002c 4FF40050 		mov	r0, #8192
 741 0030 FFF7FEFF 		bl	FLASH_WaitForLastOperation
 742 0034 0528     		cmp	r0, #5
 743 0036 ECD0     		beq	.L113
 744 0038 034A     		ldr	r2, .L116
 745 003a 1369     		ldr	r3, [r2, #16]
 746 003c 23F01003 		bic	r3, r3, #16
 747 0040 DB04     		lsls	r3, r3, #19
 748 0042 DB0C     		lsrs	r3, r3, #19
 749 0044 1361     		str	r3, [r2, #16]
 750 0046 E4E7     		b	.L113
 751              	.L117:
 752              		.align	2
 753              	.L116:
 754 0048 00200240 		.word	1073881088
 755 004c 23016745 		.word	1164378403
 757              		.section	.text.FLASH_EnableWriteProtection,"ax",%progbits
 758              		.align	1
 759              		.global	FLASH_EnableWriteProtection
 760              		.syntax unified
 761              		.thumb
 762              		.thumb_func
 764              	FLASH_EnableWriteProtection:
 765              		@ args = 0, pretend = 0, frame = 0
 766              		@ frame_needed = 0, uses_anonymous_args = 0
 767 0000 F8B5     		push	{r3, r4, r5, r6, r7, lr}
 768 0002 C043     		mvns	r0, r0
 769 0004 C7B2     		uxtb	r7, r0
 770 0006 C0F30726 		ubfx	r6, r0, #8, #8
 771 000a C0F30745 		ubfx	r5, r0, #16, #8
 772 000e 040E     		lsrs	r4, r0, #24
 773 0010 4FF40050 		mov	r0, #8192
 774 0014 FFF7FEFF 		bl	FLASH_WaitForLastOperation
 775 0018 0428     		cmp	r0, #4
 776 001a 00D0     		beq	.L125
 777              	.L119:
 778 001c F8BD     		pop	{r3, r4, r5, r6, r7, pc}
 779              	.L125:
 780 001e 1F4B     		ldr	r3, .L130
 781 0020 1F4A     		ldr	r2, .L130+4
 782 0022 9A60     		str	r2, [r3, #8]
 783 0024 02F18832 		add	r2, r2, #-2004318072
 784 0028 9A60     		str	r2, [r3, #8]
 785 002a 1A69     		ldr	r2, [r3, #16]
 786 002c 42F01002 		orr	r2, r2, #16
 787 0030 1A61     		str	r2, [r3, #16]
 788 0032 FF2F     		cmp	r7, #255
ARM GAS  C:\Users\wxpwx\AppData\Local\Temp\ccLVTRig.s 			page 14


 789 0034 0FD1     		bne	.L126
 790              	.L120:
 791 0036 0428     		cmp	r0, #4
 792 0038 14D0     		beq	.L127
 793              	.L121:
 794 003a 0428     		cmp	r0, #4
 795 003c 1BD0     		beq	.L128
 796              	.L122:
 797 003e 0428     		cmp	r0, #4
 798 0040 22D0     		beq	.L129
 799              	.L123:
 800 0042 0528     		cmp	r0, #5
 801 0044 EAD0     		beq	.L119
 802 0046 154A     		ldr	r2, .L130
 803 0048 1369     		ldr	r3, [r2, #16]
 804 004a 23F01003 		bic	r3, r3, #16
 805 004e DB04     		lsls	r3, r3, #19
 806 0050 DB0C     		lsrs	r3, r3, #19
 807 0052 1361     		str	r3, [r2, #16]
 808 0054 E2E7     		b	.L119
 809              	.L126:
 810 0056 134B     		ldr	r3, .L130+8
 811 0058 1F81     		strh	r7, [r3, #8]	@ movhi
 812 005a 4FF40050 		mov	r0, #8192
 813 005e FFF7FEFF 		bl	FLASH_WaitForLastOperation
 814 0062 E8E7     		b	.L120
 815              	.L127:
 816 0064 FF2E     		cmp	r6, #255
 817 0066 E8D0     		beq	.L121
 818 0068 0E4B     		ldr	r3, .L130+8
 819 006a 5E81     		strh	r6, [r3, #10]	@ movhi
 820 006c 4FF40050 		mov	r0, #8192
 821 0070 FFF7FEFF 		bl	FLASH_WaitForLastOperation
 822 0074 E1E7     		b	.L121
 823              	.L128:
 824 0076 FF2D     		cmp	r5, #255
 825 0078 E1D0     		beq	.L122
 826 007a 0A4B     		ldr	r3, .L130+8
 827 007c 9D81     		strh	r5, [r3, #12]	@ movhi
 828 007e 4FF40050 		mov	r0, #8192
 829 0082 FFF7FEFF 		bl	FLASH_WaitForLastOperation
 830 0086 DAE7     		b	.L122
 831              	.L129:
 832 0088 FF2C     		cmp	r4, #255
 833 008a DAD0     		beq	.L123
 834 008c 054B     		ldr	r3, .L130+8
 835 008e DC81     		strh	r4, [r3, #14]	@ movhi
 836 0090 4FF40050 		mov	r0, #8192
 837 0094 FFF7FEFF 		bl	FLASH_WaitForLastOperation
 838 0098 D3E7     		b	.L123
 839              	.L131:
 840 009a 00BF     		.align	2
 841              	.L130:
 842 009c 00200240 		.word	1073881088
 843 00a0 23016745 		.word	1164378403
 844 00a4 00F8FF1F 		.word	536868864
 846              		.section	.text.FLASH_ReadOutProtection,"ax",%progbits
ARM GAS  C:\Users\wxpwx\AppData\Local\Temp\ccLVTRig.s 			page 15


 847              		.align	1
 848              		.global	FLASH_ReadOutProtection
 849              		.syntax unified
 850              		.thumb
 851              		.thumb_func
 853              	FLASH_ReadOutProtection:
 854              		@ args = 0, pretend = 0, frame = 0
 855              		@ frame_needed = 0, uses_anonymous_args = 0
 856 0000 10B5     		push	{r4, lr}
 857 0002 0446     		mov	r4, r0
 858 0004 4FF43020 		mov	r0, #720896
 859 0008 FFF7FEFF 		bl	FLASH_WaitForLastOperation
 860 000c 0428     		cmp	r0, #4
 861 000e 00D0     		beq	.L138
 862              	.L133:
 863 0010 10BD     		pop	{r4, pc}
 864              	.L138:
 865 0012 1F4B     		ldr	r3, .L140
 866 0014 1F4A     		ldr	r2, .L140+4
 867 0016 9A60     		str	r2, [r3, #8]
 868 0018 02F18832 		add	r2, r2, #-2004318072
 869 001c 9A60     		str	r2, [r3, #8]
 870 001e 1A69     		ldr	r2, [r3, #16]
 871 0020 42F02002 		orr	r2, r2, #32
 872 0024 1A61     		str	r2, [r3, #16]
 873 0026 1A69     		ldr	r2, [r3, #16]
 874 0028 42F04002 		orr	r2, r2, #64
 875 002c 1A61     		str	r2, [r3, #16]
 876 002e 4FF43020 		mov	r0, #720896
 877 0032 FFF7FEFF 		bl	FLASH_WaitForLastOperation
 878 0036 0428     		cmp	r0, #4
 879 0038 09D0     		beq	.L139
 880 003a 0528     		cmp	r0, #5
 881 003c E8D0     		beq	.L133
 882 003e 144A     		ldr	r2, .L140
 883 0040 1369     		ldr	r3, [r2, #16]
 884 0042 23F02003 		bic	r3, r3, #32
 885 0046 DB04     		lsls	r3, r3, #19
 886 0048 DB0C     		lsrs	r3, r3, #19
 887 004a 1361     		str	r3, [r2, #16]
 888 004c E0E7     		b	.L133
 889              	.L139:
 890 004e 104B     		ldr	r3, .L140
 891 0050 1A69     		ldr	r2, [r3, #16]
 892 0052 22F02002 		bic	r2, r2, #32
 893 0056 D204     		lsls	r2, r2, #19
 894 0058 D20C     		lsrs	r2, r2, #19
 895 005a 1A61     		str	r2, [r3, #16]
 896 005c 1A69     		ldr	r2, [r3, #16]
 897 005e 42F01002 		orr	r2, r2, #16
 898 0062 1A61     		str	r2, [r3, #16]
 899 0064 84B1     		cbz	r4, .L135
 900 0066 0C4B     		ldr	r3, .L140+8
 901 0068 0022     		movs	r2, #0
 902 006a 1A80     		strh	r2, [r3]	@ movhi
 903              	.L136:
 904 006c 4FF43020 		mov	r0, #720896
ARM GAS  C:\Users\wxpwx\AppData\Local\Temp\ccLVTRig.s 			page 16


 905 0070 FFF7FEFF 		bl	FLASH_WaitForLastOperation
 906 0074 0528     		cmp	r0, #5
 907 0076 CBD0     		beq	.L133
 908 0078 054A     		ldr	r2, .L140
 909 007a 1369     		ldr	r3, [r2, #16]
 910 007c 23F01003 		bic	r3, r3, #16
 911 0080 DB04     		lsls	r3, r3, #19
 912 0082 DB0C     		lsrs	r3, r3, #19
 913 0084 1361     		str	r3, [r2, #16]
 914 0086 C3E7     		b	.L133
 915              	.L135:
 916 0088 034B     		ldr	r3, .L140+8
 917 008a A522     		movs	r2, #165
 918 008c 1A80     		strh	r2, [r3]	@ movhi
 919 008e EDE7     		b	.L136
 920              	.L141:
 921              		.align	2
 922              	.L140:
 923 0090 00200240 		.word	1073881088
 924 0094 23016745 		.word	1164378403
 925 0098 00F8FF1F 		.word	536868864
 927              		.section	.text.FLASH_UserOptionByteConfig,"ax",%progbits
 928              		.align	1
 929              		.global	FLASH_UserOptionByteConfig
 930              		.syntax unified
 931              		.thumb
 932              		.thumb_func
 934              	FLASH_UserOptionByteConfig:
 935              		@ args = 0, pretend = 0, frame = 0
 936              		@ frame_needed = 0, uses_anonymous_args = 0
 937 0000 70B5     		push	{r4, r5, r6, lr}
 938 0002 0446     		mov	r4, r0
 939 0004 0D46     		mov	r5, r1
 940 0006 1646     		mov	r6, r2
 941 0008 134B     		ldr	r3, .L146
 942 000a 1448     		ldr	r0, .L146+4
 943 000c 9860     		str	r0, [r3, #8]
 944 000e 00F18830 		add	r0, r0, #-2004318072
 945 0012 9860     		str	r0, [r3, #8]
 946 0014 4FF40050 		mov	r0, #8192
 947 0018 FFF7FEFF 		bl	FLASH_WaitForLastOperation
 948 001c 0428     		cmp	r0, #4
 949 001e 00D0     		beq	.L145
 950              	.L143:
 951 0020 70BD     		pop	{r4, r5, r6, pc}
 952              	.L145:
 953 0022 0D4A     		ldr	r2, .L146
 954 0024 1369     		ldr	r3, [r2, #16]
 955 0026 43F01003 		orr	r3, r3, #16
 956 002a 1361     		str	r3, [r2, #16]
 957 002c 46EA0502 		orr	r2, r6, r5
 958 0030 1443     		orrs	r4, r4, r2
 959 0032 44F0F804 		orr	r4, r4, #248
 960 0036 0A4B     		ldr	r3, .L146+8
 961 0038 5C80     		strh	r4, [r3, #2]	@ movhi
 962 003a 4FF40050 		mov	r0, #8192
 963 003e FFF7FEFF 		bl	FLASH_WaitForLastOperation
ARM GAS  C:\Users\wxpwx\AppData\Local\Temp\ccLVTRig.s 			page 17


 964 0042 0528     		cmp	r0, #5
 965 0044 ECD0     		beq	.L143
 966 0046 044A     		ldr	r2, .L146
 967 0048 1369     		ldr	r3, [r2, #16]
 968 004a 23F01003 		bic	r3, r3, #16
 969 004e DB04     		lsls	r3, r3, #19
 970 0050 DB0C     		lsrs	r3, r3, #19
 971 0052 1361     		str	r3, [r2, #16]
 972 0054 E4E7     		b	.L143
 973              	.L147:
 974 0056 00BF     		.align	2
 975              	.L146:
 976 0058 00200240 		.word	1073881088
 977 005c 23016745 		.word	1164378403
 978 0060 00F8FF1F 		.word	536868864
 980              		.section	.text.FLASH_WaitForLastBank1Operation,"ax",%progbits
 981              		.align	1
 982              		.global	FLASH_WaitForLastBank1Operation
 983              		.syntax unified
 984              		.thumb
 985              		.thumb_func
 987              	FLASH_WaitForLastBank1Operation:
 988              		@ args = 0, pretend = 0, frame = 0
 989              		@ frame_needed = 0, uses_anonymous_args = 0
 990 0000 10B5     		push	{r4, lr}
 991 0002 0446     		mov	r4, r0
 992 0004 FFF7FEFF 		bl	FLASH_GetBank1Status
 993 0008 02E0     		b	.L149
 994              	.L151:
 995 000a FFF7FEFF 		bl	FLASH_GetBank1Status
 996 000e 013C     		subs	r4, r4, #1
 997              	.L149:
 998 0010 0128     		cmp	r0, #1
 999 0012 01D1     		bne	.L150
 1000 0014 002C     		cmp	r4, #0
 1001 0016 F8D1     		bne	.L151
 1002              	.L150:
 1003 0018 04B1     		cbz	r4, .L155
 1004              	.L152:
 1005 001a 10BD     		pop	{r4, pc}
 1006              	.L155:
 1007 001c 0520     		movs	r0, #5
 1008 001e FCE7     		b	.L152
 1010              		.section	.text.FLASH_EraseAllBank1Pages,"ax",%progbits
 1011              		.align	1
 1012              		.global	FLASH_EraseAllBank1Pages
 1013              		.syntax unified
 1014              		.thumb
 1015              		.thumb_func
 1017              	FLASH_EraseAllBank1Pages:
 1018              		@ args = 0, pretend = 0, frame = 0
 1019              		@ frame_needed = 0, uses_anonymous_args = 0
 1020 0000 10B5     		push	{r4, lr}
 1021 0002 4FF43020 		mov	r0, #720896
 1022 0006 FFF7FEFF 		bl	FLASH_WaitForLastBank1Operation
 1023 000a 0428     		cmp	r0, #4
 1024 000c 00D0     		beq	.L159
ARM GAS  C:\Users\wxpwx\AppData\Local\Temp\ccLVTRig.s 			page 18


 1025              	.L157:
 1026 000e 10BD     		pop	{r4, pc}
 1027              	.L159:
 1028 0010 094C     		ldr	r4, .L160
 1029 0012 2369     		ldr	r3, [r4, #16]
 1030 0014 43F00403 		orr	r3, r3, #4
 1031 0018 2361     		str	r3, [r4, #16]
 1032 001a 2369     		ldr	r3, [r4, #16]
 1033 001c 43F04003 		orr	r3, r3, #64
 1034 0020 2361     		str	r3, [r4, #16]
 1035 0022 4FF43020 		mov	r0, #720896
 1036 0026 FFF7FEFF 		bl	FLASH_WaitForLastBank1Operation
 1037 002a 2369     		ldr	r3, [r4, #16]
 1038 002c 23F00403 		bic	r3, r3, #4
 1039 0030 DB04     		lsls	r3, r3, #19
 1040 0032 DB0C     		lsrs	r3, r3, #19
 1041 0034 2361     		str	r3, [r4, #16]
 1042 0036 EAE7     		b	.L157
 1043              	.L161:
 1044              		.align	2
 1045              	.L160:
 1046 0038 00200240 		.word	1073881088
 1048              		.ident	"GCC: (GNU Arm Embedded Toolchain 10.3-2021.10) 10.3.1 20210824 (release)"
ARM GAS  C:\Users\wxpwx\AppData\Local\Temp\ccLVTRig.s 			page 19


DEFINED SYMBOLS
                            *ABS*:00000000 stm32f10x_flash.c
C:\Users\wxpwx\AppData\Local\Temp\ccLVTRig.s:16     .text.FLASH_SetLatency:00000000 $t
C:\Users\wxpwx\AppData\Local\Temp\ccLVTRig.s:22     .text.FLASH_SetLatency:00000000 FLASH_SetLatency
C:\Users\wxpwx\AppData\Local\Temp\ccLVTRig.s:35     .text.FLASH_SetLatency:00000010 $d
C:\Users\wxpwx\AppData\Local\Temp\ccLVTRig.s:38     .text.FLASH_HalfCycleAccessCmd:00000000 $t
C:\Users\wxpwx\AppData\Local\Temp\ccLVTRig.s:44     .text.FLASH_HalfCycleAccessCmd:00000000 FLASH_HalfCycleAccessCmd
C:\Users\wxpwx\AppData\Local\Temp\ccLVTRig.s:59     .text.FLASH_HalfCycleAccessCmd:00000014 $d
C:\Users\wxpwx\AppData\Local\Temp\ccLVTRig.s:62     .text.FLASH_PrefetchBufferCmd:00000000 $t
C:\Users\wxpwx\AppData\Local\Temp\ccLVTRig.s:68     .text.FLASH_PrefetchBufferCmd:00000000 FLASH_PrefetchBufferCmd
C:\Users\wxpwx\AppData\Local\Temp\ccLVTRig.s:83     .text.FLASH_PrefetchBufferCmd:00000014 $d
C:\Users\wxpwx\AppData\Local\Temp\ccLVTRig.s:86     .text.FLASH_Unlock:00000000 $t
C:\Users\wxpwx\AppData\Local\Temp\ccLVTRig.s:92     .text.FLASH_Unlock:00000000 FLASH_Unlock
C:\Users\wxpwx\AppData\Local\Temp\ccLVTRig.s:105    .text.FLASH_Unlock:00000010 $d
C:\Users\wxpwx\AppData\Local\Temp\ccLVTRig.s:109    .text.FLASH_UnlockBank1:00000000 $t
C:\Users\wxpwx\AppData\Local\Temp\ccLVTRig.s:115    .text.FLASH_UnlockBank1:00000000 FLASH_UnlockBank1
C:\Users\wxpwx\AppData\Local\Temp\ccLVTRig.s:128    .text.FLASH_UnlockBank1:00000010 $d
C:\Users\wxpwx\AppData\Local\Temp\ccLVTRig.s:132    .text.FLASH_Lock:00000000 $t
C:\Users\wxpwx\AppData\Local\Temp\ccLVTRig.s:138    .text.FLASH_Lock:00000000 FLASH_Lock
C:\Users\wxpwx\AppData\Local\Temp\ccLVTRig.s:150    .text.FLASH_Lock:0000000c $d
C:\Users\wxpwx\AppData\Local\Temp\ccLVTRig.s:153    .text.FLASH_LockBank1:00000000 $t
C:\Users\wxpwx\AppData\Local\Temp\ccLVTRig.s:159    .text.FLASH_LockBank1:00000000 FLASH_LockBank1
C:\Users\wxpwx\AppData\Local\Temp\ccLVTRig.s:171    .text.FLASH_LockBank1:0000000c $d
C:\Users\wxpwx\AppData\Local\Temp\ccLVTRig.s:174    .text.FLASH_GetUserOptionByte:00000000 $t
C:\Users\wxpwx\AppData\Local\Temp\ccLVTRig.s:180    .text.FLASH_GetUserOptionByte:00000000 FLASH_GetUserOptionByte
C:\Users\wxpwx\AppData\Local\Temp\ccLVTRig.s:191    .text.FLASH_GetUserOptionByte:00000008 $d
C:\Users\wxpwx\AppData\Local\Temp\ccLVTRig.s:194    .text.FLASH_GetWriteProtectionOptionByte:00000000 $t
C:\Users\wxpwx\AppData\Local\Temp\ccLVTRig.s:200    .text.FLASH_GetWriteProtectionOptionByte:00000000 FLASH_GetWriteProtectionOptionByte
C:\Users\wxpwx\AppData\Local\Temp\ccLVTRig.s:210    .text.FLASH_GetWriteProtectionOptionByte:00000008 $d
C:\Users\wxpwx\AppData\Local\Temp\ccLVTRig.s:213    .text.FLASH_GetReadOutProtectionStatus:00000000 $t
C:\Users\wxpwx\AppData\Local\Temp\ccLVTRig.s:219    .text.FLASH_GetReadOutProtectionStatus:00000000 FLASH_GetReadOutProtectionStatus
C:\Users\wxpwx\AppData\Local\Temp\ccLVTRig.s:235    .text.FLASH_GetReadOutProtectionStatus:00000014 $d
C:\Users\wxpwx\AppData\Local\Temp\ccLVTRig.s:238    .text.FLASH_GetPrefetchBufferStatus:00000000 $t
C:\Users\wxpwx\AppData\Local\Temp\ccLVTRig.s:244    .text.FLASH_GetPrefetchBufferStatus:00000000 FLASH_GetPrefetchBufferStatus
C:\Users\wxpwx\AppData\Local\Temp\ccLVTRig.s:260    .text.FLASH_GetPrefetchBufferStatus:00000014 $d
C:\Users\wxpwx\AppData\Local\Temp\ccLVTRig.s:263    .text.FLASH_ITConfig:00000000 $t
C:\Users\wxpwx\AppData\Local\Temp\ccLVTRig.s:269    .text.FLASH_ITConfig:00000000 FLASH_ITConfig
C:\Users\wxpwx\AppData\Local\Temp\ccLVTRig.s:288    .text.FLASH_ITConfig:00000018 $d
C:\Users\wxpwx\AppData\Local\Temp\ccLVTRig.s:291    .text.FLASH_GetFlagStatus:00000000 $t
C:\Users\wxpwx\AppData\Local\Temp\ccLVTRig.s:297    .text.FLASH_GetFlagStatus:00000000 FLASH_GetFlagStatus
C:\Users\wxpwx\AppData\Local\Temp\ccLVTRig.s:324    .text.FLASH_GetFlagStatus:00000024 $d
C:\Users\wxpwx\AppData\Local\Temp\ccLVTRig.s:327    .text.FLASH_ClearFlag:00000000 $t
C:\Users\wxpwx\AppData\Local\Temp\ccLVTRig.s:333    .text.FLASH_ClearFlag:00000000 FLASH_ClearFlag
C:\Users\wxpwx\AppData\Local\Temp\ccLVTRig.s:343    .text.FLASH_ClearFlag:00000008 $d
C:\Users\wxpwx\AppData\Local\Temp\ccLVTRig.s:346    .text.FLASH_GetStatus:00000000 $t
C:\Users\wxpwx\AppData\Local\Temp\ccLVTRig.s:352    .text.FLASH_GetStatus:00000000 FLASH_GetStatus
C:\Users\wxpwx\AppData\Local\Temp\ccLVTRig.s:382    .text.FLASH_GetStatus:00000030 $d
C:\Users\wxpwx\AppData\Local\Temp\ccLVTRig.s:385    .text.FLASH_GetBank1Status:00000000 $t
C:\Users\wxpwx\AppData\Local\Temp\ccLVTRig.s:391    .text.FLASH_GetBank1Status:00000000 FLASH_GetBank1Status
C:\Users\wxpwx\AppData\Local\Temp\ccLVTRig.s:421    .text.FLASH_GetBank1Status:00000030 $d
C:\Users\wxpwx\AppData\Local\Temp\ccLVTRig.s:424    .text.FLASH_WaitForLastOperation:00000000 $t
C:\Users\wxpwx\AppData\Local\Temp\ccLVTRig.s:430    .text.FLASH_WaitForLastOperation:00000000 FLASH_WaitForLastOperation
C:\Users\wxpwx\AppData\Local\Temp\ccLVTRig.s:454    .text.FLASH_ErasePage:00000000 $t
C:\Users\wxpwx\AppData\Local\Temp\ccLVTRig.s:460    .text.FLASH_ErasePage:00000000 FLASH_ErasePage
C:\Users\wxpwx\AppData\Local\Temp\ccLVTRig.s:491    .text.FLASH_ErasePage:0000003c $d
C:\Users\wxpwx\AppData\Local\Temp\ccLVTRig.s:494    .text.FLASH_EraseAllPages:00000000 $t
C:\Users\wxpwx\AppData\Local\Temp\ccLVTRig.s:500    .text.FLASH_EraseAllPages:00000000 FLASH_EraseAllPages
ARM GAS  C:\Users\wxpwx\AppData\Local\Temp\ccLVTRig.s 			page 20


C:\Users\wxpwx\AppData\Local\Temp\ccLVTRig.s:529    .text.FLASH_EraseAllPages:00000038 $d
C:\Users\wxpwx\AppData\Local\Temp\ccLVTRig.s:532    .text.FLASH_EraseOptionBytes:00000000 $t
C:\Users\wxpwx\AppData\Local\Temp\ccLVTRig.s:538    .text.FLASH_EraseOptionBytes:00000000 FLASH_EraseOptionBytes
C:\Users\wxpwx\AppData\Local\Temp\ccLVTRig.s:606    .text.FLASH_EraseOptionBytes:00000090 $d
C:\Users\wxpwx\AppData\Local\Temp\ccLVTRig.s:611    .text.FLASH_ProgramWord:00000000 $t
C:\Users\wxpwx\AppData\Local\Temp\ccLVTRig.s:617    .text.FLASH_ProgramWord:00000000 FLASH_ProgramWord
C:\Users\wxpwx\AppData\Local\Temp\ccLVTRig.s:670    .text.FLASH_ProgramWord:00000068 $d
C:\Users\wxpwx\AppData\Local\Temp\ccLVTRig.s:673    .text.FLASH_ProgramHalfWord:00000000 $t
C:\Users\wxpwx\AppData\Local\Temp\ccLVTRig.s:679    .text.FLASH_ProgramHalfWord:00000000 FLASH_ProgramHalfWord
C:\Users\wxpwx\AppData\Local\Temp\ccLVTRig.s:708    .text.FLASH_ProgramHalfWord:00000038 $d
C:\Users\wxpwx\AppData\Local\Temp\ccLVTRig.s:711    .text.FLASH_ProgramOptionByteData:00000000 $t
C:\Users\wxpwx\AppData\Local\Temp\ccLVTRig.s:717    .text.FLASH_ProgramOptionByteData:00000000 FLASH_ProgramOptionByteData
C:\Users\wxpwx\AppData\Local\Temp\ccLVTRig.s:754    .text.FLASH_ProgramOptionByteData:00000048 $d
C:\Users\wxpwx\AppData\Local\Temp\ccLVTRig.s:758    .text.FLASH_EnableWriteProtection:00000000 $t
C:\Users\wxpwx\AppData\Local\Temp\ccLVTRig.s:764    .text.FLASH_EnableWriteProtection:00000000 FLASH_EnableWriteProtection
C:\Users\wxpwx\AppData\Local\Temp\ccLVTRig.s:842    .text.FLASH_EnableWriteProtection:0000009c $d
C:\Users\wxpwx\AppData\Local\Temp\ccLVTRig.s:847    .text.FLASH_ReadOutProtection:00000000 $t
C:\Users\wxpwx\AppData\Local\Temp\ccLVTRig.s:853    .text.FLASH_ReadOutProtection:00000000 FLASH_ReadOutProtection
C:\Users\wxpwx\AppData\Local\Temp\ccLVTRig.s:923    .text.FLASH_ReadOutProtection:00000090 $d
C:\Users\wxpwx\AppData\Local\Temp\ccLVTRig.s:928    .text.FLASH_UserOptionByteConfig:00000000 $t
C:\Users\wxpwx\AppData\Local\Temp\ccLVTRig.s:934    .text.FLASH_UserOptionByteConfig:00000000 FLASH_UserOptionByteConfig
C:\Users\wxpwx\AppData\Local\Temp\ccLVTRig.s:976    .text.FLASH_UserOptionByteConfig:00000058 $d
C:\Users\wxpwx\AppData\Local\Temp\ccLVTRig.s:981    .text.FLASH_WaitForLastBank1Operation:00000000 $t
C:\Users\wxpwx\AppData\Local\Temp\ccLVTRig.s:987    .text.FLASH_WaitForLastBank1Operation:00000000 FLASH_WaitForLastBank1Operation
C:\Users\wxpwx\AppData\Local\Temp\ccLVTRig.s:1011   .text.FLASH_EraseAllBank1Pages:00000000 $t
C:\Users\wxpwx\AppData\Local\Temp\ccLVTRig.s:1017   .text.FLASH_EraseAllBank1Pages:00000000 FLASH_EraseAllBank1Pages
C:\Users\wxpwx\AppData\Local\Temp\ccLVTRig.s:1046   .text.FLASH_EraseAllBank1Pages:00000038 $d

NO UNDEFINED SYMBOLS
