ARM GAS  C:\Users\wxpwx\AppData\Local\Temp\cc4NvCw8.s 			page 1


   1              		.cpu cortex-m3
   2              		.arch armv7-m
   3              		.fpu softvfp
   4              		.eabi_attribute 20, 1
   5              		.eabi_attribute 21, 1
   6              		.eabi_attribute 23, 3
   7              		.eabi_attribute 24, 1
   8              		.eabi_attribute 25, 1
   9              		.eabi_attribute 26, 1
  10              		.eabi_attribute 30, 1
  11              		.eabi_attribute 34, 1
  12              		.eabi_attribute 18, 4
  13              		.file	"system_stm32f10x.c"
  14              		.text
  15              		.section	.text.SetSysClockTo72,"ax",%progbits
  16              		.align	1
  17              		.syntax unified
  18              		.thumb
  19              		.thumb_func
  21              	SetSysClockTo72:
  22              		@ args = 0, pretend = 0, frame = 8
  23              		@ frame_needed = 0, uses_anonymous_args = 0
  24              		@ link register save eliminated.
  25 0000 82B0     		sub	sp, sp, #8
  26 0002 0023     		movs	r3, #0
  27 0004 0193     		str	r3, [sp, #4]
  28 0006 0093     		str	r3, [sp]
  29 0008 2C4A     		ldr	r2, .L11
  30 000a 1368     		ldr	r3, [r2]
  31 000c 43F48033 		orr	r3, r3, #65536
  32 0010 1360     		str	r3, [r2]
  33              	.L3:
  34 0012 2A4B     		ldr	r3, .L11
  35 0014 1B68     		ldr	r3, [r3]
  36 0016 03F40033 		and	r3, r3, #131072
  37 001a 0093     		str	r3, [sp]
  38 001c 019B     		ldr	r3, [sp, #4]
  39 001e 0133     		adds	r3, r3, #1
  40 0020 0193     		str	r3, [sp, #4]
  41 0022 009B     		ldr	r3, [sp]
  42 0024 1BB9     		cbnz	r3, .L2
  43 0026 019B     		ldr	r3, [sp, #4]
  44 0028 B3F5A06F 		cmp	r3, #1280
  45 002c F1D1     		bne	.L3
  46              	.L2:
  47 002e 234B     		ldr	r3, .L11
  48 0030 1B68     		ldr	r3, [r3]
  49 0032 13F4003F 		tst	r3, #131072
  50 0036 06D0     		beq	.L4
  51 0038 0123     		movs	r3, #1
  52 003a 0093     		str	r3, [sp]
  53              	.L5:
  54 003c 009B     		ldr	r3, [sp]
  55 003e 012B     		cmp	r3, #1
  56 0040 04D0     		beq	.L10
  57              	.L1:
  58 0042 02B0     		add	sp, sp, #8
ARM GAS  C:\Users\wxpwx\AppData\Local\Temp\cc4NvCw8.s 			page 2


  59              		@ sp needed
  60 0044 7047     		bx	lr
  61              	.L4:
  62 0046 0023     		movs	r3, #0
  63 0048 0093     		str	r3, [sp]
  64 004a F7E7     		b	.L5
  65              	.L10:
  66 004c 1C4B     		ldr	r3, .L11+4
  67 004e 1A68     		ldr	r2, [r3]
  68 0050 42F01002 		orr	r2, r2, #16
  69 0054 1A60     		str	r2, [r3]
  70 0056 1A68     		ldr	r2, [r3]
  71 0058 22F00702 		bic	r2, r2, #7
  72 005c 1A60     		str	r2, [r3]
  73 005e 1A68     		ldr	r2, [r3]
  74 0060 42F00202 		orr	r2, r2, #2
  75 0064 1A60     		str	r2, [r3]
  76 0066 A3F58053 		sub	r3, r3, #4096
  77 006a 5A68     		ldr	r2, [r3, #4]
  78 006c 5A60     		str	r2, [r3, #4]
  79 006e 5A68     		ldr	r2, [r3, #4]
  80 0070 5A60     		str	r2, [r3, #4]
  81 0072 5A68     		ldr	r2, [r3, #4]
  82 0074 42F48062 		orr	r2, r2, #1024
  83 0078 5A60     		str	r2, [r3, #4]
  84 007a 5A68     		ldr	r2, [r3, #4]
  85 007c 22F47C12 		bic	r2, r2, #4128768
  86 0080 5A60     		str	r2, [r3, #4]
  87 0082 5A68     		ldr	r2, [r3, #4]
  88 0084 42F4E812 		orr	r2, r2, #1900544
  89 0088 5A60     		str	r2, [r3, #4]
  90 008a 1A68     		ldr	r2, [r3]
  91 008c 42F08072 		orr	r2, r2, #16777216
  92 0090 1A60     		str	r2, [r3]
  93              	.L7:
  94 0092 0A4B     		ldr	r3, .L11
  95 0094 1B68     		ldr	r3, [r3]
  96 0096 13F0007F 		tst	r3, #33554432
  97 009a FAD0     		beq	.L7
  98 009c 074B     		ldr	r3, .L11
  99 009e 5A68     		ldr	r2, [r3, #4]
 100 00a0 22F00302 		bic	r2, r2, #3
 101 00a4 5A60     		str	r2, [r3, #4]
 102 00a6 5A68     		ldr	r2, [r3, #4]
 103 00a8 42F00202 		orr	r2, r2, #2
 104 00ac 5A60     		str	r2, [r3, #4]
 105              	.L8:
 106 00ae 034B     		ldr	r3, .L11
 107 00b0 5B68     		ldr	r3, [r3, #4]
 108 00b2 03F00C03 		and	r3, r3, #12
 109 00b6 082B     		cmp	r3, #8
 110 00b8 F9D1     		bne	.L8
 111 00ba C2E7     		b	.L1
 112              	.L12:
 113              		.align	2
 114              	.L11:
 115 00bc 00100240 		.word	1073876992
ARM GAS  C:\Users\wxpwx\AppData\Local\Temp\cc4NvCw8.s 			page 3


 116 00c0 00200240 		.word	1073881088
 118              		.section	.text.SetSysClock,"ax",%progbits
 119              		.align	1
 120              		.syntax unified
 121              		.thumb
 122              		.thumb_func
 124              	SetSysClock:
 125              		@ args = 0, pretend = 0, frame = 0
 126              		@ frame_needed = 0, uses_anonymous_args = 0
 127 0000 08B5     		push	{r3, lr}
 128 0002 FFF7FEFF 		bl	SetSysClockTo72
 129 0006 08BD     		pop	{r3, pc}
 131              		.section	.text.SystemInit,"ax",%progbits
 132              		.align	1
 133              		.global	SystemInit
 134              		.syntax unified
 135              		.thumb
 136              		.thumb_func
 138              	SystemInit:
 139              		@ args = 0, pretend = 0, frame = 0
 140              		@ frame_needed = 0, uses_anonymous_args = 0
 141 0000 08B5     		push	{r3, lr}
 142 0002 104B     		ldr	r3, .L17
 143 0004 1A68     		ldr	r2, [r3]
 144 0006 42F00102 		orr	r2, r2, #1
 145 000a 1A60     		str	r2, [r3]
 146 000c 5968     		ldr	r1, [r3, #4]
 147 000e 0E4A     		ldr	r2, .L17+4
 148 0010 0A40     		ands	r2, r2, r1
 149 0012 5A60     		str	r2, [r3, #4]
 150 0014 1A68     		ldr	r2, [r3]
 151 0016 22F08472 		bic	r2, r2, #17301504
 152 001a 22F48032 		bic	r2, r2, #65536
 153 001e 1A60     		str	r2, [r3]
 154 0020 1A68     		ldr	r2, [r3]
 155 0022 22F48022 		bic	r2, r2, #262144
 156 0026 1A60     		str	r2, [r3]
 157 0028 5A68     		ldr	r2, [r3, #4]
 158 002a 22F4FE02 		bic	r2, r2, #8323072
 159 002e 5A60     		str	r2, [r3, #4]
 160 0030 4FF41F02 		mov	r2, #10420224
 161 0034 9A60     		str	r2, [r3, #8]
 162 0036 FFF7FEFF 		bl	SetSysClock
 163 003a 044B     		ldr	r3, .L17+8
 164 003c 4FF00062 		mov	r2, #134217728
 165 0040 9A60     		str	r2, [r3, #8]
 166 0042 08BD     		pop	{r3, pc}
 167              	.L18:
 168              		.align	2
 169              	.L17:
 170 0044 00100240 		.word	1073876992
 171 0048 0000FFF8 		.word	-117506048
 172 004c 00ED00E0 		.word	-536810240
 174              		.section	.text.SystemCoreClockUpdate,"ax",%progbits
 175              		.align	1
 176              		.global	SystemCoreClockUpdate
 177              		.syntax unified
ARM GAS  C:\Users\wxpwx\AppData\Local\Temp\cc4NvCw8.s 			page 4


 178              		.thumb
 179              		.thumb_func
 181              	SystemCoreClockUpdate:
 182              		@ args = 0, pretend = 0, frame = 0
 183              		@ frame_needed = 0, uses_anonymous_args = 0
 184              		@ link register save eliminated.
 185 0000 1F4B     		ldr	r3, .L27
 186 0002 5B68     		ldr	r3, [r3, #4]
 187 0004 03F00C03 		and	r3, r3, #12
 188 0008 042B     		cmp	r3, #4
 189 000a 15D0     		beq	.L20
 190 000c 082B     		cmp	r3, #8
 191 000e 17D0     		beq	.L21
 192 0010 1BB1     		cbz	r3, .L26
 193 0012 1C4B     		ldr	r3, .L27+4
 194 0014 1C4A     		ldr	r2, .L27+8
 195 0016 1A60     		str	r2, [r3]
 196 0018 02E0     		b	.L23
 197              	.L26:
 198 001a 1A4B     		ldr	r3, .L27+4
 199 001c 1A4A     		ldr	r2, .L27+8
 200 001e 1A60     		str	r2, [r3]
 201              	.L23:
 202 0020 174B     		ldr	r3, .L27
 203 0022 5B68     		ldr	r3, [r3, #4]
 204 0024 C3F30313 		ubfx	r3, r3, #4, #4
 205 0028 184A     		ldr	r2, .L27+12
 206 002a D35C     		ldrb	r3, [r2, r3]	@ zero_extendqisi2
 207 002c DAB2     		uxtb	r2, r3
 208 002e 1549     		ldr	r1, .L27+4
 209 0030 0B68     		ldr	r3, [r1]
 210 0032 D340     		lsrs	r3, r3, r2
 211 0034 0B60     		str	r3, [r1]
 212 0036 7047     		bx	lr
 213              	.L20:
 214 0038 124B     		ldr	r3, .L27+4
 215 003a 134A     		ldr	r2, .L27+8
 216 003c 1A60     		str	r2, [r3]
 217 003e EFE7     		b	.L23
 218              	.L21:
 219 0040 0F4A     		ldr	r2, .L27
 220 0042 5368     		ldr	r3, [r2, #4]
 221 0044 5268     		ldr	r2, [r2, #4]
 222 0046 C3F38343 		ubfx	r3, r3, #18, #4
 223 004a 0233     		adds	r3, r3, #2
 224 004c 12F4803F 		tst	r2, #65536
 225 0050 05D1     		bne	.L24
 226 0052 0F4A     		ldr	r2, .L27+16
 227 0054 02FB03F3 		mul	r3, r2, r3
 228 0058 0A4A     		ldr	r2, .L27+4
 229 005a 1360     		str	r3, [r2]
 230 005c E0E7     		b	.L23
 231              	.L24:
 232 005e 084A     		ldr	r2, .L27
 233 0060 5268     		ldr	r2, [r2, #4]
 234 0062 12F4003F 		tst	r2, #131072
 235 0066 05D0     		beq	.L25
ARM GAS  C:\Users\wxpwx\AppData\Local\Temp\cc4NvCw8.s 			page 5


 236 0068 094A     		ldr	r2, .L27+16
 237 006a 02FB03F3 		mul	r3, r2, r3
 238 006e 054A     		ldr	r2, .L27+4
 239 0070 1360     		str	r3, [r2]
 240 0072 D5E7     		b	.L23
 241              	.L25:
 242 0074 044A     		ldr	r2, .L27+8
 243 0076 02FB03F3 		mul	r3, r2, r3
 244 007a 024A     		ldr	r2, .L27+4
 245 007c 1360     		str	r3, [r2]
 246 007e CFE7     		b	.L23
 247              	.L28:
 248              		.align	2
 249              	.L27:
 250 0080 00100240 		.word	1073876992
 251 0084 00000000 		.word	.LANCHOR0
 252 0088 00127A00 		.word	8000000
 253 008c 00000000 		.word	.LANCHOR1
 254 0090 00093D00 		.word	4000000
 256              		.global	AHBPrescTable
 257              		.global	SystemCoreClock
 258              		.section	.data.AHBPrescTable,"aw"
 259              		.align	2
 260              		.set	.LANCHOR1,. + 0
 263              	AHBPrescTable:
 264 0000 00000000 		.ascii	"\000\000\000\000\000\000\000\000\001\002\003\004\006"
 264      00000000 
 264      01020304 
 264      06
 265 000d 070809   		.ascii	"\007\010\011"
 266              		.section	.data.SystemCoreClock,"aw"
 267              		.align	2
 268              		.set	.LANCHOR0,. + 0
 271              	SystemCoreClock:
 272 0000 00A24A04 		.word	72000000
 273              		.ident	"GCC: (GNU Arm Embedded Toolchain 10.3-2021.10) 10.3.1 20210824 (release)"
ARM GAS  C:\Users\wxpwx\AppData\Local\Temp\cc4NvCw8.s 			page 6


DEFINED SYMBOLS
                            *ABS*:00000000 system_stm32f10x.c
C:\Users\wxpwx\AppData\Local\Temp\cc4NvCw8.s:16     .text.SetSysClockTo72:00000000 $t
C:\Users\wxpwx\AppData\Local\Temp\cc4NvCw8.s:21     .text.SetSysClockTo72:00000000 SetSysClockTo72
C:\Users\wxpwx\AppData\Local\Temp\cc4NvCw8.s:115    .text.SetSysClockTo72:000000bc $d
C:\Users\wxpwx\AppData\Local\Temp\cc4NvCw8.s:119    .text.SetSysClock:00000000 $t
C:\Users\wxpwx\AppData\Local\Temp\cc4NvCw8.s:124    .text.SetSysClock:00000000 SetSysClock
C:\Users\wxpwx\AppData\Local\Temp\cc4NvCw8.s:132    .text.SystemInit:00000000 $t
C:\Users\wxpwx\AppData\Local\Temp\cc4NvCw8.s:138    .text.SystemInit:00000000 SystemInit
C:\Users\wxpwx\AppData\Local\Temp\cc4NvCw8.s:170    .text.SystemInit:00000044 $d
C:\Users\wxpwx\AppData\Local\Temp\cc4NvCw8.s:175    .text.SystemCoreClockUpdate:00000000 $t
C:\Users\wxpwx\AppData\Local\Temp\cc4NvCw8.s:181    .text.SystemCoreClockUpdate:00000000 SystemCoreClockUpdate
C:\Users\wxpwx\AppData\Local\Temp\cc4NvCw8.s:250    .text.SystemCoreClockUpdate:00000080 $d
C:\Users\wxpwx\AppData\Local\Temp\cc4NvCw8.s:263    .data.AHBPrescTable:00000000 AHBPrescTable
C:\Users\wxpwx\AppData\Local\Temp\cc4NvCw8.s:271    .data.SystemCoreClock:00000000 SystemCoreClock
C:\Users\wxpwx\AppData\Local\Temp\cc4NvCw8.s:259    .data.AHBPrescTable:00000000 $d
C:\Users\wxpwx\AppData\Local\Temp\cc4NvCw8.s:267    .data.SystemCoreClock:00000000 $d

NO UNDEFINED SYMBOLS
