ARM GAS  C:\Users\UXP\AppData\Local\Temp\ccUdgjts.s 			page 1


   1              		.cpu cortex-m3
   2              		.arch armv7-m
   3              		.fpu softvfp
   4              		.eabi_attribute 20, 1
   5              		.eabi_attribute 21, 1
   6              		.eabi_attribute 23, 3
   7              		.eabi_attribute 24, 1
   8              		.eabi_attribute 25, 1
   9              		.eabi_attribute 26, 1
  10              		.eabi_attribute 30, 1
  11              		.eabi_attribute 34, 1
  12              		.eabi_attribute 18, 4
  13              		.file	"main.c"
  14              		.text
  15              		.section	.text.main,"ax",%progbits
  16              		.align	1
  17              		.global	main
  18              		.syntax unified
  19              		.thumb
  20              		.thumb_func
  22              	main:
  23              		@ Volatile: function does not return.
  24              		@ args = 0, pretend = 0, frame = 8
  25              		@ frame_needed = 0, uses_anonymous_args = 0
  26 0000 00B5     		push	{lr}
  27 0002 83B0     		sub	sp, sp, #12
  28 0004 0121     		movs	r1, #1
  29 0006 0420     		movs	r0, #4
  30 0008 FFF7FEFF 		bl	RCC_APB2PeriphClockCmd
  31 000c 1023     		movs	r3, #16
  32 000e 8DF80730 		strb	r3, [sp, #7]
  33 0012 4FF48075 		mov	r5, #256
  34 0016 ADF80450 		strh	r5, [sp, #4]	@ movhi
  35 001a 0323     		movs	r3, #3
  36 001c 8DF80630 		strb	r3, [sp, #6]
  37 0020 044C     		ldr	r4, .L4
  38 0022 01A9     		add	r1, sp, #4
  39 0024 2046     		mov	r0, r4
  40 0026 FFF7FEFF 		bl	GPIO_Init
  41 002a 2946     		mov	r1, r5
  42 002c 2046     		mov	r0, r4
  43 002e FFF7FEFF 		bl	GPIO_ResetBits
  44              	.L2:
  45 0032 FEE7     		b	.L2
  46              	.L5:
  47              		.align	2
  48              	.L4:
  49 0034 00080140 		.word	1073809408
  51              		.ident	"GCC: (Arm GNU Toolchain 14.3.Rel1 (Build arm-14.174)) 14.3.1 20250623"
ARM GAS  C:\Users\UXP\AppData\Local\Temp\ccUdgjts.s 			page 2


DEFINED SYMBOLS
                            *ABS*:00000000 main.c
C:\Users\UXP\AppData\Local\Temp\ccUdgjts.s:16     .text.main:00000000 $t
C:\Users\UXP\AppData\Local\Temp\ccUdgjts.s:22     .text.main:00000000 main
C:\Users\UXP\AppData\Local\Temp\ccUdgjts.s:49     .text.main:00000034 $d

UNDEFINED SYMBOLS
RCC_APB2PeriphClockCmd
GPIO_Init
GPIO_ResetBits
