ARM GAS  C:\Users\UXP\AppData\Local\Temp\ccg711Wc.s 			page 1


   1              		.cpu cortex-m3
   2              		.arch armv7-m
   3              		.fpu softvfp
   4              		.eabi_attribute 20, 1
   5              		.eabi_attribute 21, 1
   6              		.eabi_attribute 23, 3
   7              		.eabi_attribute 24, 1
   8              		.eabi_attribute 25, 1
   9              		.eabi_attribute 26, 1
  10              		.eabi_attribute 30, 1
  11              		.eabi_attribute 34, 1
  12              		.eabi_attribute 18, 4
  13              		.file	"misc.c"
  14              		.text
  15              		.section	.text.NVIC_PriorityGroupConfig,"ax",%progbits
  16              		.align	1
  17              		.global	NVIC_PriorityGroupConfig
  18              		.syntax unified
  19              		.thumb
  20              		.thumb_func
  22              	NVIC_PriorityGroupConfig:
  23              		@ args = 0, pretend = 0, frame = 0
  24              		@ frame_needed = 0, uses_anonymous_args = 0
  25              		@ link register save eliminated.
  26 0000 40F0BF60 		orr	r0, r0, #100139008
  27 0004 40F40030 		orr	r0, r0, #131072
  28 0008 014B     		ldr	r3, .L2
  29 000a D860     		str	r0, [r3, #12]
  30 000c 7047     		bx	lr
  31              	.L3:
  32 000e 00BF     		.align	2
  33              	.L2:
  34 0010 00ED00E0 		.word	-536810240
  36              		.section	.text.NVIC_Init,"ax",%progbits
  37              		.align	1
  38              		.global	NVIC_Init
  39              		.syntax unified
  40              		.thumb
  41              		.thumb_func
  43              	NVIC_Init:
  44              		@ args = 0, pretend = 0, frame = 0
  45              		@ frame_needed = 0, uses_anonymous_args = 0
  46              		@ link register save eliminated.
  47 0000 C378     		ldrb	r3, [r0, #3]	@ zero_extendqisi2
  48 0002 F3B1     		cbz	r3, .L5
  49 0004 144B     		ldr	r3, .L7
  50 0006 DB68     		ldr	r3, [r3, #12]
  51 0008 DB43     		mvns	r3, r3
  52 000a C3F30223 		ubfx	r3, r3, #8, #3
  53 000e C3F1040C 		rsb	ip, r3, #4
  54 0012 0F21     		movs	r1, #15
  55 0014 D940     		lsrs	r1, r1, r3
  56 0016 4278     		ldrb	r2, [r0, #1]	@ zero_extendqisi2
  57 0018 02FA0CF2 		lsl	r2, r2, ip
  58 001c 8378     		ldrb	r3, [r0, #2]	@ zero_extendqisi2
  59 001e 0B40     		ands	r3, r3, r1
  60 0020 1343     		orrs	r3, r3, r2
ARM GAS  C:\Users\UXP\AppData\Local\Temp\ccg711Wc.s 			page 2


  61 0022 0278     		ldrb	r2, [r0]	@ zero_extendqisi2
  62 0024 1B01     		lsls	r3, r3, #4
  63 0026 DBB2     		uxtb	r3, r3
  64 0028 0C49     		ldr	r1, .L7+4
  65 002a 0A44     		add	r2, r2, r1
  66 002c 82F80033 		strb	r3, [r2, #768]
  67 0030 0378     		ldrb	r3, [r0]	@ zero_extendqisi2
  68 0032 03F01F00 		and	r0, r3, #31
  69 0036 5B09     		lsrs	r3, r3, #5
  70 0038 0122     		movs	r2, #1
  71 003a 8240     		lsls	r2, r2, r0
  72 003c 41F82320 		str	r2, [r1, r3, lsl #2]
  73 0040 7047     		bx	lr
  74              	.L5:
  75 0042 0378     		ldrb	r3, [r0]	@ zero_extendqisi2
  76 0044 03F01F01 		and	r1, r3, #31
  77 0048 5B09     		lsrs	r3, r3, #5
  78 004a 0122     		movs	r2, #1
  79 004c 8A40     		lsls	r2, r2, r1
  80 004e 2033     		adds	r3, r3, #32
  81 0050 0249     		ldr	r1, .L7+4
  82 0052 41F82320 		str	r2, [r1, r3, lsl #2]
  83 0056 7047     		bx	lr
  84              	.L8:
  85              		.align	2
  86              	.L7:
  87 0058 00ED00E0 		.word	-536810240
  88 005c 00E100E0 		.word	-536813312
  90              		.section	.text.NVIC_SetVectorTable,"ax",%progbits
  91              		.align	1
  92              		.global	NVIC_SetVectorTable
  93              		.syntax unified
  94              		.thumb
  95              		.thumb_func
  97              	NVIC_SetVectorTable:
  98              		@ args = 0, pretend = 0, frame = 0
  99              		@ frame_needed = 0, uses_anonymous_args = 0
 100              		@ link register save eliminated.
 101 0000 21F06041 		bic	r1, r1, #-536870912
 102 0004 21F07F01 		bic	r1, r1, #127
 103 0008 0143     		orrs	r1, r1, r0
 104 000a 014B     		ldr	r3, .L10
 105 000c 9960     		str	r1, [r3, #8]
 106 000e 7047     		bx	lr
 107              	.L11:
 108              		.align	2
 109              	.L10:
 110 0010 00ED00E0 		.word	-536810240
 112              		.section	.text.NVIC_SystemLPConfig,"ax",%progbits
 113              		.align	1
 114              		.global	NVIC_SystemLPConfig
 115              		.syntax unified
 116              		.thumb
 117              		.thumb_func
 119              	NVIC_SystemLPConfig:
 120              		@ args = 0, pretend = 0, frame = 0
 121              		@ frame_needed = 0, uses_anonymous_args = 0
ARM GAS  C:\Users\UXP\AppData\Local\Temp\ccg711Wc.s 			page 3


 122              		@ link register save eliminated.
 123 0000 21B1     		cbz	r1, .L13
 124 0002 054B     		ldr	r3, .L15
 125 0004 1A69     		ldr	r2, [r3, #16]
 126 0006 1043     		orrs	r0, r0, r2
 127 0008 1861     		str	r0, [r3, #16]
 128 000a 7047     		bx	lr
 129              	.L13:
 130 000c 024A     		ldr	r2, .L15
 131 000e 1369     		ldr	r3, [r2, #16]
 132 0010 23EA0003 		bic	r3, r3, r0
 133 0014 1361     		str	r3, [r2, #16]
 134 0016 7047     		bx	lr
 135              	.L16:
 136              		.align	2
 137              	.L15:
 138 0018 00ED00E0 		.word	-536810240
 140              		.section	.text.SysTick_CLKSourceConfig,"ax",%progbits
 141              		.align	1
 142              		.global	SysTick_CLKSourceConfig
 143              		.syntax unified
 144              		.thumb
 145              		.thumb_func
 147              	SysTick_CLKSourceConfig:
 148              		@ args = 0, pretend = 0, frame = 0
 149              		@ frame_needed = 0, uses_anonymous_args = 0
 150              		@ link register save eliminated.
 151 0000 0428     		cmp	r0, #4
 152 0002 06D0     		beq	.L20
 153 0004 4FF0E022 		mov	r2, #-536813568
 154 0008 1369     		ldr	r3, [r2, #16]
 155 000a 23F00403 		bic	r3, r3, #4
 156 000e 1361     		str	r3, [r2, #16]
 157 0010 7047     		bx	lr
 158              	.L20:
 159 0012 4FF0E022 		mov	r2, #-536813568
 160 0016 1369     		ldr	r3, [r2, #16]
 161 0018 43F00403 		orr	r3, r3, #4
 162 001c 1361     		str	r3, [r2, #16]
 163 001e 7047     		bx	lr
 165              		.ident	"GCC: (Arm GNU Toolchain 14.3.Rel1 (Build arm-14.174)) 14.3.1 20250623"
ARM GAS  C:\Users\UXP\AppData\Local\Temp\ccg711Wc.s 			page 4


DEFINED SYMBOLS
                            *ABS*:00000000 misc.c
C:\Users\UXP\AppData\Local\Temp\ccg711Wc.s:16     .text.NVIC_PriorityGroupConfig:00000000 $t
C:\Users\UXP\AppData\Local\Temp\ccg711Wc.s:22     .text.NVIC_PriorityGroupConfig:00000000 NVIC_PriorityGroupConfig
C:\Users\UXP\AppData\Local\Temp\ccg711Wc.s:34     .text.NVIC_PriorityGroupConfig:00000010 $d
C:\Users\UXP\AppData\Local\Temp\ccg711Wc.s:37     .text.NVIC_Init:00000000 $t
C:\Users\UXP\AppData\Local\Temp\ccg711Wc.s:43     .text.NVIC_Init:00000000 NVIC_Init
C:\Users\UXP\AppData\Local\Temp\ccg711Wc.s:87     .text.NVIC_Init:00000058 $d
C:\Users\UXP\AppData\Local\Temp\ccg711Wc.s:91     .text.NVIC_SetVectorTable:00000000 $t
C:\Users\UXP\AppData\Local\Temp\ccg711Wc.s:97     .text.NVIC_SetVectorTable:00000000 NVIC_SetVectorTable
C:\Users\UXP\AppData\Local\Temp\ccg711Wc.s:110    .text.NVIC_SetVectorTable:00000010 $d
C:\Users\UXP\AppData\Local\Temp\ccg711Wc.s:113    .text.NVIC_SystemLPConfig:00000000 $t
C:\Users\UXP\AppData\Local\Temp\ccg711Wc.s:119    .text.NVIC_SystemLPConfig:00000000 NVIC_SystemLPConfig
C:\Users\UXP\AppData\Local\Temp\ccg711Wc.s:138    .text.NVIC_SystemLPConfig:00000018 $d
C:\Users\UXP\AppData\Local\Temp\ccg711Wc.s:141    .text.SysTick_CLKSourceConfig:00000000 $t
C:\Users\UXP\AppData\Local\Temp\ccg711Wc.s:147    .text.SysTick_CLKSourceConfig:00000000 SysTick_CLKSourceConfig

NO UNDEFINED SYMBOLS
