ARM GAS  C:\Users\UXP\AppData\Local\Temp\ccQgvCKs.s 			page 1


   1              		.cpu cortex-m3
   2              		.arch armv7-m
   3              		.fpu softvfp
   4              		.eabi_attribute 20, 1
   5              		.eabi_attribute 21, 1
   6              		.eabi_attribute 23, 3
   7              		.eabi_attribute 24, 1
   8              		.eabi_attribute 25, 1
   9              		.eabi_attribute 26, 1
  10              		.eabi_attribute 30, 1
  11              		.eabi_attribute 34, 1
  12              		.eabi_attribute 18, 4
  13              		.file	"sys.c"
  14              		.text
  15              		.section	.text.WFI_SET,"ax",%progbits
  16              		.align	1
  17              		.global	WFI_SET
  18              		.syntax unified
  19              		.thumb
  20              		.thumb_func
  22              	WFI_SET:
  23              		@ args = 0, pretend = 0, frame = 0
  24              		@ frame_needed = 0, uses_anonymous_args = 0
  25              		@ link register save eliminated.
  26              		.syntax unified
  27              	@ 37 "..\System\src/sys.c" 1
  28 0000 30BF     		wfi
  29              	@ 0 "" 2
  30              		.thumb
  31              		.syntax unified
  32 0002 7047     		bx	lr
  34              		.section	.text.INTX_DISABLE,"ax",%progbits
  35              		.align	1
  36              		.global	INTX_DISABLE
  37              		.syntax unified
  38              		.thumb
  39              		.thumb_func
  41              	INTX_DISABLE:
  42              		@ args = 0, pretend = 0, frame = 0
  43              		@ frame_needed = 0, uses_anonymous_args = 0
  44              		@ link register save eliminated.
  45              		.syntax unified
  46              	@ 47 "..\System\src/sys.c" 1
  47 0000 72B6     		cpsid i
  48              	@ 0 "" 2
  49              		.thumb
  50              		.syntax unified
  51 0002 7047     		bx	lr
  53              		.section	.text.INTX_ENABLE,"ax",%progbits
  54              		.align	1
  55              		.global	INTX_ENABLE
  56              		.syntax unified
  57              		.thumb
  58              		.thumb_func
  60              	INTX_ENABLE:
  61              		@ args = 0, pretend = 0, frame = 0
  62              		@ frame_needed = 0, uses_anonymous_args = 0
ARM GAS  C:\Users\UXP\AppData\Local\Temp\ccQgvCKs.s 			page 2


  63              		@ link register save eliminated.
  64              		.syntax unified
  65              	@ 57 "..\System\src/sys.c" 1
  66 0000 62B6     		cpsie i
  67              	@ 0 "" 2
  68              		.thumb
  69              		.syntax unified
  70 0002 7047     		bx	lr
  72              		.section	.text.MSR_MSP,"ax",%progbits
  73              		.align	1
  74              		.global	MSR_MSP
  75              		.syntax unified
  76              		.thumb
  77              		.thumb_func
  79              	MSR_MSP:
  80              		@ Naked Function: prologue and epilogue provided by programmer.
  81              		@ args = 0, pretend = 0, frame = 0
  82              		@ frame_needed = 0, uses_anonymous_args = 0
  83              		.syntax unified
  84              	@ 67 "..\System\src/sys.c" 1
  85 0000 80F30888 		MSR MSP, r0
  86 0004 7047     	BX r14
  87              	
  88              	@ 0 "" 2
  89              		.thumb
  90              		.syntax unified
  92              		.ident	"GCC: (Arm GNU Toolchain 14.3.Rel1 (Build arm-14.174)) 14.3.1 20250623"
ARM GAS  C:\Users\UXP\AppData\Local\Temp\ccQgvCKs.s 			page 3


DEFINED SYMBOLS
                            *ABS*:00000000 sys.c
C:\Users\UXP\AppData\Local\Temp\ccQgvCKs.s:16     .text.WFI_SET:00000000 $t
C:\Users\UXP\AppData\Local\Temp\ccQgvCKs.s:22     .text.WFI_SET:00000000 WFI_SET
C:\Users\UXP\AppData\Local\Temp\ccQgvCKs.s:35     .text.INTX_DISABLE:00000000 $t
C:\Users\UXP\AppData\Local\Temp\ccQgvCKs.s:41     .text.INTX_DISABLE:00000000 INTX_DISABLE
C:\Users\UXP\AppData\Local\Temp\ccQgvCKs.s:54     .text.INTX_ENABLE:00000000 $t
C:\Users\UXP\AppData\Local\Temp\ccQgvCKs.s:60     .text.INTX_ENABLE:00000000 INTX_ENABLE
C:\Users\UXP\AppData\Local\Temp\ccQgvCKs.s:73     .text.MSR_MSP:00000000 $t
C:\Users\UXP\AppData\Local\Temp\ccQgvCKs.s:79     .text.MSR_MSP:00000000 MSR_MSP

NO UNDEFINED SYMBOLS
